============================= test session starts =============================
platform win32 -- Python 3.13.3, pytest-9.1.1, pluggy-1.5.0
benchmark: 4.0.0 (defaults: timer=time.perf_counter disable_gc=False min_rounds=5 min_time=0.000005 max_time=1.0 calibration_precision=10 warmup=False warmup_iterations=100000)
rootdir: D:\coredentist\coredent-api
configfile: pytest.ini
plugins: anyio-4.9.0, Faker-22.2.0, langsmith-0.3.42, asyncio-1.4.0, benchmark-4.0.0, cov-6.3.0, mock-3.12.0, timeout-2.4.0, xdist-3.5.0
asyncio: mode=Mode.AUTO, debug=False, asyncio_default_fixture_loop_scope=None, asyncio_default_test_loop_scope=function
collected 895 items

tests\test_api_health.py ...                                             [  0%]
tests\test_appointments.py ..............                                [  1%]
tests\test_appointments_contract.py ..                                   [  2%]
tests\test_audit.py ....                                                 [  2%]
tests\test_auth.py .................                                     [  4%]
tests\test_billing.py .....................                              [  6%]
tests\test_billing_comprehensive.py .......................              [  9%]
tests\test_booking.py ...........................                        [ 12%]
tests\test_booking_comprehensive.py ......                               [ 13%]
tests\test_booking_concurrency.py .                                      [ 13%]
tests\test_booking_service.py ...                                        [ 13%]
tests\test_celery_worker_config.py .                                     [ 13%]
tests\test_clinical.py ...                                               [ 13%]
tests\test_clinical_comprehensive.py ......                              [ 14%]
tests\test_communication_tasks.py .............                          [ 16%]
tests\test_communications.py ...................                         [ 18%]
tests\test_communications_service.py ..................                  [ 20%]
tests\test_config.py ........                                            [ 21%]
tests\test_daily_summary_outbox.py ..                                    [ 21%]
tests\test_documents.py ......                                           [ 22%]
tests\test_documents_audit.py .                                          [ 22%]
tests\test_documents_comprehensive.py .....                              [ 22%]
tests\test_dr_recovery.py ...                                            [ 23%]
tests\test_dunning_task.py .....                                         [ 23%]
tests\test_e2e_funnel.py .                                               [ 23%]
tests\test_edi.py ...........................                            [ 26%]
tests\test_encryption.py .......                                         [ 27%]
tests\test_enterprise.py ........                                        [ 28%]
tests\test_file_security.py ............................................ [ 33%]
.                                                                        [ 33%]
tests\test_imaging_service.py ..........                                 [ 34%]
tests\test_insurance.py ........                                         [ 35%]
tests\test_insurance_comprehensive.py ..........                         [ 36%]
tests\test_inventory.py ......                                           [ 37%]
tests\test_inventory_comprehensive.py .......                            [ 37%]
tests\test_kms.py ....................                                   [ 40%]
tests\test_lab_vendor_referral_source_invoice.py .........               [ 41%]
tests\test_labs.py .......                                               [ 42%]
tests\test_labs_comprehensive.py ......                                  [ 42%]
tests\test_main.py .............                                         [ 44%]
tests\test_overdue_invoice_sweep.py ...                                  [ 44%]
tests\test_p2_security_regressions.py ......                             [ 45%]
tests\test_patient_portal.py ...........................                 [ 48%]
tests\test_patients.py ..............                                    [ 49%]
tests\test_payment_methods.py ...                                        [ 50%]
tests\test_payment_processing.py .......                                 [ 50%]
tests\test_payment_service.py .......                                    [ 51%]
tests\test_payments.py ..........                                        [ 52%]
tests\test_phase2_security_money.py ..........................           [ 55%]
tests\test_phase3_fix_regressions.py ........                            [ 56%]
tests\test_phi_encrypted_at_rest.py .                                    [ 56%]
tests\test_plan_quota.py ........                                        [ 57%]
tests\test_postgres_concurrency.py ss                                    [ 57%]
tests\test_rate_limit.py .............................                   [ 61%]
tests\test_redis_rate_limit.py ......                                    [ 61%]
tests\test_references_write.py .........                                 [ 62%]
tests\test_referrals.py ........                                         [ 63%]
tests\test_reports.py ...                                                [ 63%]
tests\test_reports_comprehensive.py ...                                  [ 64%]
tests\test_sanitization.py .....................................         [ 68%]
tests\test_scheduling_reference.py ....                                  [ 68%]
tests\test_scheduling_routes_integration.py ........                     [ 69%]
tests\test_security.py ........                                          [ 70%]
tests\test_security_headers_metrics.py ......                            [ 71%]
tests\test_settings_comprehensive.py ...                                 [ 71%]
tests\test_settings_endpoints.py ...                                     [ 71%]
tests\test_staff.py .......                                              [ 72%]
tests\test_staff_comprehensive.py .......                                [ 73%]
tests\test_staff_endpoints.py ....                                       [ 73%]
tests\test_staff_onboarding.py ...........                               [ 75%]
tests\test_stripe.py ................                                    [ 76%]
tests\test_subscription_billing.py .........                             [ 77%]
tests\test_subscription_gating.py .............                          [ 79%]
tests\test_subscription_service.py ...............                       [ 81%]
tests\test_subscription_webhooks.py ..................                   [ 83%]
tests\test_subscriptions.py .............                                [ 84%]
tests\test_tenant_guard.py .....................                         [ 86%]
tests\test_tenant_isolation.py ...............                           [ 88%]
tests\test_tenant_refs.py ....................                           [ 90%]
tests\test_token_blacklist.py ...............                            [ 92%]
tests\test_treatment.py ............                                     [ 93%]
tests\test_treatment_comprehensive.py ............                       [ 95%]
tests\test_treatment_costing.py ......                                   [ 95%]
tests\test_treatment_planning_service.py ......................          [ 98%]
tests\test_usage_metering.py ...............                             [100%]

============================== warnings summary ===============================
tests/test_patient_portal.py::test_portal_resend_is_generic_for_unknown_email
  D:\coredentist\coredent-api\app\api\v1\endpoints\patient_portal.py:178: RuntimeWarning: coroutine 'AsyncMockMixin._execute_mock_call' was never awaited
    return result.scalar_one_or_none() is not None
  Enable tracemalloc to get traceback where the object was allocated.
  See https://docs.pytest.org/en/stable/how-to/capture-warnings.html#resource-warnings for more info.

-- Docs: https://docs.pytest.org/en/stable/how-to/capture-warnings.html
=========== 893 passed, 2 skipped, 1 warning in 1732.82s (0:28:52) ============
