============================= test session starts =============================
platform win32 -- Python 3.13.3, pytest-9.1.1, pluggy-1.5.0
benchmark: 4.0.0 (defaults: timer=time.perf_counter disable_gc=False min_rounds=5 min_time=0.000005 max_time=1.0 calibration_precision=10 warmup=False warmup_iterations=100000)
rootdir: D:\coredentist\coredent-api
configfile: pytest.ini
plugins: anyio-4.9.0, Faker-22.2.0, langsmith-0.3.42, asyncio-1.4.0, benchmark-4.0.0, cov-6.3.0, mock-3.12.0, timeout-2.4.0, xdist-3.5.0
asyncio: mode=Mode.AUTO, debug=False, asyncio_default_fixture_loop_scope=None, asyncio_default_test_loop_scope=function
collected 863 items

tests\test_api_health.py ...                                             [  0%]
tests\test_appointments.py ..............                                [  1%]
tests\test_appointments_contract.py ..                                   [  2%]
tests\test_audit.py ....                                                 [  2%]
tests\test_auth.py .................                                     [  4%]
tests\test_billing.py .....................                              [  7%]
tests\test_billing_comprehensive.py ....................                 [  9%]
tests\test_booking.py ..........................                         [ 12%]
tests\test_booking_comprehensive.py ......                               [ 13%]
tests\test_booking_service.py ...                                        [ 13%]
tests\test_clinical.py ...                                               [ 13%]
tests\test_clinical_comprehensive.py ......                              [ 14%]
tests\test_communication_tasks.py .............                          [ 15%]
tests\test_communications.py ..................F                         [ 18%]
tests\test_communications_service.py ..................                  [ 20%]
tests\test_config.py .......                                             [ 21%]
tests\test_daily_summary_outbox.py ..                                    [ 21%]
tests\test_documents.py ......                                           [ 22%]
tests\test_documents_comprehensive.py .....                              [ 22%]
tests\test_dr_recovery.py ...                                            [ 22%]
tests\test_dunning_task.py .....                                         [ 23%]
tests\test_e2e_funnel.py F                                               [ 23%]
tests\test_edi.py ...........................                            [ 26%]
tests\test_encryption.py .......                                         [ 27%]
tests\test_enterprise.py .....                                           [ 28%]
tests\test_file_security.py ............................................ [ 33%]
.                                                                        [ 33%]
tests\test_imaging_service.py ..........                                 [ 34%]
tests\test_insurance.py ........                                         [ 35%]
tests\test_insurance_comprehensive.py ..........                         [ 36%]
tests\test_inventory.py ......                                           [ 37%]
tests\test_inventory_comprehensive.py .......                            [ 38%]
tests\test_kms.py ....................                                   [ 40%]
tests\test_lab_vendor_referral_source_invoice.py .........               [ 41%]
tests\test_labs.py .......                                               [ 42%]
tests\test_labs_comprehensive.py ......                                  [ 42%]
tests\test_main.py .............                                         [ 44%]
tests\test_overdue_invoice_sweep.py F..                                  [ 44%]
tests\test_patient_portal.py ..............F...FF                        [ 47%]
tests\test_patients.py ......F.FF....                                    [ 48%]
tests\test_payment_methods.py FFF                                        [ 49%]
tests\test_payment_processing.py .......                                 [ 49%]
tests\test_payment_service.py .......                                    [ 50%]
tests\test_payments.py ..........                                        [ 51%]
tests\test_phase2_security_money.py FF........................           [ 54%]
tests\test_phi_encrypted_at_rest.py .                                    [ 55%]
tests\test_plan_quota.py FFFFF...                                        [ 55%]
tests\test_postgres_concurrency.py ss                                    [ 56%]
tests\test_rate_limit.py .............................                   [ 59%]
tests\test_redis_rate_limit.py ......                                    [ 60%]
tests\test_references_write.py .........                                 [ 61%]
tests\test_referrals.py ........                                         [ 62%]
tests\test_reports.py ...                                                [ 62%]
tests\test_reports_comprehensive.py ...                                  [ 62%]
tests\test_sanitization.py .....................................         [ 67%]
tests\test_scheduling_reference.py ....                                  [ 67%]
tests\test_scheduling_routes_integration.py ........                     [ 68%]
tests\test_security.py ........                                          [ 69%]
tests\test_security_headers_metrics.py ......                            [ 70%]
tests\test_settings_comprehensive.py ...                                 [ 70%]
tests\test_settings_endpoints.py ...                                     [ 70%]
tests\test_staff.py .......                                              [ 71%]
tests\test_staff_comprehensive.py .......                                [ 72%]
tests\test_staff_endpoints.py ....                                       [ 73%]
tests\test_staff_onboarding.py .........F.                               [ 74%]
tests\test_stripe.py ..F.............                                    [ 76%]
tests\test_subscription_billing.py .........                             [ 77%]
tests\test_subscription_gating.py .............                          [ 78%]
tests\test_subscription_service.py ...............                       [ 80%]
tests\test_subscription_webhooks.py ..................                   [ 82%]
tests\test_subscriptions.py .............                                [ 84%]
tests\test_tenant_guard.py .....................                         [ 86%]
tests\test_tenant_isolation.py ...............                           [ 88%]
tests\test_tenant_refs.py ....................                           [ 90%]
tests\test_token_blacklist.py ...............                            [ 92%]
tests\test_treatment.py ............                                     [ 93%]
tests\test_treatment_comprehensive.py ............                       [ 95%]
tests\test_treatment_costing.py ......                                   [ 95%]
tests\test_treatment_planning_service.py ......................          [ 98%]
tests\test_usage_metering.py ...............                             [100%]

================================== FAILURES ===================================
E   AttributeError: 'ChannelPromise' object has no attribute '__value__'. Did you mean: '__call__'?

During handling of the above exception, another exception occurred:
E   ConnectionRefusedError: [WinError 10061] No connection could be made because the target machine actively refused it

The above exception was the direct cause of the following exception:
E   kombu.exceptions.OperationalError: [WinError 10061] No connection could be made because the target machine actively refused it
---------------------------- Captured stderr call -----------------------------
INFO  [sqlalchemy.engine.Engine] BEGIN (implicit)
INFO  [sqlalchemy.engine.Engine] SELECT patients.id AS patients_id, patients.practice_id AS patients_practice_id, patients.first_name AS patients_first_name, patients.last_name AS patients_last_name, patients.date_of_birth AS patients_date_of_birth, patients.gender AS patients_gender, patients.email AS patients_email, patients.phone AS patients_phone, patients.address_street AS patients_address_street, patients.address_city AS patients_address_city, patients.address_state AS patients_address_state, patients.address_zip AS patients_address_zip, patients.abha_id AS patients_abha_id, patients.ssn_last_four AS patients_ssn_last_four, patients.emergency_contact AS patients_emergency_contact, patients.medical_alerts AS patients_medical_alerts, patients.medical_history AS patients_medical_history, patients.dental_history AS patients_dental_history, patients.insurance_info AS patients_insurance_info, patients.search_index_email AS patients_search_index_email, patients.search_index_phone AS patients_search_index_phone, patients.search_index_last_name AS patients_search_index_last_name, patients.status AS patients_status, patients.consent_recorded_at AS patients_consent_recorded_at, patients.portal_access_token AS patients_portal_access_token, patients.portal_token_expires AS patients_portal_token_expires, patients.created_at AS patients_created_at, patients.updated_at AS patients_updated_at 
FROM patients 
WHERE patients.id = ? AND patients.practice_id = ?
 LIMIT ? OFFSET ?
INFO  [sqlalchemy.engine.Engine] [generated in 0.00042s] ('b376bcd05b7d499aa199b2cffc2d2e81', 'a6215d90997042e1b4c07caf3981ee43', 1, 0)
INFO  [sqlalchemy.engine.Engine] INSERT INTO patient_messages (id, practice_id, patient_id, user_id, template_id, appointment_id, message_type, direction, status, subject, content, recipient_phone, recipient_email, from_name, from_email, external_id, provider_response, scheduled_at, sent_at, delivered_at, read_at, dedupe_key, attempt_count, next_attempt_at, claimed_at, claim_token, claim_expires_at, error_message, error_code, parent_message_id, attachments, cost) VALUES (?, ?, ?, ?, ?, ?, ?, ?, ?, ?, ?, ?, ?, ?, ?, ?, ?, ?, ?, ?, ?, ?, ?, ?, ?, ?, ?, ?, ?, ?, ?, ?) RETURNING created_at, updated_at
INFO  [sqlalchemy.engine.Engine] [generated in 0.00064s] ('12911f8070264468b1844257ecdc1814', 'a6215d90997042e1b4c07caf3981ee43', 'b376bcd05b7d499aa199b2cffc2d2e81', '15682118101844a79d9b216127fdb77c', None, None, 'SMS', 'OUTBOUND', 'PENDING', None, 'Reminder: appointment tomorrow', '+1234567890', 'john.doe@example.com', None, None, None, None, None, None, None, None, None, 0, '2026-09-01 09:46:58.403788', None, None, None, None, None, None, None, None)
INFO  [sqlalchemy.engine.Engine] INSERT INTO audit_logs (id, user_id, action, entity_type, entity_id, changes, ip_address, user_agent) VALUES (?, ?, ?, ?, ?, ?, ?, ?) RETURNING created_at
INFO  [sqlalchemy.engine.Engine] [cached since 5.784s ago] ('f7305d52663344129be9fb2e6b3a12ce', '15682118101844a79d9b216127fdb77c', 'send_message', 'patient_message', '12911f8070264468b1844257ecdc1814', '{"patient_id": "b376bcd0-5b7d-499a-a199-b2cffc2d2e81", "message_type": "MessageType.SMS"}', 'test-9b2a0695212943cfb097f893ce8036a2', 'python-httpx/0.28.1')
INFO  [sqlalchemy.engine.Engine] COMMIT
INFO  [sqlalchemy.engine.Engine] BEGIN (implicit)
INFO  [sqlalchemy.engine.Engine] SELECT patient_messages.id, patient_messages.practice_id, patient_messages.patient_id, patient_messages.user_id, patient_messages.template_id, patient_messages.appointment_id, patient_messages.message_type, patient_messages.direction, patient_messages.status, patient_messages.subject, patient_messages.content, patient_messages.recipient_phone, patient_messages.recipient_email, patient_messages.from_name, patient_messages.from_email, patient_messages.external_id, patient_messages.provider_response, patient_messages.scheduled_at, patient_messages.sent_at, patient_messages.delivered_at, patient_messages.read_at, patient_messages.dedupe_key, patient_messages.attempt_count, patient_messages.next_attempt_at, patient_messages.claimed_at, patient_messages.claim_token, patient_messages.claim_expires_at, patient_messages.error_message, patient_messages.error_code, patient_messages.parent_message_id, patient_messages.attachments, patient_messages.cost, patient_messages.created_at, patient_messages.updated_at 
FROM patient_messages 
WHERE patient_messages.id = ?
INFO  [sqlalchemy.engine.Engine] [generated in 0.00040s] ('12911f8070264468b1844257ecdc1814',)
INFO  [sqlalchemy.engine.Engine] ROLLBACK
------------------------------ Captured log call ------------------------------
INFO     sqlalchemy.engine.Engine:base.py:2710 BEGIN (implicit)
INFO     sqlalchemy.engine.Engine:base.py:1846 SELECT patients.id AS patients_id, patients.practice_id AS patients_practice_id, patients.first_name AS patients_first_name, patients.last_name AS patients_last_name, patients.date_of_birth AS patients_date_of_birth, patients.gender AS patients_gender, patients.email AS patients_email, patients.phone AS patients_phone, patients.address_street AS patients_address_street, patients.address_city AS patients_address_city, patients.address_state AS patients_address_state, patients.address_zip AS patients_address_zip, patients.abha_id AS patients_abha_id, patients.ssn_last_four AS patients_ssn_last_four, patients.emergency_contact AS patients_emergency_contact, patients.medical_alerts AS patients_medical_alerts, patients.medical_history AS patients_medical_history, patients.dental_history AS patients_dental_history, patients.insurance_info AS patients_insurance_info, patients.search_index_email AS patients_search_index_email, patients.search_index_phone AS patients_search_index_phone, patients.search_index_last_name AS patients_search_index_last_name, patients.status AS patients_status, patients.consent_recorded_at AS patients_consent_recorded_at, patients.portal_access_token AS patients_portal_access_token, patients.portal_token_expires AS patients_portal_token_expires, patients.created_at AS patients_created_at, patients.updated_at AS patients_updated_at 
FROM patients 
WHERE patients.id = ? AND patients.practice_id = ?
 LIMIT ? OFFSET ?
INFO     sqlalchemy.engine.Engine:base.py:1846 [generated in 0.00042s] ('b376bcd05b7d499aa199b2cffc2d2e81', 'a6215d90997042e1b4c07caf3981ee43', 1, 0)
INFO     sqlalchemy.engine.Engine:base.py:1846 INSERT INTO patient_messages (id, practice_id, patient_id, user_id, template_id, appointment_id, message_type, direction, status, subject, content, recipient_phone, recipient_email, from_name, from_email, external_id, provider_response, scheduled_at, sent_at, delivered_at, read_at, dedupe_key, attempt_count, next_attempt_at, claimed_at, claim_token, claim_expires_at, error_message, error_code, parent_message_id, attachments, cost) VALUES (?, ?, ?, ?, ?, ?, ?, ?, ?, ?, ?, ?, ?, ?, ?, ?, ?, ?, ?, ?, ?, ?, ?, ?, ?, ?, ?, ?, ?, ?, ?, ?) RETURNING created_at, updated_at
INFO     sqlalchemy.engine.Engine:base.py:1846 [generated in 0.00064s] ('12911f8070264468b1844257ecdc1814', 'a6215d90997042e1b4c07caf3981ee43', 'b376bcd05b7d499aa199b2cffc2d2e81', '15682118101844a79d9b216127fdb77c', None, None, 'SMS', 'OUTBOUND', 'PENDING', None, 'Reminder: appointment tomorrow', '+1234567890', 'john.doe@example.com', None, None, None, None, None, None, None, None, None, 0, '2026-09-01 09:46:58.403788', None, None, None, None, None, None, None, None)
INFO     sqlalchemy.engine.Engine:base.py:1846 INSERT INTO audit_logs (id, user_id, action, entity_type, entity_id, changes, ip_address, user_agent) VALUES (?, ?, ?, ?, ?, ?, ?, ?) RETURNING created_at
INFO     sqlalchemy.engine.Engine:base.py:1846 [cached since 5.784s ago] ('f7305d52663344129be9fb2e6b3a12ce', '15682118101844a79d9b216127fdb77c', 'send_message', 'patient_message', '12911f8070264468b1844257ecdc1814', '{"patient_id": "b376bcd0-5b7d-499a-a199-b2cffc2d2e81", "message_type": "MessageType.SMS"}', 'test-9b2a0695212943cfb097f893ce8036a2', 'python-httpx/0.28.1')
INFO     sqlalchemy.engine.Engine:base.py:2716 COMMIT
INFO     sqlalchemy.engine.Engine:base.py:2710 BEGIN (implicit)
INFO     sqlalchemy.engine.Engine:base.py:1846 SELECT patient_messages.id, patient_messages.practice_id, patient_messages.patient_id, patient_messages.user_id, patient_messages.template_id, patient_messages.appointment_id, patient_messages.message_type, patient_messages.direction, patient_messages.status, patient_messages.subject, patient_messages.content, patient_messages.recipient_phone, patient_messages.recipient_email, patient_messages.from_name, patient_messages.from_email, patient_messages.external_id, patient_messages.provider_response, patient_messages.scheduled_at, patient_messages.sent_at, patient_messages.delivered_at, patient_messages.read_at, patient_messages.dedupe_key, patient_messages.attempt_count, patient_messages.next_attempt_at, patient_messages.claimed_at, patient_messages.claim_token, patient_messages.claim_expires_at, patient_messages.error_message, patient_messages.error_code, patient_messages.parent_message_id, patient_messages.attachments, patient_messages.cost, patient_messages.created_at, patient_messages.updated_at 
FROM patient_messages 
WHERE patient_messages.id = ?
INFO     sqlalchemy.engine.Engine:base.py:1846 [generated in 0.00040s] ('12911f8070264468b1844257ecdc1814',)
INFO     sqlalchemy.engine.Engine:base.py:2713 ROLLBACK
C:\Users\ramie\AppData\Local\Programs\Python\Python313\Lib\site-packages\kombu\connection.py:478: kombu.exceptions.OperationalError: [WinError 10061] No connection could be made because the target machine actively refused it
E   assert 422 == 200
     +  where 422 = <Response [422 Unprocessable Entity]>.status_code
---------------------------- Captured stderr call -----------------------------
INFO  [sqlalchemy.engine.Engine] BEGIN (implicit)
INFO  [sqlalchemy.engine.Engine] SELECT subscriptions.id AS subscriptions_id, subscriptions.practice_id AS subscriptions_practice_id, subscriptions.patient_id AS subscriptions_patient_id, subscriptions.plan_id AS subscriptions_plan_id, subscriptions.payment_card_id AS subscriptions_payment_card_id, subscriptions.status AS subscriptions_status, subscriptions.interval AS subscriptions_interval, subscriptions.current_period_start AS subscriptions_current_period_start, subscriptions.current_period_end AS subscriptions_current_period_end, subscriptions.next_billing_date AS subscriptions_next_billing_date, subscriptions.billing_day AS subscriptions_billing_day, subscriptions.trial_start AS subscriptions_trial_start, subscriptions.trial_end AS subscriptions_trial_end, subscriptions.trial_used AS subscriptions_trial_used, subscriptions.cancel_at_period_end AS subscriptions_cancel_at_period_end, subscriptions.canceled_at AS subscriptions_canceled_at, subscriptions.cancellation_reason AS subscriptions_cancellation_reason, subscriptions.cancellation_feedback AS subscriptions_cancellation_feedback, subscriptions.paused_at AS subscriptions_paused_at, subscriptions.paused_until AS subscriptions_paused_until, subscriptions.proration_behavior AS subscriptions_proration_behavior, subscriptions.proration_date AS subscriptions_proration_date, subscriptions.stripe_subscription_id AS subscriptions_stripe_subscription_id, subscriptions.stripe_customer_id AS subscriptions_stripe_customer_id, subscriptions.latest_invoice_id AS subscriptions_latest_invoice_id, subscriptions.dunning_retry_count AS subscriptions_dunning_retry_count, subscriptions.dunning_max_retries AS subscriptions_dunning_max_retries, subscriptions.last_payment_error AS subscriptions_last_payment_error, subscriptions.next_retry_at AS subscriptions_next_retry_at, subscriptions.current_usage AS subscriptions_current_usage, subscriptions.current_overage AS subscriptions_current_overage, subscriptions.notes AS subscriptions_notes, subscriptions.created_at AS subscriptions_created_at, subscriptions.updated_at AS subscriptions_updated_at 
FROM subscriptions 
WHERE subscriptions.practice_id = ? AND subscriptions.status IN (?, ?)
 LIMIT ? OFFSET ?
INFO  [sqlalchemy.engine.Engine] [cached since 504s ago] ('3e3c9575a171474f9186c96d312abb0c', 'ACTIVE', 'TRIALING', 1, 0)
INFO  [sqlalchemy.engine.Engine] ROLLBACK
INFO  [sqlalchemy.engine.Engine] BEGIN (implicit)
INFO  [sqlalchemy.engine.Engine] SELECT subscriptions.id AS subscriptions_id, subscriptions.practice_id AS subscriptions_practice_id, subscriptions.patient_id AS subscriptions_patient_id, subscriptions.plan_id AS subscriptions_plan_id, subscriptions.payment_card_id AS subscriptions_payment_card_id, subscriptions.status AS subscriptions_status, subscriptions.interval AS subscriptions_interval, subscriptions.current_period_start AS subscriptions_current_period_start, subscriptions.current_period_end AS subscriptions_current_period_end, subscriptions.next_billing_date AS subscriptions_next_billing_date, subscriptions.billing_day AS subscriptions_billing_day, subscriptions.trial_start AS subscriptions_trial_start, subscriptions.trial_end AS subscriptions_trial_end, subscriptions.trial_used AS subscriptions_trial_used, subscriptions.cancel_at_period_end AS subscriptions_cancel_at_period_end, subscriptions.canceled_at AS subscriptions_canceled_at, subscriptions.cancellation_reason AS subscriptions_cancellation_reason, subscriptions.cancellation_feedback AS subscriptions_cancellation_feedback, subscriptions.paused_at AS subscriptions_paused_at, subscriptions.paused_until AS subscriptions_paused_until, subscriptions.proration_behavior AS subscriptions_proration_behavior, subscriptions.proration_date AS subscriptions_proration_date, subscriptions.stripe_subscription_id AS subscriptions_stripe_subscription_id, subscriptions.stripe_customer_id AS subscriptions_stripe_customer_id, subscriptions.latest_invoice_id AS subscriptions_latest_invoice_id, subscriptions.dunning_retry_count AS subscriptions_dunning_retry_count, subscriptions.dunning_max_retries AS subscriptions_dunning_max_retries, subscriptions.last_payment_error AS subscriptions_last_payment_error, subscriptions.next_retry_at AS subscriptions_next_retry_at, subscriptions.current_usage AS subscriptions_current_usage, subscriptions.current_overage AS subscriptions_current_overage, subscriptions.notes AS subscriptions_notes, subscriptions.created_at AS subscriptions_created_at, subscriptions.updated_at AS subscriptions_updated_at 
FROM subscriptions 
WHERE subscriptions.practice_id = ? AND subscriptions.status IN (?, ?)
 LIMIT ? OFFSET ?
INFO  [sqlalchemy.engine.Engine] [cached since 504.2s ago] ('3e3c9575a171474f9186c96d312abb0c', 'ACTIVE', 'TRIALING', 1, 0)
INFO  [sqlalchemy.engine.Engine] ROLLBACK
INFO  [sqlalchemy.engine.Engine] BEGIN (implicit)
INFO  [sqlalchemy.engine.Engine] SELECT subscriptions.id AS subscriptions_id, subscriptions.practice_id AS subscriptions_practice_id, subscriptions.patient_id AS subscriptions_patient_id, subscriptions.plan_id AS subscriptions_plan_id, subscriptions.payment_card_id AS subscriptions_payment_card_id, subscriptions.status AS subscriptions_status, subscriptions.interval AS subscriptions_interval, subscriptions.current_period_start AS subscriptions_current_period_start, subscriptions.current_period_end AS subscriptions_current_period_end, subscriptions.next_billing_date AS subscriptions_next_billing_date, subscriptions.billing_day AS subscriptions_billing_day, subscriptions.trial_start AS subscriptions_trial_start, subscriptions.trial_end AS subscriptions_trial_end, subscriptions.trial_used AS subscriptions_trial_used, subscriptions.cancel_at_period_end AS subscriptions_cancel_at_period_end, subscriptions.canceled_at AS subscriptions_canceled_at, subscriptions.cancellation_reason AS subscriptions_cancellation_reason, subscriptions.cancellation_feedback AS subscriptions_cancellation_feedback, subscriptions.paused_at AS subscriptions_paused_at, subscriptions.paused_until AS subscriptions_paused_until, subscriptions.proration_behavior AS subscriptions_proration_behavior, subscriptions.proration_date AS subscriptions_proration_date, subscriptions.stripe_subscription_id AS subscriptions_stripe_subscription_id, subscriptions.stripe_customer_id AS subscriptions_stripe_customer_id, subscriptions.latest_invoice_id AS subscriptions_latest_invoice_id, subscriptions.dunning_retry_count AS subscriptions_dunning_retry_count, subscriptions.dunning_max_retries AS subscriptions_dunning_max_retries, subscriptions.last_payment_error AS subscriptions_last_payment_error, subscriptions.next_retry_at AS subscriptions_next_retry_at, subscriptions.current_usage AS subscriptions_current_usage, subscriptions.current_overage AS subscriptions_current_overage, subscriptions.notes AS subscriptions_notes, subscriptions.created_at AS subscriptions_created_at, subscriptions.updated_at AS subscriptions_updated_at 
FROM subscriptions 
WHERE subscriptions.practice_id = ? AND subscriptions.status IN (?, ?)
 LIMIT ? OFFSET ?
INFO  [sqlalchemy.engine.Engine] [cached since 504.4s ago] ('3e3c9575a171474f9186c96d312abb0c', 'ACTIVE', 'TRIALING', 1, 0)
INFO  [sqlalchemy.engine.Engine] ROLLBACK
------------------------------ Captured log call ------------------------------
INFO     sqlalchemy.engine.Engine:base.py:2710 BEGIN (implicit)
INFO     sqlalchemy.engine.Engine:base.py:1846 SELECT subscriptions.id AS subscriptions_id, subscriptions.practice_id AS subscriptions_practice_id, subscriptions.patient_id AS subscriptions_patient_id, subscriptions.plan_id AS subscriptions_plan_id, subscriptions.payment_card_id AS subscriptions_payment_card_id, subscriptions.status AS subscriptions_status, subscriptions.interval AS subscriptions_interval, subscriptions.current_period_start AS subscriptions_current_period_start, subscriptions.current_period_end AS subscriptions_current_period_end, subscriptions.next_billing_date AS subscriptions_next_billing_date, subscriptions.billing_day AS subscriptions_billing_day, subscriptions.trial_start AS subscriptions_trial_start, subscriptions.trial_end AS subscriptions_trial_end, subscriptions.trial_used AS subscriptions_trial_used, subscriptions.cancel_at_period_end AS subscriptions_cancel_at_period_end, subscriptions.canceled_at AS subscriptions_canceled_at, subscriptions.cancellation_reason AS subscriptions_cancellation_reason, subscriptions.cancellation_feedback AS subscriptions_cancellation_feedback, subscriptions.paused_at AS subscriptions_paused_at, subscriptions.paused_until AS subscriptions_paused_until, subscriptions.proration_behavior AS subscriptions_proration_behavior, subscriptions.proration_date AS subscriptions_proration_date, subscriptions.stripe_subscription_id AS subscriptions_stripe_subscription_id, subscriptions.stripe_customer_id AS subscriptions_stripe_customer_id, subscriptions.latest_invoice_id AS subscriptions_latest_invoice_id, subscriptions.dunning_retry_count AS subscriptions_dunning_retry_count, subscriptions.dunning_max_retries AS subscriptions_dunning_max_retries, subscriptions.last_payment_error AS subscriptions_last_payment_error, subscriptions.next_retry_at AS subscriptions_next_retry_at, subscriptions.current_usage AS subscriptions_current_usage, subscriptions.current_overage AS subscriptions_current_overage, subscriptions.notes AS subscriptions_notes, subscriptions.created_at AS subscriptions_created_at, subscriptions.updated_at AS subscriptions_updated_at 
FROM subscriptions 
WHERE subscriptions.practice_id = ? AND subscriptions.status IN (?, ?)
 LIMIT ? OFFSET ?
INFO     sqlalchemy.engine.Engine:base.py:1846 [cached since 504s ago] ('3e3c9575a171474f9186c96d312abb0c', 'ACTIVE', 'TRIALING', 1, 0)
INFO     sqlalchemy.engine.Engine:base.py:2713 ROLLBACK
INFO     sqlalchemy.engine.Engine:base.py:2710 BEGIN (implicit)
INFO     sqlalchemy.engine.Engine:base.py:1846 SELECT subscriptions.id AS subscriptions_id, subscriptions.practice_id AS subscriptions_practice_id, subscriptions.patient_id AS subscriptions_patient_id, subscriptions.plan_id AS subscriptions_plan_id, subscriptions.payment_card_id AS subscriptions_payment_card_id, subscriptions.status AS subscriptions_status, subscriptions.interval AS subscriptions_interval, subscriptions.current_period_start AS subscriptions_current_period_start, subscriptions.current_period_end AS subscriptions_current_period_end, subscriptions.next_billing_date AS subscriptions_next_billing_date, subscriptions.billing_day AS subscriptions_billing_day, subscriptions.trial_start AS subscriptions_trial_start, subscriptions.trial_end AS subscriptions_trial_end, subscriptions.trial_used AS subscriptions_trial_used, subscriptions.cancel_at_period_end AS subscriptions_cancel_at_period_end, subscriptions.canceled_at AS subscriptions_canceled_at, subscriptions.cancellation_reason AS subscriptions_cancellation_reason, subscriptions.cancellation_feedback AS subscriptions_cancellation_feedback, subscriptions.paused_at AS subscriptions_paused_at, subscriptions.paused_until AS subscriptions_paused_until, subscriptions.proration_behavior AS subscriptions_proration_behavior, subscriptions.proration_date AS subscriptions_proration_date, subscriptions.stripe_subscription_id AS subscriptions_stripe_subscription_id, subscriptions.stripe_customer_id AS subscriptions_stripe_customer_id, subscriptions.latest_invoice_id AS subscriptions_latest_invoice_id, subscriptions.dunning_retry_count AS subscriptions_dunning_retry_count, subscriptions.dunning_max_retries AS subscriptions_dunning_max_retries, subscriptions.last_payment_error AS subscriptions_last_payment_error, subscriptions.next_retry_at AS subscriptions_next_retry_at, subscriptions.current_usage AS subscriptions_current_usage, subscriptions.current_overage AS subscriptions_current_overage, subscriptions.notes AS subscriptions_notes, subscriptions.created_at AS subscriptions_created_at, subscriptions.updated_at AS subscriptions_updated_at 
FROM subscriptions 
WHERE subscriptions.practice_id = ? AND subscriptions.status IN (?, ?)
 LIMIT ? OFFSET ?
INFO     sqlalchemy.engine.Engine:base.py:1846 [cached since 504.2s ago] ('3e3c9575a171474f9186c96d312abb0c', 'ACTIVE', 'TRIALING', 1, 0)
INFO     sqlalchemy.engine.Engine:base.py:2713 ROLLBACK
INFO     sqlalchemy.engine.Engine:base.py:2710 BEGIN (implicit)
INFO     sqlalchemy.engine.Engine:base.py:1846 SELECT subscriptions.id AS subscriptions_id, subscriptions.practice_id AS subscriptions_practice_id, subscriptions.patient_id AS subscriptions_patient_id, subscriptions.plan_id AS subscriptions_plan_id, subscriptions.payment_card_id AS subscriptions_payment_card_id, subscriptions.status AS subscriptions_status, subscriptions.interval AS subscriptions_interval, subscriptions.current_period_start AS subscriptions_current_period_start, subscriptions.current_period_end AS subscriptions_current_period_end, subscriptions.next_billing_date AS subscriptions_next_billing_date, subscriptions.billing_day AS subscriptions_billing_day, subscriptions.trial_start AS subscriptions_trial_start, subscriptions.trial_end AS subscriptions_trial_end, subscriptions.trial_used AS subscriptions_trial_used, subscriptions.cancel_at_period_end AS subscriptions_cancel_at_period_end, subscriptions.canceled_at AS subscriptions_canceled_at, subscriptions.cancellation_reason AS subscriptions_cancellation_reason, subscriptions.cancellation_feedback AS subscriptions_cancellation_feedback, subscriptions.paused_at AS subscriptions_paused_at, subscriptions.paused_until AS subscriptions_paused_until, subscriptions.proration_behavior AS subscriptions_proration_behavior, subscriptions.proration_date AS subscriptions_proration_date, subscriptions.stripe_subscription_id AS subscriptions_stripe_subscription_id, subscriptions.stripe_customer_id AS subscriptions_stripe_customer_id, subscriptions.latest_invoice_id AS subscriptions_latest_invoice_id, subscriptions.dunning_retry_count AS subscriptions_dunning_retry_count, subscriptions.dunning_max_retries AS subscriptions_dunning_max_retries, subscriptions.last_payment_error AS subscriptions_last_payment_error, subscriptions.next_retry_at AS subscriptions_next_retry_at, subscriptions.current_usage AS subscriptions_current_usage, subscriptions.current_overage AS subscriptions_current_overage, subscriptions.notes AS subscriptions_notes, subscriptions.created_at AS subscriptions_created_at, subscriptions.updated_at AS subscriptions_updated_at 
FROM subscriptions 
WHERE subscriptions.practice_id = ? AND subscriptions.status IN (?, ?)
 LIMIT ? OFFSET ?
INFO     sqlalchemy.engine.Engine:base.py:1846 [cached since 504.4s ago] ('3e3c9575a171474f9186c96d312abb0c', 'ACTIVE', 'TRIALING', 1, 0)
INFO     sqlalchemy.engine.Engine:base.py:2713 ROLLBACK
D:\coredentist\coredent-api\tests\test_e2e_funnel.py:119: assert 422 == 200
E   AssertionError: assert {'marked_overdue': 0} == {'marked_overdue': 1}
      
      Differing items:
      {'marked_overdue': 0} != {'marked_overdue': 1}
      Use -v to get more diff
D:\coredentist\coredent-api\tests\test_overdue_invoice_sweep.py:31: AssertionError: assert {'marked_overdue': 0} == {'marked_overdue': 1}
E   fastapi.exceptions.HTTPException: 401: Unable to verify identity. Please contact your dental office.
D:\coredentist\coredent-api\app\api\v1\endpoints\patient_portal.py:285: fastapi.exceptions.HTTPException: 401: Unable to verify identity. Please contact your dental office.
E   AttributeError: module 'app.api.v1.endpoints.patient_portal' has no attribute '_portal_attempts'
D:\coredentist\coredent-api\tests\test_patient_portal.py:338: AttributeError: module 'app.api.v1.endpoints.patient_portal' has no attribute '_portal_attempts'
E   AttributeError: module 'app.api.v1.endpoints.patient_portal' has no attribute '_portal_attempts'
D:\coredentist\coredent-api\tests\test_patient_portal.py:383: AttributeError: module 'app.api.v1.endpoints.patient_portal' has no attribute '_portal_attempts'
  + Exception Group Traceback (most recent call last):
  |   File "C:\Users\ramie\AppData\Local\Programs\Python\Python313\Lib\site-packages\starlette\_utils.py", line 85, in create_collapsing_task_group
  |     async with anyio.create_task_group() as tg:
  |                ~~~~~~~~~~~~~~~~~~~~~~~^^
  |   File "C:\Users\ramie\AppData\Local\Programs\Python\Python313\Lib\site-packages\anyio\_backends\_asyncio.py", line 772, in __aexit__
  |     raise BaseExceptionGroup(
  |         "unhandled errors in a TaskGroup", self._exceptions
  |     ) from None
  | ExceptionGroup: unhandled errors in a TaskGroup (1 sub-exception)
  +-+---------------- 1 ----------------
    | Traceback (most recent call last):
    |   File "C:\Users\ramie\AppData\Local\Programs\Python\Python313\Lib\site-packages\_pytest\runner.py", line 361, in from_call
    |     result: TResult | None = func()
    |                              ~~~~^^
    |   File "C:\Users\ramie\AppData\Local\Programs\Python\Python313\Lib\site-packages\_pytest\runner.py", line 250, in <lambda>
    |     lambda: runtest_hook(item=item, **kwds),
    |             ~~~~~~~~~~~~^^^^^^^^^^^^^^^^^^^
    |   File "C:\Users\ramie\AppData\Local\Programs\Python\Python313\Lib\site-packages\pluggy\_hooks.py", line 513, in __call__
    |     return self._hookexec(self.name, self._hookimpls.copy(), kwargs, firstresult)
    |            ~~~~~~~~~~~~~~^^^^^^^^^^^^^^^^^^^^^^^^^^^^^^^^^^^^^^^^^^^^^^^^^^^^^^^^
    |   File "C:\Users\ramie\AppData\Local\Programs\Python\Python313\Lib\site-packages\pluggy\_manager.py", line 120, in _hookexec
    |     return self._inner_hookexec(hook_name, methods, kwargs, firstresult)
    |            ~~~~~~~~~~~~~~~~~~~~^^^^^^^^^^^^^^^^^^^^^^^^^^^^^^^^^^^^^^^^^
    |   File "C:\Users\ramie\AppData\Local\Programs\Python\Python313\Lib\site-packages\pluggy\_callers.py", line 182, in _multicall
    |     return outcome.get_result()
    |            ~~~~~~~~~~~~~~~~~~^^
    |   File "C:\Users\ramie\AppData\Local\Programs\Python\Python313\Lib\site-packages\pluggy\_result.py", line 100, in get_result
    |     raise exc.with_traceback(exc.__traceback__)
    |   File "C:\Users\ramie\AppData\Local\Programs\Python\Python313\Lib\site-packages\pluggy\_callers.py", line 167, in _multicall
    |     teardown.throw(outcome._exception)
    |     ~~~~~~~~~~~~~~^^^^^^^^^^^^^^^^^^^^
    |   File "C:\Users\ramie\AppData\Local\Programs\Python\Python313\Lib\site-packages\_pytest\logging.py", line 865, in pytest_runtest_call
    |     yield
    |   File "C:\Users\ramie\AppData\Local\Programs\Python\Python313\Lib\site-packages\pluggy\_callers.py", line 167, in _multicall
    |     teardown.throw(outcome._exception)
    |     ~~~~~~~~~~~~~~^^^^^^^^^^^^^^^^^^^^
    |   File "C:\Users\ramie\AppData\Local\Programs\Python\Python313\Lib\site-packages\_pytest\capture.py", line 900, in pytest_runtest_call
    |     return (yield)
    |             ^^^^^
    |   File "C:\Users\ramie\AppData\Local\Programs\Python\Python313\Lib\site-packages\pluggy\_callers.py", line 167, in _multicall
    |     teardown.throw(outcome._exception)
    |     ~~~~~~~~~~~~~~^^^^^^^^^^^^^^^^^^^^
    |   File "C:\Users\ramie\AppData\Local\Programs\Python\Python313\Lib\site-packages\_pytest\skipping.py", line 268, in pytest_runtest_call
    |     return (yield)
    |             ^^^^^
    |   File "C:\Users\ramie\AppData\Local\Programs\Python\Python313\Lib\site-packages\pluggy\_callers.py", line 103, in _multicall
    |     res = hook_impl.function(*args)
    |   File "C:\Users\ramie\AppData\Local\Programs\Python\Python313\Lib\site-packages\_pytest\runner.py", line 184, in pytest_runtest_call
    |     item.runtest()
    |     ~~~~~~~~~~~~^^
    |   File "C:\Users\ramie\AppData\Local\Programs\Python\Python313\Lib\site-packages\pytest_asyncio\plugin.py", line 569, in runtest
    |     super().runtest()
    |     ~~~~~~~~~~~~~~~^^
    |   File "C:\Users\ramie\AppData\Local\Programs\Python\Python313\Lib\site-packages\_pytest\python.py", line 1707, in runtest
    |     self.ihook.pytest_pyfunc_call(pyfuncitem=self)
    |     ~~~~~~~~~~~~~~~~~~~~~~~~~~~~~^^^^^^^^^^^^^^^^^
    |   File "C:\Users\ramie\AppData\Local\Programs\Python\Python313\Lib\site-packages\pluggy\_hooks.py", line 513, in __call__
    |     return self._hookexec(self.name, self._hookimpls.copy(), kwargs, firstresult)
    |            ~~~~~~~~~~~~~~^^^^^^^^^^^^^^^^^^^^^^^^^^^^^^^^^^^^^^^^^^^^^^^^^^^^^^^^
    |   File "C:\Users\ramie\AppData\Local\Programs\Python\Python313\Lib\site-packages\pluggy\_manager.py", line 120, in _hookexec
    |     return self._inner_hookexec(hook_name, methods, kwargs, firstresult)
    |            ~~~~~~~~~~~~~~~~~~~~^^^^^^^^^^^^^^^^^^^^^^^^^^^^^^^^^^^^^^^^^
    |   File "C:\Users\ramie\AppData\Local\Programs\Python\Python313\Lib\site-packages\pluggy\_callers.py", line 182, in _multicall
    |     return outcome.get_result()
    |            ~~~~~~~~~~~~~~~~~~^^
    |   File "C:\Users\ramie\AppData\Local\Programs\Python\Python313\Lib\site-packages\pluggy\_result.py", line 100, in get_result
    |     raise exc.with_traceback(exc.__traceback__)
    |   File "C:\Users\ramie\AppData\Local\Programs\Python\Python313\Lib\site-packages\pluggy\_callers.py", line 103, in _multicall
    |     res = hook_impl.function(*args)
    |   File "C:\Users\ramie\AppData\Local\Programs\Python\Python313\Lib\site-packages\_pytest\python.py", line 167, in pytest_pyfunc_call
    |     result = testfunction(**testargs)
    |   File "C:\Users\ramie\AppData\Local\Programs\Python\Python313\Lib\site-packages\pytest_asyncio\plugin.py", line 905, in inner
    |     runner.run(coro, context=context)
    |     ~~~~~~~~~~^^^^^^^^^^^^^^^^^^^^^^^
    |   File "C:\Users\ramie\AppData\Local\Programs\Python\Python313\Lib\asyncio\runners.py", line 118, in run
    |     return self._loop.run_until_complete(task)
    |            ~~~~~~~~~~~~~~~~~~~~~~~~~~~~~^^^^^^
    |   File "C:\Users\ramie\AppData\Local\Programs\Python\Python313\Lib\asyncio\base_events.py", line 719, in run_until_complete
    |     return future.result()
    |            ~~~~~~~~~~~~~^^
    |   File "D:\coredentist\coredent-api\tests\test_patients.py", line 141, in test_create_patient_success
    |     response = await client.post(
    |                ^^^^^^^^^^^^^^^^^^
    |         "/api/v1/patients", json=patient_data, headers=auth_headers
    |         ^^^^^^^^^^^^^^^^^^^^^^^^^^^^^^^^^^^^^^^^^^^^^^^^^^^^^^^^^^^
    |     )
    |     ^
    |   File "C:\Users\ramie\AppData\Local\Programs\Python\Python313\Lib\site-packages\httpx\_client.py", line 1859, in post
    |     return await self.request(
    |            ^^^^^^^^^^^^^^^^^^^
    |     ...<13 lines>...
    |     )
    |     ^
    |   File "C:\Users\ramie\AppData\Local\Programs\Python\Python313\Lib\site-packages\httpx\_client.py", line 1540, in request
    |     return await self.send(request, auth=auth, follow_redirects=follow_redirects)
    |            ^^^^^^^^^^^^^^^^^^^^^^^^^^^^^^^^^^^^^^^^^^^^^^^^^^^^^^^^^^^^^^^^^^^^^^
    |   File "C:\Users\ramie\AppData\Local\Programs\Python\Python313\Lib\site-packages\httpx\_client.py", line 1629, in send
    |     response = await self._send_handling_auth(
    |                ^^^^^^^^^^^^^^^^^^^^^^^^^^^^^^^
    |     ...<4 lines>...
    |     )
    |     ^
    |   File "C:\Users\ramie\AppData\Local\Programs\Python\Python313\Lib\site-packages\httpx\_client.py", line 1657, in _send_handling_auth
    |     response = await self._send_handling_redirects(
    |                ^^^^^^^^^^^^^^^^^^^^^^^^^^^^^^^^^^^^
    |     ...<3 lines>...
    |     )
    |     ^
    |   File "C:\Users\ramie\AppData\Local\Programs\Python\Python313\Lib\site-packages\httpx\_client.py", line 1694, in _send_handling_redirects
    |     response = await self._send_single_request(request)
    |                ^^^^^^^^^^^^^^^^^^^^^^^^^^^^^^^^^^^^^^^^
    |   File "C:\Users\ramie\AppData\Local\Programs\Python\Python313\Lib\site-packages\httpx\_client.py", line 1730, in _send_single_request
    |     response = await transport.handle_async_request(request)
    |                ^^^^^^^^^^^^^^^^^^^^^^^^^^^^^^^^^^^^^^^^^^^^^
    |   File "C:\Users\ramie\AppData\Local\Programs\Python\Python313\Lib\site-packages\httpx\_transports\asgi.py", line 170, in handle_async_request
    |     await self.app(scope, receive, send)
    |   File "C:\Users\ramie\AppData\Local\Programs\Python\Python313\Lib\site-packages\fastapi\applications.py", line 1163, in __call__
    |     await super().__call__(scope, receive, send)
    |   File "C:\Users\ramie\AppData\Local\Programs\Python\Python313\Lib\site-packages\starlette\applications.py", line 90, in __call__
    |     await self.middleware_stack(scope, receive, send)
    |   File "C:\Users\ramie\AppData\Local\Programs\Python\Python313\Lib\site-packages\starlette\middleware\errors.py", line 176, in __call__
    |     response = await self.handler(request, exc)  # type: ignore[assignment, arg-type]
    |                ^^^^^^^^^^^^^^^^^^^^^^^^^^^^^^^^
    |   File "D:\coredentist\coredent-api\app\main.py", line 631, in general_exception_handler
    |     raise exc
    |   File "C:\Users\ramie\AppData\Local\Programs\Python\Python313\Lib\site-packages\starlette\middleware\errors.py", line 164, in __call__
    |     await self.app(scope, receive, _send)
    |   File "C:\Users\ramie\AppData\Local\Programs\Python\Python313\Lib\site-packages\starlette\middleware\base.py", line 193, in __call__
    |     response = await self.dispatch_func(request, call_next)
    |                ^^^^^^^^^^^^^^^^^^^^^^^^^^^^^^^^^^^^^^^^^^^^
    |   File "D:\coredentist\coredent-api\app\main.py", line 445, in audit_logging_middleware
    |     response = await call_next(request)
    |                ^^^^^^^^^^^^^^^^^^^^^^^^
    |   File "C:\Users\ramie\AppData\Local\Programs\Python\Python313\Lib\site-packages\starlette\middleware\base.py", line 168, in call_next
    |     raise app_exc from app_exc.__cause__ or app_exc.__context__
    |   File "C:\Users\ramie\AppData\Local\Programs\Python\Python313\Lib\site-packages\starlette\middleware\base.py", line 144, in coro
    |     await self.app(scope, receive_or_disconnect, send_no_error)
    |   File "C:\Users\ramie\AppData\Local\Programs\Python\Python313\Lib\site-packages\starlette\middleware\base.py", line 193, in __call__
    |     response = await self.dispatch_func(request, call_next)
    |                ^^^^^^^^^^^^^^^^^^^^^^^^^^^^^^^^^^^^^^^^^^^^
    |   File "D:\coredentist\coredent-api\app\main.py", line 377, in security_monitoring_middleware
    |     response = await call_next(request)
    |                ^^^^^^^^^^^^^^^^^^^^^^^^
    |   File "C:\Users\ramie\AppData\Local\Programs\Python\Python313\Lib\site-packages\starlette\middleware\base.py", line 168, in call_next
    |     raise app_exc from app_exc.__cause__ or app_exc.__context__
    |   File "C:\Users\ramie\AppData\Local\Programs\Python\Python313\Lib\site-packages\starlette\middleware\base.py", line 144, in coro
    |     await self.app(scope, receive_or_disconnect, send_no_error)
    |   File "C:\Users\ramie\AppData\Local\Programs\Python\Python313\Lib\site-packages\starlette\middleware\cors.py", line 88, in __call__
    |     await self.app(scope, receive, send)
    |   File "C:\Users\ramie\AppData\Local\Programs\Python\Python313\Lib\site-packages\starlette\middleware\base.py", line 193, in __call__
    |     response = await self.dispatch_func(request, call_next)
    |                ^^^^^^^^^^^^^^^^^^^^^^^^^^^^^^^^^^^^^^^^^^^^
    |   File "D:\coredentist\coredent-api\app\main.py", line 304, in add_security_headers
    |     response = await call_next(request)
    |                ^^^^^^^^^^^^^^^^^^^^^^^^
    |   File "C:\Users\ramie\AppData\Local\Programs\Python\Python313\Lib\site-packages\starlette\middleware\base.py", line 168, in call_next
    |     raise app_exc from app_exc.__cause__ or app_exc.__context__
    |   File "C:\Users\ramie\AppData\Local\Programs\Python\Python313\Lib\site-packages\starlette\middleware\base.py", line 144, in coro
    |     await self.app(scope, receive_or_disconnect, send_no_error)
    |   File "D:\coredentist\coredent-api\app\services\usage_metering.py", line 387, in __call__
    |     await self.app(scope, receive, capture_response_start)
    |   File "C:\Users\ramie\AppData\Local\Programs\Python\Python313\Lib\site-packages\starlette\middleware\base.py", line 193, in __call__
    |     response = await self.dispatch_func(request, call_next)
    |                ^^^^^^^^^^^^^^^^^^^^^^^^^^^^^^^^^^^^^^^^^^^^
    |   File "D:\coredentist\coredent-api\app\core\tenant_guard.py", line 249, in dispatch
    |     return await call_next(request)
    |            ^^^^^^^^^^^^^^^^^^^^^^^^
    |   File "C:\Users\ramie\AppData\Local\Programs\Python\Python313\Lib\site-packages\starlette\middleware\base.py", line 168, in call_next
    |     raise app_exc from app_exc.__cause__ or app_exc.__context__
    |   File "C:\Users\ramie\AppData\Local\Programs\Python\Python313\Lib\site-packages\starlette\middleware\base.py", line 144, in coro
    |     await self.app(scope, receive_or_disconnect, send_no_error)
    |   File "C:\Users\ramie\AppData\Local\Programs\Python\Python313\Lib\site-packages\starlette\middleware\base.py", line 193, in __call__
    |     response = await self.dispatch_func(request, call_next)
    |                ^^^^^^^^^^^^^^^^^^^^^^^^^^^^^^^^^^^^^^^^^^^^
    |   File "C:\Users\ramie\AppData\Local\Programs\Python\Python313\Lib\site-packages\slowapi\middleware.py", line 128, in dispatch
    |     return await call_next(request)
    |            ^^^^^^^^^^^^^^^^^^^^^^^^
    |   File "C:\Users\ramie\AppData\Local\Programs\Python\Python313\Lib\site-packages\starlette\middleware\base.py", line 168, in call_next
    |     raise app_exc from app_exc.__cause__ or app_exc.__context__
    |   File "C:\Users\ramie\AppData\Local\Programs\Python\Python313\Lib\site-packages\starlette\middleware\base.py", line 144, in coro
    |     await self.app(scope, receive_or_disconnect, send_no_error)
    |   File "C:\Users\ramie\AppData\Local\Programs\Python\Python313\Lib\site-packages\starlette\middleware\exceptions.py", line 63, in __call__
    |     await wrap_app_handling_exceptions(self.app, conn)(scope, receive, send)
    |   File "C:\Users\ramie\AppData\Local\Programs\Python\Python313\Lib\site-packages\starlette\_exception_handler.py", line 53, in wrapped_app
    |     raise exc
    |   File "C:\Users\ramie\AppData\Local\Programs\Python\Python313\Lib\site-packages\starlette\_exception_handler.py", line 42, in wrapped_app
    |     await app(scope, receive, sender)
    |   File "C:\Users\ramie\AppData\Local\Programs\Python\Python313\Lib\site-packages\fastapi\middleware\asyncexitstack.py", line 18, in __call__
    |     await self.app(scope, receive, send)
    |   File "C:\Users\ramie\AppData\Local\Programs\Python\Python313\Lib\site-packages\starlette\routing.py", line 660, in __call__
    |     await self.middleware_stack(scope, receive, send)
    |   File "C:\Users\ramie\AppData\Local\Programs\Python\Python313\Lib\site-packages\fastapi\routing.py", line 2531, in app
    |     await route.handle(scope, receive, send)
    |   File "C:\Users\ramie\AppData\Local\Programs\Python\Python313\Lib\site-packages\fastapi\routing.py", line 1700, in handle
    |     await self.original_router.handle(scope, receive, send)
    |   File "C:\Users\ramie\AppData\Local\Programs\Python\Python313\Lib\site-packages\fastapi\routing.py", line 2586, in handle
    |     await included_router._handle_selected(scope, receive, send)
    |   File "C:\Users\ramie\AppData\Local\Programs\Python\Python313\Lib\site-packages\fastapi\routing.py", line 1711, in _handle_selected
    |     await route.handle(scope, receive, send)
    |   File "C:\Users\ramie\AppData\Local\Programs\Python\Python313\Lib\site-packages\fastapi\routing.py", line 1700, in handle
    |     await self.original_router.handle(scope, receive, send)
    |   File "C:\Users\ramie\AppData\Local\Programs\Python\Python313\Lib\site-packages\fastapi\routing.py", line 2586, in handle
    |     await included_router._handle_selected(scope, receive, send)
    |   File "C:\Users\ramie\AppData\Local\Programs\Python\Python313\Lib\site-packages\fastapi\routing.py", line 1720, in _handle_selected
    |     await original_route.handle(scope, receive, send)
    |   File "C:\Users\ramie\AppData\Local\Programs\Python\Python313\Lib\site-packages\fastapi\routing.py", line 1239, in handle
    |     await app(scope, receive, send)
    |   File "C:\Users\ramie\AppData\Local\Programs\Python\Python313\Lib\site-packages\fastapi\routing.py", line 150, in app
    |     await wrap_app_handling_exceptions(app, request)(scope, receive, send)
    |   File "C:\Users\ramie\AppData\Local\Programs\Python\Python313\Lib\site-packages\starlette\_exception_handler.py", line 53, in wrapped_app
    |     raise exc
    |   File "C:\Users\ramie\AppData\Local\Programs\Python\Python313\Lib\site-packages\starlette\_exception_handler.py", line 42, in wrapped_app
    |     await app(scope, receive, sender)
    |   File "C:\Users\ramie\AppData\Local\Programs\Python\Python313\Lib\site-packages\fastapi\routing.py", line 136, in app
    |     response = await f(request)
    |                ^^^^^^^^^^^^^^^^
    |   File "C:\Users\ramie\AppData\Local\Programs\Python\Python313\Lib\site-packages\fastapi\routing.py", line 690, in app
    |     raw_response = await run_endpoint_function(
    |                    ^^^^^^^^^^^^^^^^^^^^^^^^^^^^
    |     ...<3 lines>...
    |     )
    |     ^
    |   File "C:\Users\ramie\AppData\Local\Programs\Python\Python313\Lib\site-packages\fastapi\routing.py", line 344, in run_endpoint_function
    |     return await dependant.call(**values)
    |            ^^^^^^^^^^^^^^^^^^^^^^^^^^^^^^
    |   File "D:\coredentist\coredent-api\app\api\v1\endpoints\patients.py", line 207, in create_patient
    |     Patient.status != PatientStatus.INACTIVE,
    |                       ^^^^^^^^^^^^^
    | NameError: name 'PatientStatus' is not defined
    +------------------------------------

The above exception was the direct cause of the following exception:

Traceback (most recent call last):
  File "D:\coredentist\coredent-api\tests\test_patients.py", line 141, in test_create_patient_success
    response = await client.post(
               ^^^^^^^^^^^^^^^^^^
        "/api/v1/patients", json=patient_data, headers=auth_headers
        ^^^^^^^^^^^^^^^^^^^^^^^^^^^^^^^^^^^^^^^^^^^^^^^^^^^^^^^^^^^
    )
    ^
  File "C:\Users\ramie\AppData\Local\Programs\Python\Python313\Lib\site-packages\httpx\_client.py", line 1859, in post
    return await self.request(
           ^^^^^^^^^^^^^^^^^^^
    ...<13 lines>...
    )
    ^
  File "C:\Users\ramie\AppData\Local\Programs\Python\Python313\Lib\site-packages\httpx\_client.py", line 1540, in request
    return await self.send(request, auth=auth, follow_redirects=follow_redirects)
           ^^^^^^^^^^^^^^^^^^^^^^^^^^^^^^^^^^^^^^^^^^^^^^^^^^^^^^^^^^^^^^^^^^^^^^
  File "C:\Users\ramie\AppData\Local\Programs\Python\Python313\Lib\site-packages\httpx\_client.py", line 1629, in send
    response = await self._send_handling_auth(
               ^^^^^^^^^^^^^^^^^^^^^^^^^^^^^^^
    ...<4 lines>...
    )
    ^
  File "C:\Users\ramie\AppData\Local\Programs\Python\Python313\Lib\site-packages\httpx\_client.py", line 1657, in _send_handling_auth
    response = await self._send_handling_redirects(
               ^^^^^^^^^^^^^^^^^^^^^^^^^^^^^^^^^^^^
    ...<3 lines>...
    )
    ^
  File "C:\Users\ramie\AppData\Local\Programs\Python\Python313\Lib\site-packages\httpx\_client.py", line 1694, in _send_handling_redirects
    response = await self._send_single_request(request)
               ^^^^^^^^^^^^^^^^^^^^^^^^^^^^^^^^^^^^^^^^
  File "C:\Users\ramie\AppData\Local\Programs\Python\Python313\Lib\site-packages\httpx\_client.py", line 1730, in _send_single_request
    response = await transport.handle_async_request(request)
               ^^^^^^^^^^^^^^^^^^^^^^^^^^^^^^^^^^^^^^^^^^^^^
  File "C:\Users\ramie\AppData\Local\Programs\Python\Python313\Lib\site-packages\httpx\_transports\asgi.py", line 170, in handle_async_request
    await self.app(scope, receive, send)
  File "C:\Users\ramie\AppData\Local\Programs\Python\Python313\Lib\site-packages\fastapi\applications.py", line 1163, in __call__
    await super().__call__(scope, receive, send)
  File "C:\Users\ramie\AppData\Local\Programs\Python\Python313\Lib\site-packages\starlette\applications.py", line 90, in __call__
    await self.middleware_stack(scope, receive, send)
  File "C:\Users\ramie\AppData\Local\Programs\Python\Python313\Lib\site-packages\starlette\middleware\errors.py", line 176, in __call__
    response = await self.handler(request, exc)  # type: ignore[assignment, arg-type]
               ^^^^^^^^^^^^^^^^^^^^^^^^^^^^^^^^
  File "D:\coredentist\coredent-api\app\main.py", line 631, in general_exception_handler
    raise exc
  File "C:\Users\ramie\AppData\Local\Programs\Python\Python313\Lib\site-packages\starlette\middleware\errors.py", line 164, in __call__
    await self.app(scope, receive, _send)
  File "C:\Users\ramie\AppData\Local\Programs\Python\Python313\Lib\site-packages\starlette\middleware\base.py", line 193, in __call__
    response = await self.dispatch_func(request, call_next)
               ^^^^^^^^^^^^^^^^^^^^^^^^^^^^^^^^^^^^^^^^^^^^
  File "D:\coredentist\coredent-api\app\main.py", line 445, in audit_logging_middleware
    response = await call_next(request)
               ^^^^^^^^^^^^^^^^^^^^^^^^
  File "C:\Users\ramie\AppData\Local\Programs\Python\Python313\Lib\site-packages\starlette\middleware\base.py", line 168, in call_next
    raise app_exc from app_exc.__cause__ or app_exc.__context__
  File "C:\Users\ramie\AppData\Local\Programs\Python\Python313\Lib\site-packages\starlette\middleware\base.py", line 144, in coro
    await self.app(scope, receive_or_disconnect, send_no_error)
  File "C:\Users\ramie\AppData\Local\Programs\Python\Python313\Lib\site-packages\starlette\middleware\base.py", line 193, in __call__
    response = await self.dispatch_func(request, call_next)
               ^^^^^^^^^^^^^^^^^^^^^^^^^^^^^^^^^^^^^^^^^^^^
  File "D:\coredentist\coredent-api\app\main.py", line 377, in security_monitoring_middleware
    response = await call_next(request)
               ^^^^^^^^^^^^^^^^^^^^^^^^
  File "C:\Users\ramie\AppData\Local\Programs\Python\Python313\Lib\site-packages\starlette\middleware\base.py", line 168, in call_next
    raise app_exc from app_exc.__cause__ or app_exc.__context__
  File "C:\Users\ramie\AppData\Local\Programs\Python\Python313\Lib\site-packages\starlette\middleware\base.py", line 144, in coro
    await self.app(scope, receive_or_disconnect, send_no_error)
  File "C:\Users\ramie\AppData\Local\Programs\Python\Python313\Lib\site-packages\starlette\middleware\cors.py", line 88, in __call__
    await self.app(scope, receive, send)
  File "C:\Users\ramie\AppData\Local\Programs\Python\Python313\Lib\site-packages\starlette\middleware\base.py", line 193, in __call__
    response = await self.dispatch_func(request, call_next)
               ^^^^^^^^^^^^^^^^^^^^^^^^^^^^^^^^^^^^^^^^^^^^
  File "D:\coredentist\coredent-api\app\main.py", line 304, in add_security_headers
    response = await call_next(request)
               ^^^^^^^^^^^^^^^^^^^^^^^^
  File "C:\Users\ramie\AppData\Local\Programs\Python\Python313\Lib\site-packages\starlette\middleware\base.py", line 168, in call_next
    raise app_exc from app_exc.__cause__ or app_exc.__context__
  File "C:\Users\ramie\AppData\Local\Programs\Python\Python313\Lib\site-packages\starlette\middleware\base.py", line 144, in coro
    await self.app(scope, receive_or_disconnect, send_no_error)
  File "D:\coredentist\coredent-api\app\services\usage_metering.py", line 387, in __call__
    await self.app(scope, receive, capture_response_start)
  File "C:\Users\ramie\AppData\Local\Programs\Python\Python313\Lib\site-packages\starlette\middleware\base.py", line 193, in __call__
    response = await self.dispatch_func(request, call_next)
               ^^^^^^^^^^^^^^^^^^^^^^^^^^^^^^^^^^^^^^^^^^^^
  File "D:\coredentist\coredent-api\app\core\tenant_guard.py", line 249, in dispatch
    return await call_next(request)
           ^^^^^^^^^^^^^^^^^^^^^^^^
  File "C:\Users\ramie\AppData\Local\Programs\Python\Python313\Lib\site-packages\starlette\middleware\base.py", line 168, in call_next
    raise app_exc from app_exc.__cause__ or app_exc.__context__
  File "C:\Users\ramie\AppData\Local\Programs\Python\Python313\Lib\site-packages\starlette\middleware\base.py", line 144, in coro
    await self.app(scope, receive_or_disconnect, send_no_error)
  File "C:\Users\ramie\AppData\Local\Programs\Python\Python313\Lib\site-packages\starlette\middleware\base.py", line 193, in __call__
    response = await self.dispatch_func(request, call_next)
               ^^^^^^^^^^^^^^^^^^^^^^^^^^^^^^^^^^^^^^^^^^^^
  File "C:\Users\ramie\AppData\Local\Programs\Python\Python313\Lib\site-packages\slowapi\middleware.py", line 128, in dispatch
    return await call_next(request)
           ^^^^^^^^^^^^^^^^^^^^^^^^
  File "C:\Users\ramie\AppData\Local\Programs\Python\Python313\Lib\site-packages\starlette\middleware\base.py", line 168, in call_next
    raise app_exc from app_exc.__cause__ or app_exc.__context__
  File "C:\Users\ramie\AppData\Local\Programs\Python\Python313\Lib\site-packages\starlette\middleware\base.py", line 144, in coro
    await self.app(scope, receive_or_disconnect, send_no_error)
  File "C:\Users\ramie\AppData\Local\Programs\Python\Python313\Lib\site-packages\starlette\middleware\exceptions.py", line 63, in __call__
    await wrap_app_handling_exceptions(self.app, conn)(scope, receive, send)
  File "C:\Users\ramie\AppData\Local\Programs\Python\Python313\Lib\site-packages\starlette\_exception_handler.py", line 53, in wrapped_app
    raise exc
  File "C:\Users\ramie\AppData\Local\Programs\Python\Python313\Lib\site-packages\starlette\_exception_handler.py", line 42, in wrapped_app
    await app(scope, receive, sender)
  File "C:\Users\ramie\AppData\Local\Programs\Python\Python313\Lib\site-packages\fastapi\middleware\asyncexitstack.py", line 18, in __call__
    await self.app(scope, receive, send)
  File "C:\Users\ramie\AppData\Local\Programs\Python\Python313\Lib\site-packages\starlette\routing.py", line 660, in __call__
    await self.middleware_stack(scope, receive, send)
  File "C:\Users\ramie\AppData\Local\Programs\Python\Python313\Lib\site-packages\fastapi\routing.py", line 2531, in app
    await route.handle(scope, receive, send)
  File "C:\Users\ramie\AppData\Local\Programs\Python\Python313\Lib\site-packages\fastapi\routing.py", line 1700, in handle
    await self.original_router.handle(scope, receive, send)
  File "C:\Users\ramie\AppData\Local\Programs\Python\Python313\Lib\site-packages\fastapi\routing.py", line 2586, in handle
    await included_router._handle_selected(scope, receive, send)
  File "C:\Users\ramie\AppData\Local\Programs\Python\Python313\Lib\site-packages\fastapi\routing.py", line 1711, in _handle_selected
    await route.handle(scope, receive, send)
  File "C:\Users\ramie\AppData\Local\Programs\Python\Python313\Lib\site-packages\fastapi\routing.py", line 1700, in handle
    await self.original_router.handle(scope, receive, send)
  File "C:\Users\ramie\AppData\Local\Programs\Python\Python313\Lib\site-packages\fastapi\routing.py", line 2586, in handle
    await included_router._handle_selected(scope, receive, send)
  File "C:\Users\ramie\AppData\Local\Programs\Python\Python313\Lib\site-packages\fastapi\routing.py", line 1720, in _handle_selected
    await original_route.handle(scope, receive, send)
  File "C:\Users\ramie\AppData\Local\Programs\Python\Python313\Lib\site-packages\fastapi\routing.py", line 1239, in handle
    await app(scope, receive, send)
  File "C:\Users\ramie\AppData\Local\Programs\Python\Python313\Lib\site-packages\fastapi\routing.py", line 150, in app
    await wrap_app_handling_exceptions(app, request)(scope, receive, send)
  File "C:\Users\ramie\AppData\Local\Programs\Python\Python313\Lib\site-packages\starlette\_exception_handler.py", line 53, in wrapped_app
    raise exc
  File "C:\Users\ramie\AppData\Local\Programs\Python\Python313\Lib\site-packages\starlette\_exception_handler.py", line 42, in wrapped_app
    await app(scope, receive, sender)
  File "C:\Users\ramie\AppData\Local\Programs\Python\Python313\Lib\site-packages\fastapi\routing.py", line 136, in app
    response = await f(request)
               ^^^^^^^^^^^^^^^^
  File "C:\Users\ramie\AppData\Local\Programs\Python\Python313\Lib\site-packages\fastapi\routing.py", line 690, in app
    raw_response = await run_endpoint_function(
                   ^^^^^^^^^^^^^^^^^^^^^^^^^^^^
    ...<3 lines>...
    )
    ^
  File "C:\Users\ramie\AppData\Local\Programs\Python\Python313\Lib\site-packages\fastapi\routing.py", line 344, in run_endpoint_function
    return await dependant.call(**values)
           ^^^^^^^^^^^^^^^^^^^^^^^^^^^^^^
  File "D:\coredentist\coredent-api\app\api\v1\endpoints\patients.py", line 207, in create_patient
    Patient.status != PatientStatus.INACTIVE,
                      ^^^^^^^^^^^^^
NameError: name 'PatientStatus' is not defined

The above exception was the direct cause of the following exception:
E   NameError: name 'PatientStatus' is not defined
D:\coredentist\coredent-api\app\api\v1\endpoints\patients.py:207: NameError: name 'PatientStatus' is not defined
  + Exception Group Traceback (most recent call last):
  |   File "C:\Users\ramie\AppData\Local\Programs\Python\Python313\Lib\site-packages\starlette\_utils.py", line 85, in create_collapsing_task_group
  |     async with anyio.create_task_group() as tg:
  |                ~~~~~~~~~~~~~~~~~~~~~~~^^
  |   File "C:\Users\ramie\AppData\Local\Programs\Python\Python313\Lib\site-packages\anyio\_backends\_asyncio.py", line 772, in __aexit__
  |     raise BaseExceptionGroup(
  |         "unhandled errors in a TaskGroup", self._exceptions
  |     ) from None
  | ExceptionGroup: unhandled errors in a TaskGroup (1 sub-exception)
  +-+---------------- 1 ----------------
    | Traceback (most recent call last):
    |   File "C:\Users\ramie\AppData\Local\Programs\Python\Python313\Lib\site-packages\_pytest\runner.py", line 361, in from_call
    |     result: TResult | None = func()
    |                              ~~~~^^
    |   File "C:\Users\ramie\AppData\Local\Programs\Python\Python313\Lib\site-packages\_pytest\runner.py", line 250, in <lambda>
    |     lambda: runtest_hook(item=item, **kwds),
    |             ~~~~~~~~~~~~^^^^^^^^^^^^^^^^^^^
    |   File "C:\Users\ramie\AppData\Local\Programs\Python\Python313\Lib\site-packages\pluggy\_hooks.py", line 513, in __call__
    |     return self._hookexec(self.name, self._hookimpls.copy(), kwargs, firstresult)
    |            ~~~~~~~~~~~~~~^^^^^^^^^^^^^^^^^^^^^^^^^^^^^^^^^^^^^^^^^^^^^^^^^^^^^^^^
    |   File "C:\Users\ramie\AppData\Local\Programs\Python\Python313\Lib\site-packages\pluggy\_manager.py", line 120, in _hookexec
    |     return self._inner_hookexec(hook_name, methods, kwargs, firstresult)
    |            ~~~~~~~~~~~~~~~~~~~~^^^^^^^^^^^^^^^^^^^^^^^^^^^^^^^^^^^^^^^^^
    |   File "C:\Users\ramie\AppData\Local\Programs\Python\Python313\Lib\site-packages\pluggy\_callers.py", line 182, in _multicall
    |     return outcome.get_result()
    |            ~~~~~~~~~~~~~~~~~~^^
    |   File "C:\Users\ramie\AppData\Local\Programs\Python\Python313\Lib\site-packages\pluggy\_result.py", line 100, in get_result
    |     raise exc.with_traceback(exc.__traceback__)
    |   File "C:\Users\ramie\AppData\Local\Programs\Python\Python313\Lib\site-packages\pluggy\_callers.py", line 167, in _multicall
    |     teardown.throw(outcome._exception)
    |     ~~~~~~~~~~~~~~^^^^^^^^^^^^^^^^^^^^
    |   File "C:\Users\ramie\AppData\Local\Programs\Python\Python313\Lib\site-packages\_pytest\logging.py", line 865, in pytest_runtest_call
    |     yield
    |   File "C:\Users\ramie\AppData\Local\Programs\Python\Python313\Lib\site-packages\pluggy\_callers.py", line 167, in _multicall
    |     teardown.throw(outcome._exception)
    |     ~~~~~~~~~~~~~~^^^^^^^^^^^^^^^^^^^^
    |   File "C:\Users\ramie\AppData\Local\Programs\Python\Python313\Lib\site-packages\_pytest\capture.py", line 900, in pytest_runtest_call
    |     return (yield)
    |             ^^^^^
    |   File "C:\Users\ramie\AppData\Local\Programs\Python\Python313\Lib\site-packages\pluggy\_callers.py", line 167, in _multicall
    |     teardown.throw(outcome._exception)
    |     ~~~~~~~~~~~~~~^^^^^^^^^^^^^^^^^^^^
    |   File "C:\Users\ramie\AppData\Local\Programs\Python\Python313\Lib\site-packages\_pytest\skipping.py", line 268, in pytest_runtest_call
    |     return (yield)
    |             ^^^^^
    |   File "C:\Users\ramie\AppData\Local\Programs\Python\Python313\Lib\site-packages\pluggy\_callers.py", line 103, in _multicall
    |     res = hook_impl.function(*args)
    |   File "C:\Users\ramie\AppData\Local\Programs\Python\Python313\Lib\site-packages\_pytest\runner.py", line 184, in pytest_runtest_call
    |     item.runtest()
    |     ~~~~~~~~~~~~^^
    |   File "C:\Users\ramie\AppData\Local\Programs\Python\Python313\Lib\site-packages\pytest_asyncio\plugin.py", line 569, in runtest
    |     super().runtest()
    |     ~~~~~~~~~~~~~~~^^
    |   File "C:\Users\ramie\AppData\Local\Programs\Python\Python313\Lib\site-packages\_pytest\python.py", line 1707, in runtest
    |     self.ihook.pytest_pyfunc_call(pyfuncitem=self)
    |     ~~~~~~~~~~~~~~~~~~~~~~~~~~~~~^^^^^^^^^^^^^^^^^
    |   File "C:\Users\ramie\AppData\Local\Programs\Python\Python313\Lib\site-packages\pluggy\_hooks.py", line 513, in __call__
    |     return self._hookexec(self.name, self._hookimpls.copy(), kwargs, firstresult)
    |            ~~~~~~~~~~~~~~^^^^^^^^^^^^^^^^^^^^^^^^^^^^^^^^^^^^^^^^^^^^^^^^^^^^^^^^
    |   File "C:\Users\ramie\AppData\Local\Programs\Python\Python313\Lib\site-packages\pluggy\_manager.py", line 120, in _hookexec
    |     return self._inner_hookexec(hook_name, methods, kwargs, firstresult)
    |            ~~~~~~~~~~~~~~~~~~~~^^^^^^^^^^^^^^^^^^^^^^^^^^^^^^^^^^^^^^^^^
    |   File "C:\Users\ramie\AppData\Local\Programs\Python\Python313\Lib\site-packages\pluggy\_callers.py", line 182, in _multicall
    |     return outcome.get_result()
    |            ~~~~~~~~~~~~~~~~~~^^
    |   File "C:\Users\ramie\AppData\Local\Programs\Python\Python313\Lib\site-packages\pluggy\_result.py", line 100, in get_result
    |     raise exc.with_traceback(exc.__traceback__)
    |   File "C:\Users\ramie\AppData\Local\Programs\Python\Python313\Lib\site-packages\pluggy\_callers.py", line 103, in _multicall
    |     res = hook_impl.function(*args)
    |   File "C:\Users\ramie\AppData\Local\Programs\Python\Python313\Lib\site-packages\_pytest\python.py", line 167, in pytest_pyfunc_call
    |     result = testfunction(**testargs)
    |   File "C:\Users\ramie\AppData\Local\Programs\Python\Python313\Lib\site-packages\pytest_asyncio\plugin.py", line 905, in inner
    |     runner.run(coro, context=context)
    |     ~~~~~~~~~~^^^^^^^^^^^^^^^^^^^^^^^
    |   File "C:\Users\ramie\AppData\Local\Programs\Python\Python313\Lib\asyncio\runners.py", line 118, in run
    |     return self._loop.run_until_complete(task)
    |            ~~~~~~~~~~~~~~~~~~~~~~~~~~~~~^^^^^^
    |   File "C:\Users\ramie\AppData\Local\Programs\Python\Python313\Lib\asyncio\base_events.py", line 719, in run_until_complete
    |     return future.result()
    |            ~~~~~~~~~~~~~^^
    |   File "D:\coredentist\coredent-api\tests\test_patients.py", line 183, in test_create_patient_duplicate_email
    |     response = await client.post(
    |                ^^^^^^^^^^^^^^^^^^
    |         "/api/v1/patients", json=patient_data, headers=auth_headers
    |         ^^^^^^^^^^^^^^^^^^^^^^^^^^^^^^^^^^^^^^^^^^^^^^^^^^^^^^^^^^^
    |     )
    |     ^
    |   File "C:\Users\ramie\AppData\Local\Programs\Python\Python313\Lib\site-packages\httpx\_client.py", line 1859, in post
    |     return await self.request(
    |            ^^^^^^^^^^^^^^^^^^^
    |     ...<13 lines>...
    |     )
    |     ^
    |   File "C:\Users\ramie\AppData\Local\Programs\Python\Python313\Lib\site-packages\httpx\_client.py", line 1540, in request
    |     return await self.send(request, auth=auth, follow_redirects=follow_redirects)
    |            ^^^^^^^^^^^^^^^^^^^^^^^^^^^^^^^^^^^^^^^^^^^^^^^^^^^^^^^^^^^^^^^^^^^^^^
    |   File "C:\Users\ramie\AppData\Local\Programs\Python\Python313\Lib\site-packages\httpx\_client.py", line 1629, in send
    |     response = await self._send_handling_auth(
    |                ^^^^^^^^^^^^^^^^^^^^^^^^^^^^^^^
    |     ...<4 lines>...
    |     )
    |     ^
    |   File "C:\Users\ramie\AppData\Local\Programs\Python\Python313\Lib\site-packages\httpx\_client.py", line 1657, in _send_handling_auth
    |     response = await self._send_handling_redirects(
    |                ^^^^^^^^^^^^^^^^^^^^^^^^^^^^^^^^^^^^
    |     ...<3 lines>...
    |     )
    |     ^
    |   File "C:\Users\ramie\AppData\Local\Programs\Python\Python313\Lib\site-packages\httpx\_client.py", line 1694, in _send_handling_redirects
    |     response = await self._send_single_request(request)
    |                ^^^^^^^^^^^^^^^^^^^^^^^^^^^^^^^^^^^^^^^^
    |   File "C:\Users\ramie\AppData\Local\Programs\Python\Python313\Lib\site-packages\httpx\_client.py", line 1730, in _send_single_request
    |     response = await transport.handle_async_request(request)
    |                ^^^^^^^^^^^^^^^^^^^^^^^^^^^^^^^^^^^^^^^^^^^^^
    |   File "C:\Users\ramie\AppData\Local\Programs\Python\Python313\Lib\site-packages\httpx\_transports\asgi.py", line 170, in handle_async_request
    |     await self.app(scope, receive, send)
    |   File "C:\Users\ramie\AppData\Local\Programs\Python\Python313\Lib\site-packages\fastapi\applications.py", line 1163, in __call__
    |     await super().__call__(scope, receive, send)
    |   File "C:\Users\ramie\AppData\Local\Programs\Python\Python313\Lib\site-packages\starlette\applications.py", line 90, in __call__
    |     await self.middleware_stack(scope, receive, send)
    |   File "C:\Users\ramie\AppData\Local\Programs\Python\Python313\Lib\site-packages\starlette\middleware\errors.py", line 176, in __call__
    |     response = await self.handler(request, exc)  # type: ignore[assignment, arg-type]
    |                ^^^^^^^^^^^^^^^^^^^^^^^^^^^^^^^^
    |   File "D:\coredentist\coredent-api\app\main.py", line 631, in general_exception_handler
    |     raise exc
    |   File "C:\Users\ramie\AppData\Local\Programs\Python\Python313\Lib\site-packages\starlette\middleware\errors.py", line 164, in __call__
    |     await self.app(scope, receive, _send)
    |   File "C:\Users\ramie\AppData\Local\Programs\Python\Python313\Lib\site-packages\starlette\middleware\base.py", line 193, in __call__
    |     response = await self.dispatch_func(request, call_next)
    |                ^^^^^^^^^^^^^^^^^^^^^^^^^^^^^^^^^^^^^^^^^^^^
    |   File "D:\coredentist\coredent-api\app\main.py", line 445, in audit_logging_middleware
    |     response = await call_next(request)
    |                ^^^^^^^^^^^^^^^^^^^^^^^^
    |   File "C:\Users\ramie\AppData\Local\Programs\Python\Python313\Lib\site-packages\starlette\middleware\base.py", line 168, in call_next
    |     raise app_exc from app_exc.__cause__ or app_exc.__context__
    |   File "C:\Users\ramie\AppData\Local\Programs\Python\Python313\Lib\site-packages\starlette\middleware\base.py", line 144, in coro
    |     await self.app(scope, receive_or_disconnect, send_no_error)
    |   File "C:\Users\ramie\AppData\Local\Programs\Python\Python313\Lib\site-packages\starlette\middleware\base.py", line 193, in __call__
    |     response = await self.dispatch_func(request, call_next)
    |                ^^^^^^^^^^^^^^^^^^^^^^^^^^^^^^^^^^^^^^^^^^^^
    |   File "D:\coredentist\coredent-api\app\main.py", line 377, in security_monitoring_middleware
    |     response = await call_next(request)
    |                ^^^^^^^^^^^^^^^^^^^^^^^^
    |   File "C:\Users\ramie\AppData\Local\Programs\Python\Python313\Lib\site-packages\starlette\middleware\base.py", line 168, in call_next
    |     raise app_exc from app_exc.__cause__ or app_exc.__context__
    |   File "C:\Users\ramie\AppData\Local\Programs\Python\Python313\Lib\site-packages\starlette\middleware\base.py", line 144, in coro
    |     await self.app(scope, receive_or_disconnect, send_no_error)
    |   File "C:\Users\ramie\AppData\Local\Programs\Python\Python313\Lib\site-packages\starlette\middleware\cors.py", line 88, in __call__
    |     await self.app(scope, receive, send)
    |   File "C:\Users\ramie\AppData\Local\Programs\Python\Python313\Lib\site-packages\starlette\middleware\base.py", line 193, in __call__
    |     response = await self.dispatch_func(request, call_next)
    |                ^^^^^^^^^^^^^^^^^^^^^^^^^^^^^^^^^^^^^^^^^^^^
    |   File "D:\coredentist\coredent-api\app\main.py", line 304, in add_security_headers
    |     response = await call_next(request)
    |                ^^^^^^^^^^^^^^^^^^^^^^^^
    |   File "C:\Users\ramie\AppData\Local\Programs\Python\Python313\Lib\site-packages\starlette\middleware\base.py", line 168, in call_next
    |     raise app_exc from app_exc.__cause__ or app_exc.__context__
    |   File "C:\Users\ramie\AppData\Local\Programs\Python\Python313\Lib\site-packages\starlette\middleware\base.py", line 144, in coro
    |     await self.app(scope, receive_or_disconnect, send_no_error)
    |   File "D:\coredentist\coredent-api\app\services\usage_metering.py", line 387, in __call__
    |     await self.app(scope, receive, capture_response_start)
    |   File "C:\Users\ramie\AppData\Local\Programs\Python\Python313\Lib\site-packages\starlette\middleware\base.py", line 193, in __call__
    |     response = await self.dispatch_func(request, call_next)
    |                ^^^^^^^^^^^^^^^^^^^^^^^^^^^^^^^^^^^^^^^^^^^^
    |   File "D:\coredentist\coredent-api\app\core\tenant_guard.py", line 249, in dispatch
    |     return await call_next(request)
    |            ^^^^^^^^^^^^^^^^^^^^^^^^
    |   File "C:\Users\ramie\AppData\Local\Programs\Python\Python313\Lib\site-packages\starlette\middleware\base.py", line 168, in call_next
    |     raise app_exc from app_exc.__cause__ or app_exc.__context__
    |   File "C:\Users\ramie\AppData\Local\Programs\Python\Python313\Lib\site-packages\starlette\middleware\base.py", line 144, in coro
    |     await self.app(scope, receive_or_disconnect, send_no_error)
    |   File "C:\Users\ramie\AppData\Local\Programs\Python\Python313\Lib\site-packages\starlette\middleware\base.py", line 193, in __call__
    |     response = await self.dispatch_func(request, call_next)
    |                ^^^^^^^^^^^^^^^^^^^^^^^^^^^^^^^^^^^^^^^^^^^^
    |   File "C:\Users\ramie\AppData\Local\Programs\Python\Python313\Lib\site-packages\slowapi\middleware.py", line 128, in dispatch
    |     return await call_next(request)
    |            ^^^^^^^^^^^^^^^^^^^^^^^^
    |   File "C:\Users\ramie\AppData\Local\Programs\Python\Python313\Lib\site-packages\starlette\middleware\base.py", line 168, in call_next
    |     raise app_exc from app_exc.__cause__ or app_exc.__context__
    |   File "C:\Users\ramie\AppData\Local\Programs\Python\Python313\Lib\site-packages\starlette\middleware\base.py", line 144, in coro
    |     await self.app(scope, receive_or_disconnect, send_no_error)
    |   File "C:\Users\ramie\AppData\Local\Programs\Python\Python313\Lib\site-packages\starlette\middleware\exceptions.py", line 63, in __call__
    |     await wrap_app_handling_exceptions(self.app, conn)(scope, receive, send)
    |   File "C:\Users\ramie\AppData\Local\Programs\Python\Python313\Lib\site-packages\starlette\_exception_handler.py", line 53, in wrapped_app
    |     raise exc
    |   File "C:\Users\ramie\AppData\Local\Programs\Python\Python313\Lib\site-packages\starlette\_exception_handler.py", line 42, in wrapped_app
    |     await app(scope, receive, sender)
    |   File "C:\Users\ramie\AppData\Local\Programs\Python\Python313\Lib\site-packages\fastapi\middleware\asyncexitstack.py", line 18, in __call__
    |     await self.app(scope, receive, send)
    |   File "C:\Users\ramie\AppData\Local\Programs\Python\Python313\Lib\site-packages\starlette\routing.py", line 660, in __call__
    |     await self.middleware_stack(scope, receive, send)
    |   File "C:\Users\ramie\AppData\Local\Programs\Python\Python313\Lib\site-packages\fastapi\routing.py", line 2531, in app
    |     await route.handle(scope, receive, send)
    |   File "C:\Users\ramie\AppData\Local\Programs\Python\Python313\Lib\site-packages\fastapi\routing.py", line 1700, in handle
    |     await self.original_router.handle(scope, receive, send)
    |   File "C:\Users\ramie\AppData\Local\Programs\Python\Python313\Lib\site-packages\fastapi\routing.py", line 2586, in handle
    |     await included_router._handle_selected(scope, receive, send)
    |   File "C:\Users\ramie\AppData\Local\Programs\Python\Python313\Lib\site-packages\fastapi\routing.py", line 1711, in _handle_selected
    |     await route.handle(scope, receive, send)
    |   File "C:\Users\ramie\AppData\Local\Programs\Python\Python313\Lib\site-packages\fastapi\routing.py", line 1700, in handle
    |     await self.original_router.handle(scope, receive, send)
    |   File "C:\Users\ramie\AppData\Local\Programs\Python\Python313\Lib\site-packages\fastapi\routing.py", line 2586, in handle
    |     await included_router._handle_selected(scope, receive, send)
    |   File "C:\Users\ramie\AppData\Local\Programs\Python\Python313\Lib\site-packages\fastapi\routing.py", line 1720, in _handle_selected
    |     await original_route.handle(scope, receive, send)
    |   File "C:\Users\ramie\AppData\Local\Programs\Python\Python313\Lib\site-packages\fastapi\routing.py", line 1239, in handle
    |     await app(scope, receive, send)
    |   File "C:\Users\ramie\AppData\Local\Programs\Python\Python313\Lib\site-packages\fastapi\routing.py", line 150, in app
[...]
ERROR    celery.backends.redis:redis.py:420 Connection to Redis lost: Retry (0/20) now.
ERROR    celery.backends.redis:redis.py:420 Connection to Redis lost: Retry (1/20) in 1.00 second.
ERROR    celery.backends.redis:redis.py:420 Connection to Redis lost: Retry (2/20) in 1.00 second.
ERROR    celery.backends.redis:redis.py:420 Connection to Redis lost: Retry (3/20) in 1.00 second.
ERROR    celery.backends.redis:redis.py:420 Connection to Redis lost: Retry (4/20) in 1.00 second.
ERROR    celery.backends.redis:redis.py:420 Connection to Redis lost: Retry (5/20) in 1.00 second.
ERROR    celery.backends.redis:redis.py:420 Connection to Redis lost: Retry (6/20) in 1.00 second.
ERROR    celery.backends.redis:redis.py:420 Connection to Redis lost: Retry (7/20) in 1.00 second.
ERROR    celery.backends.redis:redis.py:420 Connection to Redis lost: Retry (8/20) in 1.00 second.
ERROR    celery.backends.redis:redis.py:420 Connection to Redis lost: Retry (9/20) in 1.00 second.
ERROR    celery.backends.redis:redis.py:420 Connection to Redis lost: Retry (10/20) in 1.00 second.
ERROR    celery.backends.redis:redis.py:420 Connection to Redis lost: Retry (11/20) in 1.00 second.
ERROR    celery.backends.redis:redis.py:420 Connection to Redis lost: Retry (12/20) in 1.00 second.
ERROR    celery.backends.redis:redis.py:420 Connection to Redis lost: Retry (13/20) in 1.00 second.
ERROR    celery.backends.redis:redis.py:420 Connection to Redis lost: Retry (14/20) in 1.00 second.
ERROR    celery.backends.redis:redis.py:420 Connection to Redis lost: Retry (15/20) in 1.00 second.
ERROR    celery.backends.redis:redis.py:420 Connection to Redis lost: Retry (16/20) in 1.00 second.
ERROR    celery.backends.redis:redis.py:420 Connection to Redis lost: Retry (17/20) in 1.00 second.
ERROR    celery.backends.redis:redis.py:420 Connection to Redis lost: Retry (18/20) in 1.00 second.
ERROR    celery.backends.redis:redis.py:420 Connection to Redis lost: Retry (19/20) in 1.00 second.
CRITICAL celery.backends.asynchronous:asynchronous.py:354 
Retry limit exceeded while trying to reconnect to the Celery result store
backend. The Celery application must be restarted.
D:\coredentist\coredent-api\tests\test_staff_onboarding.py:262: assert 403 == 200
E   StopIteration

During handling of the above exception, another exception occurred:
E   StopAsyncIteration
C:\Users\ramie\AppData\Local\Programs\Python\Python313\Lib\unittest\mock.py:2328: StopAsyncIteration
=============================== tests coverage ================================
_______________ coverage: platform win32, python 3.13.3-final-0 _______________

Name                                     Stmts   Miss  Cover   Missing
----------------------------------------------------------------------
app\api\deps.py                            197     96    51%   60, 91, 128-138, 159, 173-261, 265-267, 284, 286, 296, 298, 305-309, 315-331
app\api\v1\api.py                           29      0   100%
app\api\v1\endpoints\__init__.py            12      0   100%
app\api\v1\endpoints\appointments.py       346    253    27%   86, 89, 110, 141-150, 183, 195, 263-307, 323-340, 358-370, 395-409, 431-550, 571-691, 711-732, 751-765, 788-802, 821-900, 923-978, 996-1119
app\api\v1\endpoints\auth.py               444    308    31%   60, 97, 114, 167-324, 369-438, 466-468, 470, 476-477, 494-559, 570-725, 741-743, 763-834, 845-886, 901-940, 970-1017, 1035-1097, 1119-1125, 1140-1164, 1193-1273
app\api\v1\endpoints\automations.py        217    131    40%   85-90, 102-110, 120, 126-127, 131-132, 149, 160-161, 178-190, 202-232, 245-280, 292-302, 314-338, 369, 382, 390-391, 395, 405-426, 433-448, 478-493
app\api\v1\endpoints\billing.py            462    380    18%   83-85, 133-169, 206-240, 261-297, 325-336, 360-413, 415-499, 532-615, 635-668, 690-731, 768, 770-934, 949-1042, 1087-1182, 1209-1249, 1256-1276, 1290-1307, 1340, 1342-1461, 1464-1487
app\api\v1\endpoints\booking.py            883    743    16%   118, 145, 155-198, 207-223, 239-294, 303, 328-329, 341, 376-378, 383-386, 406, 411-432, 461-525, 544-556, 577-628, 640-656, 670-762, 777-1226, 1242-1287, 1301-1324, 1346-1527, 1558, 1560-1850, 1859-1863, 1878-1980, 1985-1989, 1994-2077, 2092-2115, 2127-2155, 2173-2215, 2229-2359, 2384-2420, 2435-2479, 2492-2570
app\api\v1\endpoints\clinical.py            41     18    56%   49-57, 78-120
app\api\v1\endpoints\clinical_notes.py      89     57    36%   53-62, 73-78, 82, 111-117, 123-141, 146-161, 170-175, 187-224, 237-255, 267-273
app\api\v1\endpoints\communications.py     312    206    34%   51, 71-83, 94-104, 119, 154-189, 202-219, 247, 249, 251, 253, 255, 257, 277-291, 312-326, 335, 338-345, 379-389, 398, 412-434, 452-462, 473-483, 497-520, 534-558, 571-588, 607-622, 634-649, 663-703, 717-738, 753-772, 787-848, 866-868, 877-879, 894-954
app\api\v1\endpoints\documents.py           37     17    54%   36-38, 67-69, 105-138
app\api\v1\endpoints\edi.py                150    103    31%   45, 50, 110-122, 161-277, 305-526, 553-616
app\api\v1\endpoints\enterprise.py          85     38    55%   78-179, 218-247
app\api\v1\endpoints\imaging.py            273    221    19%   73-115, 142-213, 229-254, 271-294, 310-327, 344-371, 389-472, 492-518, 537-567, 584-629, 644-661, 678-699, 718-728, 744-759, 776-800
app\api\v1\endpoints\insurance.py          321    241    25%   91, 94-95, 100-102, 127-135, 160-175, 195-210, 233-261, 285-308, 324-339, 356-379, 398-441, 470-531, 565-610, 639-774, 792-821, 841-876, 898-938, 960-988, 1003-1016, 1031-1050, 1062-1073
app\api\v1\endpoints\inventory.py          206    132    36%   82, 85-86, 94, 118, 137, 201, 213, 218-233, 260-274, 289, 302-304, 324-345, 364-375, 403-436, 462-555, 576-602, 623-637, 658-669, 679-681, 702-723
app\api\v1\endpoints\labs.py               369    274    26%   64, 70, 75-76, 118-122, 161, 248, 251, 256-257, 262-270, 283-297, 316-326, 345-359, 381-429, 456-470, 487, 498-590, 610-662, 682-695, 713-750, 770-790, 801-828, 855-906, 932, 934-1042, 1056-1095
app\api\v1\endpoints\patient_portal.py     239     94    61%   58, 85-137, 143, 180, 188, 191-192, 194, 196, 214, 242-245, 259-271, 291-351, 371-386, 406-409, 423, 439, 448-451, 466-493, 523-580, 612-626, 655-663, 715-729, 770, 775
app\api\v1\endpoints\patients.py           356    257    28%   59-167, 210-255, 269, 288-310, 341-413, 435-470, 504-609, 611, 627-633, 669-697, 713-724, 780-794, 798-810, 828-831, 845-865, 879-911, 926-953, 967-983
app\api\v1\endpoints\payments.py           110     45    59%   72-74, 98-104, 121-142, 168-169, 190-191, 201-286
app\api\v1\endpoints\references.py          85     40    53%   71-72, 92-93, 120-134, 169-170, 192-201, 222-226, 254-255, 283-294, 318-324
app\api\v1\endpoints\referrals.py          301    223    26%   102-112, 122-143, 154, 160, 162, 165-166, 234, 266, 269, 273-274, 279-281, 294-315, 334-348, 366-374, 394-437, 457-482, 487-521, 538-592, 615-667, 680-700, 715-737, 752-786, 800-838, 869-976
app\api\v1\endpoints\reports.py             96     75    22%   46-291
app\api\v1\endpoints\settings.py           102     77    25%   20, 48-60, 72-124, 138-187, 202-222, 239-275
app\api\v1\endpoints\staff.py              218    142    35%   37-40, 46, 51, 111-116, 134-177, 196-302, 313, 325, 337, 344-380, 432-469, 496-547, 560-596, 614-623
app\api\v1\endpoints\stripe.py             270    143    47%   68, 75, 103-104, 209-258, 274-336, 376-484, 548-552, 568-569, 616-619, 629-690, 723-730, 749-756, 779-781
app\api\v1\endpoints\subscriptions.py      334    255    24%   75-77, 90-137, 145-147, 172-183, 199-204, 218-236, 253-403, 413, 423-426, 436-446, 467-497, 510-531, 542-562, 575-604, 617-632, 642-649, 665, 679, 690-727, 747-750, 761-792, 803-835, 847-873
app\api\v1\endpoints\treatment.py          408    321    21%   79, 83, 123-138, 154-196, 216-254, 268-283, 299-322, 337-353, 369-382, 398-415, 427-453, 468-501, 517-559, 574-575, 592-627, 641-642, 656-678, 693-726, 737-770, 782-809, 821-833, 847-915
app\core\audit.py                           35      1    97%   32
app\core\base.py                             2      0   100%
app\core\business_time.py                  124     24    81%   69, 81, 87-89, 113, 128, 149, 156, 158, 161, 164, 185, 202, 207, 209, 223, 237, 243-248
app\core\celery_app.py                      12      0   100%
app\core\client_ip.py                       63      8    87%   53, 61, 64-65, 116, 120-121, 128
app\core\communication_tasks.py            291    109    63%   54-56, 165, 184, 196, 202-217, 247, 277-283, 318, 337, 363, 383-389, 393-396, 424-515, 550-553, 583-586, 592-595, 621, 641-642, 655-658, 682-685, 693-702
app\core\config_simple.py                  155     19    88%   263, 282, 319, 324-332, 339, 346, 353, 372-373, 376-377, 379, 401, 409, 420, 431
app\core\database.py                        38     11    71%   18, 20, 28, 53, 76-83, 106
app\core\edi.py                             85     49    42%   54-57, 61-62, 66, 81-152, 173, 192-200, 205
app\core\email.py                          175     88    50%   30, 69-71, 124, 126, 128, 131, 140-178, 182-210, 215-223, 227-254, 264, 273, 287-288, 317-321, 392-394, 678-706
app\core\email_tasks.py                     38     24    37%   48-81, 86-102, 133
app\core\encryption.py                     163     40    75%   76, 79-80, 84, 88, 117-118, 126, 144, 146-149, 171-186, 192, 194, 201, 213-219, 229-231, 234, 237, 254, 299-304, 336-338, 365, 371
app\core\file_security.py                  206     92    55%   125, 358-363, 383, 408-424, 446-452, 455-457, 476-499, 511-600, 613-615, 634-635, 668-698
app\core\ip_rate_limit.py                   48     28    42%   48-50, 65-105, 109-128
app\core\kms.py                             91      1    99%   198
app\core\limiter.py                          3      0   100%
app\core\rate_limit.py                     113      7    94%   80-82, 115-116, 247-248
app\core\recaptcha.py                       34     26    24%   24-60
app\core\redis_rate_limit.py                33      1    97%   38
app\core\sanitization.py                    38      0   100%
app\core\search_index.py                    46     18    61%   44-45, 50, 65-72, 75, 84, 97, 110-118
app\core\security.py                        68     11    84%   71-75, 90, 96, 99, 102, 166-167, 182
app\core\sms.py                             94     65    31%   39-55, 74-87, 96-122, 135-147, 170-175, 186-191, 201-205, 216-221, 232-237, 247-252, 261-265, 269
app\core\tasks.py                          481    361    25%   57-60, 71-97, 109-119, 128-129, 137, 148, 169-191, 204-233, 238-258, 263-266, 280-292, 303-499, 510, 534-557, 571-589, 595-786, 796-885, 897-926, 932-968, 978, 1000-1001, 1003, 1006, 1015-1018, 1022-1057, 1063, 1124-1127
app\core\tenant_guard.py                   117     16    86%   59, 64-65, 97, 100-101, 109, 128, 130, 181-184, 215, 219-220
app\core\token_blacklist.py                 83     16    81%   64-74, 97, 117-125, 203, 207, 243-250
app\core\webhook_security.py                58     29    50%   55-57, 97-139, 153
app\main.py                                275     88    68%   35-48, 55-57, 62-92, 110-139, 172, 176-184, 205-262, 395, 462-463, 507, 612, 652-654, 726-728
app\models\__init__.py                      27      0   100%
app\models\appointment.py                   76      3    96%   81, 103, 124
app\models\audit.py                         42      2    95%   38, 70
app\models\billing.py                      136      5    96%   117, 131, 162, 192, 220
app\models\booking.py                      195      5    97%   127, 217, 271, 312, 351
app\models\clinical.py                      95      4    96%   56, 77, 108, 155
app\models\communication.py                158      5    97%   96, 186, 233, 271, 301
app\models\communication_settings.py        12     12     0%   3-17
app\models\daily_summary.py                 33      0   100%
app\models\document.py                     126      4    97%   92, 143, 189, 221
app\models\imaging.py                      125      3    98%   140, 172, 199
app\models\insurance.py                    199      6    97%   131, 181, 268, 303, 329, 347
app\models\inventory.py                    167      8    95%   103, 107, 110, 147, 175, 216, 257, 283
app\models\lab.py                          173      5    97%   101, 172, 228, 263, 287
app\models\marketing.py                     90      0   100%
app\models\password_reset.py                21      1    95%   39
app\models\patient.py                       76      1    99%   169
app\models\payment.py                      201     13    94%   96, 154, 236, 269, 319, 324, 329, 334, 339, 344, 349, 354, 357
app\models\portal_lockout.py                11      1    91%   31
app\models\practice.py                      97      1    99%   126
app\models\processor_event.py               34      1    97%   113
app\models\referral.py                     139      4    97%   94, 170, 197, 238
app\models\reminder.py                      28      0   100%
app\models\revoked_token.py                 16      1    94%   60
app\models\staff_invitation.py              26      1    96%   56
app\models\subscription.py                 169      6    96%   123, 212, 232, 260, 283, 315
app\models\treatment.py                    192     12    94%   107, 147, 207-210, 215-216, 219, 262, 298, 327
app\models\user.py                          53      0   100%
app\schemas\__init__.py                      3      0   100%
app\schemas\appointment.py                  82      3    96%   57, 65, 91
app\schemas\auth.py                         40      0   100%
app\schemas\billing.py                     164      5    97%   50, 149-156
app\schemas\booking.py                     316      1    99%   192
app\schemas\clinical.py                     96      0   100%
app\schemas\common.py                       26      0   100%
app\schemas\communication.py               253     10    96%   20-26, 127, 187, 275
app\schemas\edi.py                          52      0   100%
app\schemas\imaging.py                     142      0   100%
app\schemas\insurance.py                   293     11    96%   215, 274-280, 299-301
app\schemas\lab.py                          25      1    96%   39
app\schemas\patient.py                      89      0   100%
app\schemas\patient_export.py               21      0   100%
app\schemas\payment.py                      51      0   100%
app\schemas\reference.py                    48      0   100%
app\schemas\reports.py                      66      0   100%
app\schemas\settings.py                     69     11    84%   40-46, 51, 85, 90, 92
app\schemas\subscription.py                196      8    96%   91-94, 127-130
app\schemas\treatment.py                   289      2    99%   205, 209
app\schemas\user.py                         92      6    93%   72, 83, 122, 140-142
app\services\__init__.py                    13      0   100%
app\services\booking_service.py             13      0   100%
app\services\booking_validation.py          16     16     0%   6-34
app\services\communications_service.py     141     52    63%   110-226, 247-248
app\services\imaging_analysis.py            80     62    22%   31-123, 140-211, 220-253, 265-301
app\services\imaging_processing.py         131     86    34%   47-87, 92-95, 103-106, 115-121, 126-132, 137-143, 152-154, 171-176, 181-183, 193-217, 225-230, 243-250, 255-266, 271-282
app\services\imaging_service.py            163     11    93%   52, 55, 58, 61, 111-112, 204, 229, 308, 312, 392
app\services\invoice_status.py              46     17    63%   62, 65-67, 73, 76-93, 106, 119, 121, 123, 125, 130
app\services\payment_processing.py         262    134    49%   69, 79, 86, 112-114, 125-126, 137, 143-148, 154, 156, 161, 182-191, 197-199, 210-211, 222, 229-230, 238-239, 258-260, 271, 282, 284, 290, 302, 318-320, 332, 347-397, 409-504, 514-562, 575, 583, 593-606
app\services\payment_service.py            190     66    65%   60, 126, 128, 139-140, 143, 145, 149, 153, 166-175, 216, 231, 236, 239-242, 267, 272, 277, 281-284, 321, 326, 339-340, 343, 347, 384, 387, 390, 400, 402, 404, 429-479
app\services\plan_quota.py                  55     25    55%   60, 70, 79, 107-113, 144-163
app\services\processor_events.py           113     28    75%   92-93, 159-167, 186-189, 214, 225-226, 247, 288-307, 333-345, 355
app\services\subscription_billing.py       148     66    55%   41-69, 78-97, 107-137, 164, 168, 198-263, 279-287, 310-317
app\services\subscription_service.py       167     91    46%   113-170, 210-266, 286-333, 345, 357-374, 379-391, 396-408
app\services\subscription_webhooks.py      221     58    74%   47-51, 103, 127-141, 167-172, 181-186, 189-193, 209-213, 217-221, 223-227, 300, 351-352, 385-386, 394-414, 434-448, 465-466, 476, 479, 482, 485, 494
app\services\tenant_refs.py                 79     13    84%   70, 186, 205, 238, 274-289
app\services\treatment_costing.py          119     26    78%   24, 112-115, 169-207, 235
app\services\treatment_planning.py          82      3    96%   102, 151, 190
app\services\treatment_service.py          112     19    83%   135, 152-153, 195, 198, 201, 227, 229, 233-241, 249, 251, 253, 258-271, 285, 301
app\services\usage_metering.py             153     15    90%   91, 204, 242, 244, 294, 351-352, 370-371, 400-401, 417-420, 436-437
app\utils\__init__.py                        0      0   100%
app\utils\storage.py                        61     34    44%   31-35, 40, 43-49, 53-59, 62-73, 76-86, 89-94, 99
----------------------------------------------------------------------
TOTAL                                    17456   7006    60%
Coverage HTML written to dir htmlcov
Coverage XML written to file coverage.xml
FAIL Required test coverage of 60% not reached. Total coverage: 59.86%
=========================== short test summary info ===========================
FAILED tests/test_communications.py::TestCommunicationsAuditLogging::test_send_message_writes_audit_log
FAILED tests/test_e2e_funnel.py::TestCriticalFunnel::test_full_funnel - asser...
FAILED tests/test_overdue_invoice_sweep.py::TestMarkOverdueInvoices::test_marks_past_due_pending_invoices_overdue
FAILED tests/test_patient_portal.py::test_portal_access_uses_booking_slug_email_index_and_short_lived_token
FAILED tests/test_patient_portal.py::test_portal_access_identity_lockout_after_repeated_failures
FAILED tests/test_patient_portal.py::test_portal_access_success_clears_failure_counter
FAILED tests/test_patients.py::TestPatientEndpoints::test_create_patient_success
FAILED tests/test_patients.py::TestPatientEndpoints::test_create_patient_duplicate_email
FAILED tests/test_patients.py::TestPatientEndpoints::test_update_patient_success
FAILED tests/test_payment_methods.py::TestAcceptedPaymentMethods::test_rejects_payment_method_not_in_accepted_list
FAILED tests/test_payment_methods.py::TestAcceptedPaymentMethods::test_accepts_payment_method_in_accepted_list
FAILED tests/test_payment_methods.py::TestAcceptedPaymentMethods::test_unconfigured_practice_keeps_default_methods
FAILED tests/test_phase2_security_money.py::TestTreatmentEstimateTenantScope::test_estimate_rejects_cross_tenant_policy
FAILED tests/test_phase2_security_money.py::TestTreatmentEstimateTenantScope::test_estimate_allows_own_tenant_policy
FAILED tests/test_plan_quota.py::TestPatientQuota::test_patient_creation_blocked_at_limit
FAILED tests/test_plan_quota.py::TestPatientQuota::test_patient_creation_allowed_below_limit
FAILED tests/test_plan_quota.py::TestPatientQuota::test_no_subscription_bypasses_enforcement
FAILED tests/test_plan_quota.py::TestPatientQuota::test_plan_without_dimension_limit_bypasses_enforcement
FAILED tests/test_plan_quota.py::TestPatientQuota::test_negative_limit_means_unlimited
FAILED tests/test_staff_onboarding.py::TestStaffInvitations::test_validate_and_accept_invitation_end_to_end
FAILED tests/test_stripe.py::TestStripeWebhookHandlers::test_handle_payment_succeeded_reconstructs_from_metadata
=========== 21 failed, 840 passed, 2 skipped in 1658.90s (0:27:38) ============
