{"meta": {"version": "7.4.0", "timestamp": "2026-05-05T11:50:16.727232", "branch_coverage": false, "show_contexts": false}, "files": {"app\\api\\deps.py": {"executed_lines": [1, 6, 7, 8, 9, 10, 11, 12, 13, 15, 16, 17, 18, 21, 24, 90, 102, 107, 115, 118, 152, 159, 180, 181, 182], "summary": {"covered_lines": 23, "num_statements": 76, "percent_covered": 30.263157894736842, "percent_covered_display": "30", "missing_lines": 53, "excluded_lines": 0}, "missing_lines": [33, 36, 37, 38, 45, 46, 52, 53, 54, 60, 61, 62, 63, 65, 66, 71, 72, 78, 79, 80, 81, 82, 87, 94, 95, 99, 108, 109, 113, 127, 128, 129, 131, 132, 137, 138, 139, 144, 145, 149, 156, 163, 164, 166, 167, 168, 171, 172, 173, 177, 187, 188, 189], "excluded_lines": []}, "app\\api\\v1\\api.py": {"executed_lines": [1, 6, 8, 38, 41, 42, 43, 44, 45, 46, 47, 48, 49, 50, 51, 52, 53, 54, 55, 56, 57, 58, 59, 60, 61, 62, 63, 64, 65, 66, 67], "summary": {"covered_lines": 30, "num_statements": 30, "percent_covered": 100.0, "percent_covered_display": "100", "missing_lines": 0, "excluded_lines": 0}, "missing_lines": [], "excluded_lines": []}, "app\\api\\v1\\endpoints\\__init__.py": {"executed_lines": [1, 5, 6, 7, 8, 9, 10, 11, 12, 13, 14, 15, 17], "summary": {"covered_lines": 12, "num_statements": 12, "percent_covered": 100.0, "percent_covered_display": "100", "missing_lines": 0, "excluded_lines": 0}, "missing_lines": [], "excluded_lines": []}, "app\\api\\v1\\endpoints\\accounting.py": {"executed_lines": [1, 6, 7, 8, 9, 10, 11, 12, 14, 15, 16, 17, 18, 19, 20, 21, 28, 31, 34, 43, 44, 80, 81, 134, 135, 235, 236, 300, 301], "summary": {"covered_lines": 28, "num_statements": 79, "percent_covered": 35.44303797468354, "percent_covered_display": "35", "missing_lines": 51, "excluded_lines": 0}, "missing_lines": [36, 58, 59, 65, 74, 94, 95, 99, 100, 106, 108, 109, 119, 120, 122, 128, 150, 151, 157, 166, 167, 169, 170, 172, 173, 175, 177, 179, 180, 181, 185, 214, 221, 225, 227, 246, 247, 253, 257, 258, 260, 261, 263, 264, 266, 267, 280, 286, 290, 292, 307], "excluded_lines": []}, "app\\api\\v1\\endpoints\\appointments.py": {"executed_lines": [1, 6, 7, 8, 9, 10, 11, 12, 13, 15, 16, 17, 18, 19, 20, 27, 29, 32, 40, 41, 80, 81, 106, 107, 179, 180, 245, 246, 276, 277], "summary": {"covered_lines": 29, "num_statements": 128, "percent_covered": 22.65625, "percent_covered_display": "23", "missing_lines": 99, "excluded_lines": 0}, "missing_lines": [34, 35, 36, 37, 54, 57, 58, 59, 60, 61, 62, 63, 64, 65, 66, 69, 71, 72, 74, 89, 95, 97, 98, 103, 117, 124, 126, 127, 133, 140, 141, 143, 144, 146, 147, 149, 150, 157, 159, 172, 173, 174, 176, 190, 196, 198, 199, 205, 206, 207, 209, 217, 218, 219, 221, 222, 223, 225, 226, 228, 229, 235, 236, 237, 239, 240, 242, 255, 261, 263, 264, 270, 271, 273, 289, 290, 293, 294, 298, 305, 306, 307, 308, 310, 311, 314, 315, 316, 318, 319, 322, 323, 325, 326, 327, 329, 330, 337, 339], "excluded_lines": []}, "app\\api\\v1\\endpoints\\auth.py": {"executed_lines": [1, 6, 8, 9, 10, 11, 12, 13, 15, 16, 24, 25, 26, 27, 28, 29, 39, 40, 41, 42, 44, 47, 54, 55, 57, 58, 59, 196, 197, 236, 237, 325, 326, 335, 336, 337, 414, 415, 416, 464, 465, 499, 500, 501, 588, 589, 590], "summary": {"covered_lines": 46, "num_statements": 212, "percent_covered": 21.69811320754717, "percent_covered_display": "22", "missing_lines": 166, "excluded_lines": 0}, "missing_lines": [49, 50, 51, 72, 73, 75, 77, 83, 84, 85, 91, 92, 94, 96, 97, 100, 101, 103, 104, 109, 110, 116, 117, 118, 121, 127, 128, 131, 140, 141, 144, 151, 153, 156, 157, 162, 172, 183, 193, 208, 210, 212, 213, 215, 223, 225, 226, 227, 229, 230, 231, 233, 246, 247, 248, 254, 255, 256, 262, 263, 266, 271, 273, 274, 280, 281, 283, 284, 290, 296, 297, 298, 301, 302, 303, 305, 312, 322, 332, 347, 348, 351, 352, 355, 356, 357, 358, 362, 371, 372, 375, 382, 383, 386, 387, 388, 407, 408, 409, 411, 425, 426, 429, 430, 432, 433, 434, 437, 438, 439, 457, 458, 459, 461, 472, 475, 483, 485, 486, 492, 493, 494, 496, 510, 511, 514, 516, 525, 528, 529, 538, 540, 541, 547, 552, 554, 555, 561, 562, 563, 569, 570, 573, 580, 581, 583, 585, 600, 603, 605, 606, 608, 614, 615, 616, 622, 623, 629, 630, 633, 639, 642, 643, 647, 649, 651], "excluded_lines": []}, "app\\api\\v1\\endpoints\\billing.py": {"executed_lines": [1, 6, 7, 8, 9, 10, 11, 12, 14, 15, 16, 17, 18, 19, 23, 24, 35, 40, 41, 83, 84, 119, 120, 177, 178, 230, 231, 265, 266, 317, 318, 353, 354, 423, 424, 485, 486, 545, 546, 582, 583, 621, 622, 662, 663, 686, 687, 712, 713, 768, 769, 799, 800, 832, 833, 868, 869, 907, 908], "summary": {"covered_lines": 58, "num_statements": 350, "percent_covered": 16.571428571428573, "percent_covered_display": "17", "missing_lines": 292, "excluded_lines": 0}, "missing_lines": [53, 59, 60, 61, 63, 64, 65, 66, 67, 68, 69, 70, 71, 73, 74, 75, 77, 78, 80, 94, 95, 96, 97, 99, 105, 107, 108, 113, 114, 116, 130, 136, 138, 139, 141, 142, 148, 149, 152, 154, 169, 170, 171, 172, 174, 189, 190, 191, 192, 194, 200, 202, 203, 205, 207, 208, 209, 211, 212, 213, 215, 216, 217, 218, 220, 221, 222, 224, 225, 227, 241, 242, 243, 244, 246, 252, 254, 255, 257, 258, 260, 279, 286, 288, 289, 290, 291, 292, 293, 295, 296, 297, 298, 299, 300, 301, 302, 303, 304, 305, 307, 308, 309, 311, 312, 314, 328, 329, 330, 331, 333, 339, 341, 342, 347, 348, 350, 364, 365, 371, 372, 373, 379, 381, 382, 385, 386, 391, 392, 394, 407, 410, 411, 412, 414, 415, 417, 418, 420, 435, 436, 437, 438, 441, 447, 449, 450, 452, 453, 455, 457, 458, 461, 462, 464, 465, 467, 470, 471, 472, 473, 474, 475, 476, 477, 479, 480, 482, 496, 497, 498, 499, 500, 502, 508, 509, 511, 516, 517, 519, 525, 526, 528, 529, 531, 556, 557, 558, 559, 561, 567, 569, 570, 573, 574, 579, 593, 594, 595, 596, 598, 604, 606, 607, 609, 610, 614, 616, 618, 633, 634, 635, 636, 638, 644, 646, 647, 649, 650, 653, 654, 655, 657, 659, 670, 680, 681, 683, 694, 695, 706, 707, 709, 722, 723, 724, 725, 728, 734, 736, 737, 740, 746, 747, 750, 755, 756, 758, 778, 779, 780, 781, 784, 790, 792, 793, 796, 811, 812, 813, 814, 817, 823, 825, 826, 829, 844, 845, 846, 847, 848, 851, 857, 859, 860, 863, 878, 887, 888, 890, 891, 893, 894, 900, 902, 903, 904, 916, 917, 918, 920, 921], "excluded_lines": []}, "app\\api\\v1\\endpoints\\booking.py": {"executed_lines": [1, 7, 8, 9, 10, 11, 12, 14, 15, 16, 17, 18, 19, 20, 21, 29, 30, 31, 59, 60, 61, 63, 64, 69, 70, 94, 95, 162, 163, 189, 190, 244, 245, 295, 296, 297, 417, 418, 458, 459, 490, 491, 538, 539, 634, 635, 636, 720, 721, 722, 763, 764, 787, 788, 824, 825, 874, 875, 902, 903, 932, 933], "summary": {"covered_lines": 61, "num_statements": 448, "percent_covered": 13.616071428571429, "percent_covered_display": "14", "missing_lines": 387, "excluded_lines": 0}, "missing_lines": [77, 78, 80, 81, 83, 85, 86, 88, 89, 90, 91, 102, 104, 105, 106, 109, 110, 111, 112, 115, 117, 150, 151, 152, 153, 154, 155, 156, 157, 158, 159, 169, 170, 176, 178, 179, 181, 182, 183, 184, 185, 186, 198, 199, 205, 207, 208, 210, 213, 214, 215, 216, 217, 220, 221, 222, 225, 226, 228, 229, 231, 232, 233, 234, 235, 236, 237, 238, 239, 250, 251, 257, 259, 260, 263, 264, 267, 286, 287, 288, 289, 290, 304, 306, 307, 308, 314, 317, 318, 319, 324, 325, 326, 332, 338, 340, 341, 344, 345, 358, 359, 365, 366, 368, 369, 375, 376, 379, 380, 389, 390, 391, 393, 394, 395, 398, 399, 406, 407, 409, 410, 411, 412, 413, 414, 428, 429, 431, 432, 434, 435, 437, 438, 440, 441, 443, 445, 446, 449, 450, 452, 453, 454, 455, 466, 467, 473, 475, 476, 479, 480, 482, 483, 484, 485, 486, 487, 499, 500, 506, 508, 509, 511, 514, 515, 516, 517, 518, 519, 520, 521, 522, 524, 525, 527, 528, 529, 530, 531, 532, 533, 534, 535, 547, 548, 554, 556, 557, 560, 561, 563, 566, 567, 569, 571, 580, 581, 582, 583, 586, 596, 597, 599, 600, 602, 603, 606, 607, 608, 615, 616, 618, 625, 626, 627, 628, 629, 643, 645, 651, 653, 654, 657, 658, 659, 661, 662, 665, 667, 668, 671, 673, 674, 675, 678, 679, 682, 683, 685, 686, 694, 695, 698, 700, 706, 708, 710, 711, 712, 713, 714, 715, 729, 731, 737, 739, 740, 743, 750, 751, 752, 753, 755, 756, 757, 758, 759, 760, 770, 771, 773, 774, 776, 778, 779, 781, 782, 783, 784, 796, 797, 803, 805, 806, 808, 809, 810, 812, 813, 814, 816, 817, 818, 819, 820, 821, 832, 833, 839, 841, 842, 845, 846, 847, 849, 850, 853, 854, 861, 862, 864, 865, 866, 867, 868, 869, 880, 881, 882, 884, 885, 887, 888, 890, 891, 892, 894, 895, 896, 897, 898, 899, 908, 909, 910, 912, 913, 915, 916, 918, 919, 920, 922, 923, 924, 925, 926, 927, 940, 941, 943, 944, 946, 947, 949, 950, 953, 954, 955, 956, 957, 958, 959, 962, 963, 964, 967, 970, 971, 972, 973, 974, 976, 979, 980, 981, 982, 983, 986, 987, 988, 989, 991, 993, 1008, 1009, 1010], "excluded_lines": []}, "app\\api\\v1\\endpoints\\clinic.py": {"executed_lines": [1, 6, 7, 8, 9, 10, 12, 13, 14, 15, 16, 17, 19, 22, 23, 95, 96], "summary": {"covered_lines": 16, "num_statements": 51, "percent_covered": 31.372549019607842, "percent_covered_display": "31", "missing_lines": 35, "excluded_lines": 0}, "missing_lines": [31, 32, 33, 35, 36, 39, 40, 41, 44, 45, 46, 49, 57, 68, 105, 106, 107, 109, 110, 113, 114, 116, 117, 118, 119, 120, 121, 122, 123, 124, 126, 127, 129, 130, 132], "excluded_lines": []}, "app\\api\\v1\\endpoints\\clinical.py": {"executed_lines": [1, 6, 7, 8, 9, 10, 12, 13, 14, 15, 16, 17, 22, 24, 26, 27, 64, 65], "summary": {"covered_lines": 17, "num_statements": 43, "percent_covered": 39.53488372093023, "percent_covered_display": "40", "missing_lines": 26, "excluded_lines": 0}, "missing_lines": [36, 37, 38, 40, 41, 44, 45, 46, 49, 50, 53, 56, 58, 75, 78, 79, 80, 85, 94, 95, 97, 98, 102, 104, 105, 106], "excluded_lines": []}, "app\\api\\v1\\endpoints\\communications.py": {"executed_lines": [1, 7, 8, 9, 10, 11, 13, 14, 15, 16, 17, 21, 22, 31, 34, 35, 66, 67, 91, 92, 123, 124, 165, 166, 192, 193, 228, 229, 249, 250, 304, 305, 336, 337, 360, 361, 381, 382, 411, 412, 442, 443, 469, 470, 493, 494, 514, 515, 557, 558, 585, 586, 613, 614, 664, 665, 683, 684, 698, 699], "summary": {"covered_lines": 59, "num_statements": 248, "percent_covered": 23.79032258064516, "percent_covered_display": "24", "missing_lines": 189, "excluded_lines": 0}, "missing_lines": [51, 55, 56, 57, 58, 59, 60, 62, 63, 78, 85, 86, 88, 103, 104, 112, 117, 118, 119, 120, 132, 139, 140, 143, 144, 153, 154, 155, 157, 158, 160, 161, 162, 173, 180, 181, 183, 184, 185, 207, 211, 212, 213, 214, 215, 216, 217, 218, 219, 220, 221, 222, 224, 225, 236, 243, 244, 246, 258, 265, 266, 269, 270, 271, 277, 279, 282, 283, 285, 294, 295, 296, 301, 313, 320, 321, 323, 324, 325, 327, 328, 329, 347, 351, 352, 353, 354, 356, 357, 368, 375, 376, 378, 390, 397, 398, 400, 405, 406, 407, 408, 420, 427, 428, 430, 431, 432, 434, 435, 437, 438, 439, 450, 457, 458, 460, 461, 462, 480, 484, 485, 486, 487, 489, 490, 501, 508, 509, 511, 523, 530, 531, 534, 543, 544, 546, 551, 552, 553, 554, 566, 573, 574, 576, 577, 578, 580, 581, 582, 596, 603, 604, 606, 610, 623, 630, 631, 633, 636, 637, 638, 639, 641, 646, 647, 648, 651, 652, 653, 654, 655, 657, 677, 678, 681, 689, 690, 691, 706, 707, 709, 716, 724, 732, 735, 742, 751, 758, 765], "excluded_lines": []}, "app\\api\\v1\\endpoints\\compliance.py": {"executed_lines": [1, 6, 7, 8, 9, 10, 11, 12, 13, 14, 15, 17, 19, 22, 23, 66, 67], "summary": {"covered_lines": 16, "num_statements": 42, "percent_covered": 38.095238095238095, "percent_covered_display": "38", "missing_lines": 26, "excluded_lines": 0}, "missing_lines": [31, 32, 37, 38, 39, 41, 44, 49, 50, 52, 54, 74, 75, 80, 91, 93, 99, 100, 102, 103, 105, 106, 108, 109, 112, 117], "excluded_lines": []}, "app\\api\\v1\\endpoints\\documents.py": {"executed_lines": [1, 6, 7, 8, 9, 10, 12, 13, 14, 15, 17, 21, 22, 44, 45, 66, 67], "summary": {"covered_lines": 16, "num_statements": 28, "percent_covered": 57.142857142857146, "percent_covered_display": "57", "missing_lines": 12, "excluded_lines": 0}, "missing_lines": [27, 31, 50, 54, 75, 76, 77, 79, 90, 93, 95, 96], "excluded_lines": []}, "app\\api\\v1\\endpoints\\edi.py": {"executed_lines": [1, 6, 7, 8, 9, 10, 11, 12, 13, 14, 15, 17, 18, 19, 20, 21, 22, 23, 24, 32, 35, 40, 48, 49, 163, 164, 317, 318], "summary": {"covered_lines": 27, "num_statements": 104, "percent_covered": 25.96153846153846, "percent_covered_display": "26", "missing_lines": 77, "excluded_lines": 0}, "missing_lines": [37, 42, 64, 65, 71, 77, 79, 80, 86, 92, 94, 95, 101, 115, 116, 123, 124, 125, 140, 145, 147, 150, 151, 178, 179, 185, 191, 193, 194, 201, 202, 209, 211, 212, 218, 224, 226, 227, 233, 234, 235, 243, 259, 260, 267, 268, 270, 282, 283, 284, 287, 290, 292, 300, 305, 307, 310, 311, 327, 328, 334, 339, 341, 342, 348, 354, 355, 361, 364, 367, 368, 374, 375, 376, 388, 394, 396], "excluded_lines": []}, "app\\api\\v1\\endpoints\\emergency.py": {"executed_lines": [1, 10, 11, 12, 13, 14, 15, 16, 17, 19, 20, 21, 22, 23, 25, 29, 32, 33, 34, 35, 36, 37, 40, 41, 42, 45, 50, 51, 150, 151, 234, 235], "summary": {"covered_lines": 29, "num_statements": 78, "percent_covered": 37.17948717948718, "percent_covered_display": "37", "missing_lines": 49, "excluded_lines": 0}, "missing_lines": [47, 69, 70, 71, 76, 81, 89, 95, 96, 98, 99, 105, 106, 112, 113, 115, 126, 140, 159, 160, 162, 163, 168, 169, 175, 176, 177, 178, 184, 187, 188, 190, 191, 197, 198, 209, 222, 242, 243, 244, 246, 247, 248, 249, 250, 252, 261, 262, 264], "excluded_lines": []}, "app\\api\\v1\\endpoints\\health.py": {"executed_lines": [1, 6, 7, 8, 9, 10, 11, 12, 13, 14, 15, 16, 18, 21, 24, 25, 114, 115, 127, 128, 161, 162, 189, 190, 238], "summary": {"covered_lines": 24, "num_statements": 102, "percent_covered": 23.529411764705884, "percent_covered_display": "24", "missing_lines": 78, "excluded_lines": 0}, "missing_lines": [30, 31, 33, 43, 44, 45, 46, 47, 48, 49, 51, 57, 58, 59, 60, 61, 62, 64, 68, 69, 72, 73, 74, 75, 76, 77, 79, 87, 88, 95, 96, 97, 98, 99, 102, 109, 111, 120, 133, 135, 136, 137, 138, 141, 142, 143, 145, 146, 147, 149, 150, 151, 153, 167, 174, 175, 176, 177, 178, 180, 181, 182, 184, 186, 195, 196, 197, 198, 200, 231, 232, 240, 241, 242, 243, 244, 245, 246], "excluded_lines": []}, "app\\api\\v1\\endpoints\\imaging.py": {"executed_lines": [1, 6, 7, 8, 9, 10, 12, 13, 14, 15, 16, 17, 18, 36, 37, 42, 43, 44, 46, 48, 55, 56, 116, 117, 212, 213, 251, 252, 287, 288, 318, 319, 358, 359, 450, 451, 494, 495, 537, 538, 585, 586, 615, 616, 655, 656, 680, 681, 711, 712], "summary": {"covered_lines": 49, "num_statements": 236, "percent_covered": 20.76271186440678, "percent_covered_display": "21", "missing_lines": 187, "excluded_lines": 0}, "missing_lines": [70, 72, 78, 80, 81, 87, 93, 94, 97, 101, 106, 107, 108, 109, 110, 137, 139, 145, 147, 148, 154, 155, 158, 161, 164, 169, 189, 194, 196, 197, 198, 202, 203, 204, 205, 206, 222, 223, 225, 226, 232, 235, 239, 241, 242, 243, 244, 245, 262, 263, 265, 266, 272, 273, 275, 277, 278, 279, 280, 281, 297, 298, 300, 301, 306, 308, 309, 310, 311, 312, 329, 330, 332, 333, 339, 340, 342, 348, 349, 350, 351, 352, 370, 371, 373, 374, 380, 385, 394, 397, 398, 399, 402, 404, 425, 426, 427, 429, 436, 437, 438, 439, 440, 460, 461, 463, 464, 470, 473, 478, 480, 481, 482, 483, 484, 503, 505, 511, 513, 514, 520, 522, 527, 528, 529, 530, 531, 548, 550, 556, 558, 559, 565, 573, 575, 576, 577, 578, 579, 594, 595, 597, 598, 603, 605, 606, 607, 608, 609, 626, 627, 629, 630, 636, 637, 639, 641, 642, 643, 644, 645, 664, 665, 667, 672, 673, 674, 690, 692, 701, 703, 704, 705, 722, 723, 725, 726, 732, 733, 734, 736, 738, 740, 741, 742, 743, 744], "excluded_lines": []}, "app\\api\\v1\\endpoints\\insurance.py": {"executed_lines": [1, 6, 7, 8, 9, 10, 11, 13, 14, 15, 16, 17, 26, 27, 49, 51, 56, 57, 87, 88, 110, 111, 140, 141, 174, 175, 222, 223, 272, 273, 319, 320, 363, 364, 407, 408, 480, 481, 515, 516, 628, 629, 667, 668, 706, 707, 754, 755, 816, 817, 819, 820, 847, 848, 879, 880], "summary": {"covered_lines": 55, "num_statements": 307, "percent_covered": 17.91530944625407, "percent_covered_display": "18", "missing_lines": 252, "excluded_lines": 0}, "missing_lines": [66, 68, 69, 71, 73, 74, 76, 78, 79, 81, 96, 99, 101, 102, 107, 121, 122, 125, 126, 127, 132, 133, 134, 135, 137, 151, 154, 156, 157, 162, 163, 164, 166, 167, 169, 186, 192, 194, 195, 200, 202, 203, 205, 207, 208, 211, 214, 216, 234, 240, 242, 243, 249, 252, 254, 255, 260, 265, 266, 267, 269, 283, 286, 288, 289, 295, 301, 303, 304, 309, 310, 311, 313, 314, 316, 329, 332, 334, 335, 341, 347, 349, 350, 355, 356, 358, 376, 378, 379, 381, 382, 384, 385, 387, 388, 390, 392, 393, 396, 399, 401, 418, 421, 423, 424, 430, 436, 438, 439, 445, 446, 452, 454, 457, 458, 460, 473, 474, 475, 477, 491, 497, 499, 500, 505, 506, 507, 509, 510, 512, 526, 532, 534, 535, 541, 542, 545, 547, 550, 552, 555, 557, 559, 570, 577, 583, 584, 587, 588, 589, 597, 606, 607, 609, 611, 612, 614, 617, 620, 622, 638, 639, 640, 641, 642, 643, 644, 645, 651, 652, 653, 656, 659, 661, 677, 678, 679, 680, 681, 682, 683, 685, 691, 692, 693, 696, 699, 701, 717, 719, 720, 722, 723, 725, 727, 728, 731, 732, 733, 739, 740, 743, 746, 748, 765, 768, 770, 771, 777, 783, 785, 786, 792, 793, 796, 798, 807, 808, 809, 811, 829, 830, 831, 833, 834, 837, 840, 842, 857, 863, 864, 866, 867, 868, 872, 874, 875, 876, 890, 893, 895, 896, 902, 908, 910, 911, 916, 917, 918, 920, 921, 923], "excluded_lines": []}, "app\\api\\v1\\endpoints\\inventory.py": {"executed_lines": [1, 6, 7, 8, 9, 10, 11, 13, 14, 15, 16, 17, 28, 30, 35, 36, 78, 79, 111, 112, 132, 133, 166, 167, 198, 199, 234, 235, 315, 316, 349, 350, 372, 373, 404, 405], "summary": {"covered_lines": 35, "num_statements": 152, "percent_covered": 23.026315789473685, "percent_covered_display": "23", "missing_lines": 117, "excluded_lines": 0}, "missing_lines": [47, 49, 50, 52, 54, 55, 60, 62, 63, 66, 67, 70, 73, 75, 88, 94, 96, 97, 103, 106, 108, 121, 125, 126, 127, 129, 143, 149, 151, 152, 157, 158, 160, 161, 163, 176, 182, 184, 185, 190, 191, 193, 210, 214, 215, 217, 218, 220, 221, 223, 224, 226, 228, 229, 231, 246, 252, 254, 255, 261, 262, 263, 265, 266, 267, 268, 269, 270, 275, 278, 281, 288, 291, 293, 299, 302, 307, 308, 310, 325, 327, 328, 330, 332, 333, 335, 337, 338, 341, 344, 346, 359, 363, 364, 365, 367, 383, 387, 388, 390, 391, 393, 394, 396, 398, 399, 401, 414, 420, 422, 423, 428, 429, 430, 432, 433, 435], "excluded_lines": []}, "app\\api\\v1\\endpoints\\labs.py": {"executed_lines": [1, 6, 7, 8, 9, 10, 11, 13, 14, 15, 16, 17, 18, 26, 28, 33, 34, 74, 75, 97, 98, 149, 150, 183, 184, 233, 234, 271, 272, 306, 307, 347, 348, 382, 383], "summary": {"covered_lines": 34, "num_statements": 150, "percent_covered": 22.666666666666668, "percent_covered_display": "23", "missing_lines": 116, "excluded_lines": 0}, "missing_lines": [44, 49, 50, 52, 53, 55, 57, 58, 60, 62, 63, 66, 69, 71, 84, 88, 89, 90, 92, 112, 117, 118, 120, 121, 123, 124, 126, 127, 129, 130, 132, 133, 135, 137, 138, 141, 144, 146, 159, 166, 168, 169, 175, 178, 180, 194, 195, 201, 203, 204, 210, 211, 217, 218, 220, 226, 227, 228, 230, 244, 250, 252, 253, 258, 259, 262, 263, 265, 266, 268, 282, 288, 290, 291, 297, 298, 299, 301, 319, 321, 322, 324, 325, 327, 328, 330, 331, 333, 335, 336, 339, 342, 344, 357, 363, 365, 366, 372, 375, 377, 393, 395, 396, 398, 399, 401, 402, 405, 406, 407, 408, 411, 412, 415, 418, 420], "excluded_lines": []}, "app\\api\\v1\\endpoints\\mfa.py": {"executed_lines": [1, 7, 8, 9, 10, 11, 12, 13, 14, 15, 17, 18, 19, 20, 22, 25, 26, 27, 28, 31, 32, 33, 34, 35, 38, 39, 40, 41, 42, 43, 46, 51, 56, 57, 108, 109, 155, 156, 198, 199, 285, 286], "summary": {"covered_lines": 38, "num_statements": 103, "percent_covered": 36.89320388349515, "percent_covered_display": "37", "missing_lines": 65, "excluded_lines": 0}, "missing_lines": [48, 53, 65, 66, 72, 73, 76, 77, 78, 81, 82, 85, 86, 87, 88, 91, 100, 117, 118, 123, 124, 130, 131, 132, 138, 139, 140, 143, 152, 164, 165, 171, 172, 173, 179, 180, 181, 182, 183, 186, 195, 209, 210, 212, 213, 219, 220, 222, 223, 227, 236, 239, 240, 241, 242, 244, 245, 246, 248, 249, 253, 262, 270, 279, 292], "excluded_lines": []}, "app\\api\\v1\\endpoints\\patient_portal.py": {"executed_lines": [1, 15, 16, 17, 18, 19, 20, 22, 23, 24, 25, 26, 28, 31, 32, 33, 36, 37, 38, 39, 40, 43, 44, 172, 173, 250, 251, 309, 310], "summary": {"covered_lines": 26, "num_statements": 69, "percent_covered": 37.68115942028985, "percent_covered_display": "38", "missing_lines": 43, "excluded_lines": 0}, "missing_lines": [64, 65, 67, 68, 71, 72, 75, 154, 163, 196, 197, 198, 204, 205, 207, 208, 211, 212, 215, 225, 228, 229, 232, 241, 269, 270, 272, 273, 276, 277, 280, 281, 282, 284, 287, 296, 318, 319, 321, 322, 324, 325, 327], "excluded_lines": []}, "app\\api\\v1\\endpoints\\patients.py": {"executed_lines": [1, 6, 7, 8, 9, 10, 12, 13, 14, 15, 16, 17, 18, 19, 20, 21, 22, 23, 25, 28, 29, 136, 137, 182, 183, 230, 231, 275, 276], "summary": {"covered_lines": 28, "num_statements": 113, "percent_covered": 24.778761061946902, "percent_covered_display": "25", "missing_lines": 85, "excluded_lines": 0}, "missing_lines": [43, 46, 49, 50, 51, 52, 53, 54, 57, 64, 66, 68, 70, 71, 78, 79, 80, 82, 84, 87, 88, 91, 92, 93, 94, 95, 96, 97, 102, 103, 104, 106, 107, 108, 109, 111, 112, 115, 118, 119, 122, 130, 131, 133, 149, 156, 157, 158, 164, 169, 170, 171, 174, 177, 179, 193, 206, 208, 209, 215, 218, 222, 224, 225, 227, 244, 250, 252, 253, 259, 260, 261, 263, 264, 267, 270, 272, 288, 294, 296, 297, 303, 304, 307, 310], "excluded_lines": []}, "app\\api\\v1\\endpoints\\payments.py": {"executed_lines": [1, 6, 7, 8, 9, 10, 12, 13, 14, 15, 16, 17, 30, 31, 32, 37, 39, 41, 48, 49, 92, 93, 141, 142, 193, 194, 211, 212, 257, 258, 300, 301, 341, 342, 419, 420, 454, 455, 499, 500, 520, 521], "summary": {"covered_lines": 41, "num_statements": 174, "percent_covered": 23.563218390804597, "percent_covered_display": "24", "missing_lines": 133, "excluded_lines": 0}, "missing_lines": [64, 66, 71, 76, 78, 79, 80, 84, 85, 86, 108, 109, 110, 113, 116, 117, 118, 120, 121, 122, 124, 125, 127, 128, 129, 133, 134, 135, 153, 155, 156, 157, 163, 164, 165, 171, 176, 181, 183, 184, 185, 186, 187, 201, 204, 228, 230, 236, 241, 243, 244, 245, 249, 250, 251, 268, 270, 279, 284, 286, 287, 288, 292, 293, 294, 311, 313, 318, 319, 320, 325, 327, 328, 329, 333, 334, 335, 352, 353, 354, 357, 359, 361, 362, 363, 365, 367, 368, 369, 380, 381, 382, 384, 385, 386, 387, 398, 399, 401, 402, 403, 407, 408, 409, 427, 429, 432, 436, 446, 447, 448, 466, 468, 469, 473, 474, 475, 484, 491, 492, 493, 507, 508, 511, 512, 513, 514, 528, 529, 532, 533, 534, 535], "excluded_lines": []}, "app\\api\\v1\\endpoints\\referrals.py": {"executed_lines": [1, 6, 7, 8, 9, 10, 11, 12, 13, 15, 16, 17, 18, 19, 20, 29, 31, 36, 37, 70, 71, 93, 94, 146, 147, 179, 180, 229, 230, 267, 268, 301, 302, 335, 336, 375, 376, 429, 430, 431, 432, 433, 436, 437], "summary": {"covered_lines": 42, "num_statements": 167, "percent_covered": 25.149700598802394, "percent_covered_display": "25", "missing_lines": 125, "excluded_lines": 0}, "missing_lines": [47, 51, 52, 54, 55, 57, 59, 60, 62, 64, 65, 67, 80, 84, 85, 86, 88, 108, 114, 115, 117, 118, 120, 121, 123, 124, 126, 127, 129, 130, 132, 134, 135, 138, 141, 143, 156, 162, 164, 165, 171, 174, 176, 190, 191, 197, 199, 200, 206, 207, 213, 214, 216, 222, 223, 224, 226, 240, 246, 248, 249, 254, 255, 258, 259, 261, 262, 264, 277, 283, 285, 286, 292, 293, 294, 296, 311, 317, 319, 320, 325, 329, 330, 332, 347, 353, 355, 356, 361, 366, 367, 368, 370, 387, 397, 398, 399, 400, 402, 403, 405, 406, 407, 408, 411, 414, 416, 448, 454, 456, 457, 463, 466, 469, 470, 473, 476, 498, 499, 506, 514, 515, 517, 518, 519], "excluded_lines": []}, "app\\api\\v1\\endpoints\\reports.py": {"executed_lines": [1, 6, 7, 8, 9, 10, 11, 13, 14, 15, 16, 17, 18, 19, 20, 21, 22, 23, 25, 27, 28], "summary": {"covered_lines": 20, "num_statements": 70, "percent_covered": 28.571428571428573, "percent_covered_display": "29", "missing_lines": 50, "excluded_lines": 0}, "missing_lines": [38, 41, 45, 48, 61, 62, 64, 65, 66, 67, 68, 70, 71, 74, 85, 86, 91, 102, 103, 106, 107, 108, 109, 110, 111, 116, 125, 126, 128, 131, 132, 142, 143, 145, 146, 147, 151, 154, 165, 166, 168, 169, 170, 172, 173, 176, 177, 178, 181, 183], "excluded_lines": []}, "app\\api\\v1\\endpoints\\settings.py": {"executed_lines": [1, 6, 7, 8, 9, 11, 12, 13, 14, 15, 17, 20, 21, 58, 59], "summary": {"covered_lines": 14, "num_statements": 37, "percent_covered": 37.83783783783784, "percent_covered_display": "38", "missing_lines": 23, "excluded_lines": 0}, "missing_lines": [28, 30, 31, 34, 35, 36, 37, 39, 41, 42, 45, 68, 69, 70, 72, 73, 76, 77, 78, 79, 81, 82, 84], "excluded_lines": []}, "app\\api\\v1\\endpoints\\staff.py": {"executed_lines": [1, 6, 7, 8, 9, 10, 11, 13, 14, 15, 16, 17, 18, 20, 22, 23, 46, 47, 95, 96, 142, 143], "summary": {"covered_lines": 21, "num_statements": 75, "percent_covered": 28.0, "percent_covered_display": "28", "missing_lines": 54, "excluded_lines": 0}, "missing_lines": [33, 36, 38, 43, 44, 58, 59, 60, 61, 62, 68, 69, 70, 71, 73, 83, 84, 85, 88, 91, 93, 107, 111, 112, 114, 115, 118, 119, 124, 125, 126, 127, 129, 131, 132, 135, 138, 140, 153, 154, 156, 160, 161, 163, 164, 168, 169, 174, 178, 179, 185, 188, 191, 193], "excluded_lines": []}, "app\\api\\v1\\endpoints\\subscriptions.py": {"executed_lines": [1, 6, 7, 8, 9, 10, 11, 12, 14, 15, 16, 17, 18, 19, 24, 44, 47, 48, 49, 51, 52, 56, 57, 75, 76, 138, 139, 162, 163, 180, 181, 210, 211, 302, 303, 315, 316, 343, 344, 381, 382, 409, 410, 435, 436, 472, 473, 497, 498, 520, 521, 538, 539, 581, 582, 593, 594, 605, 606, 633, 634, 676, 677], "summary": {"covered_lines": 62, "num_statements": 281, "percent_covered": 22.06405693950178, "percent_covered_display": "22", "missing_lines": 219, "excluded_lines": 0}, "missing_lines": [63, 65, 66, 68, 69, 70, 72, 84, 85, 86, 87, 90, 97, 105, 113, 123, 124, 126, 127, 128, 130, 131, 132, 133, 135, 147, 148, 150, 151, 153, 154, 155, 157, 158, 159, 169, 170, 172, 173, 175, 189, 191, 192, 193, 194, 195, 196, 198, 199, 200, 202, 203, 204, 205, 207, 221, 222, 224, 225, 228, 234, 235, 241, 242, 252, 253, 256, 257, 258, 259, 262, 265, 280, 282, 287, 288, 291, 292, 299, 309, 310, 311, 312, 322, 323, 324, 325, 326, 328, 329, 330, 332, 353, 354, 355, 356, 357, 360, 363, 364, 365, 367, 368, 369, 371, 376, 377, 378, 391, 392, 393, 394, 395, 398, 400, 401, 402, 404, 405, 406, 417, 418, 419, 420, 421, 424, 426, 427, 428, 430, 431, 432, 445, 446, 447, 449, 450, 451, 452, 455, 456, 459, 460, 462, 467, 468, 469, 482, 483, 484, 486, 487, 490, 494, 504, 505, 506, 509, 511, 527, 529, 534, 535, 546, 547, 548, 550, 551, 552, 554, 555, 556, 557, 559, 560, 561, 562, 564, 565, 567, 569, 589, 590, 599, 600, 611, 613, 614, 616, 617, 618, 620, 621, 622, 623, 624, 625, 628, 630, 641, 643, 644, 645, 647, 648, 650, 651, 652, 657, 672, 673, 685, 686, 687, 689, 690, 691, 694, 696], "excluded_lines": []}, "app\\api\\v1\\endpoints\\treatment.py": {"executed_lines": [1, 7, 8, 9, 10, 11, 12, 13, 15, 16, 17, 18, 19, 29, 30, 31, 65, 66, 67, 69, 70, 75, 76, 109, 110, 151, 152, 206, 207, 233, 234, 264, 265, 295, 296, 320, 321, 351, 352, 389, 390, 433, 434, 477, 478, 520, 521, 562, 563, 608, 609, 650, 651, 689, 690, 712, 713], "summary": {"covered_lines": 56, "num_statements": 352, "percent_covered": 15.909090909090908, "percent_covered_display": "16", "missing_lines": 296, "excluded_lines": 0}, "missing_lines": [87, 88, 99, 100, 102, 103, 104, 105, 106, 118, 120, 126, 128, 129, 131, 139, 140, 142, 143, 144, 145, 146, 147, 148, 160, 162, 168, 170, 171, 174, 180, 182, 183, 185, 194, 195, 197, 198, 199, 200, 201, 202, 203, 214, 215, 217, 218, 221, 222, 224, 225, 226, 227, 228, 229, 230, 242, 244, 246, 247, 249, 255, 256, 257, 258, 259, 260, 261, 272, 274, 276, 277, 279, 281, 282, 284, 285, 286, 287, 288, 289, 290, 302, 304, 306, 307, 309, 311, 312, 313, 314, 315, 316, 317, 329, 331, 333, 334, 336, 342, 343, 344, 345, 346, 347, 348, 360, 361, 363, 364, 367, 369, 370, 372, 378, 379, 380, 381, 382, 383, 384, 399, 401, 403, 404, 406, 410, 411, 413, 414, 416, 417, 419, 421, 422, 424, 425, 426, 427, 428, 429, 430, 442, 444, 446, 447, 450, 451, 453, 454, 456, 461, 462, 463, 466, 468, 469, 470, 471, 472, 473, 474, 486, 487, 490, 492, 493, 496, 498, 499, 501, 502, 503, 505, 506, 509, 511, 512, 513, 514, 515, 516, 517, 528, 529, 532, 534, 535, 538, 540, 541, 543, 545, 546, 549, 551, 552, 553, 554, 555, 556, 557, 572, 573, 578, 579, 581, 582, 583, 590, 591, 593, 594, 596, 598, 599, 601, 602, 603, 604, 605, 616, 618, 624, 626, 627, 632, 637, 638, 639, 641, 642, 643, 644, 645, 646, 647, 659, 660, 666, 668, 669, 671, 672, 673, 675, 676, 678, 679, 680, 681, 682, 683, 684, 696, 697, 703, 704, 705, 706, 707, 721, 722, 724, 725, 728, 729, 730, 731, 734, 735, 737, 739, 744, 746, 747, 748, 749, 750, 751, 753, 756, 761, 763, 764, 765, 766, 767, 769, 771, 772, 780, 781, 782, 783, 784], "excluded_lines": []}, "app\\core\\audit.py": {"executed_lines": [1, 6, 7, 8, 9, 10, 11, 12, 13, 15], "summary": {"covered_lines": 9, "num_statements": 27, "percent_covered": 33.333333333333336, "percent_covered_display": "33", "missing_lines": 18, "excluded_lines": 0}, "missing_lines": [29, 30, 32, 33, 34, 37, 38, 40, 41, 43, 44, 45, 47, 49, 59, 61, 63, 66], "excluded_lines": []}, "app\\core\\base.py": {"executed_lines": [1, 4, 6], "summary": {"covered_lines": 2, "num_statements": 2, "percent_covered": 100.0, "percent_covered_display": "100", "missing_lines": 0, "excluded_lines": 0}, "missing_lines": [], "excluded_lines": []}, "app\\core\\config_simple.py": {"executed_lines": [1, 5, 6, 7, 8, 11, 14, 19, 20, 23, 24, 34, 35, 44, 45, 49, 53, 54, 56, 58, 59, 60, 61, 64, 65, 66, 69, 70, 71, 72, 75, 76, 79, 80, 83, 86, 89, 90, 91, 92, 93, 94, 97, 98, 99, 100, 103, 106, 107, 110, 113, 114, 117, 118, 119, 122, 123, 124, 127, 128, 129, 130, 133, 134, 135, 138, 139, 142, 143, 144, 145, 146, 147, 148, 149, 152, 155, 156, 159, 162], "summary": {"covered_lines": 78, "num_statements": 85, "percent_covered": 91.76470588235294, "percent_covered_display": "92", "missing_lines": 7, "excluded_lines": 0}, "missing_lines": [29, 30, 31, 40, 41, 46, 50], "excluded_lines": []}, "app\\core\\database.py": {"executed_lines": [1, 6, 7, 8, 10, 11, 13, 14, 17, 22, 30, 36, 49], "summary": {"covered_lines": 12, "num_statements": 22, "percent_covered": 54.54545454545455, "percent_covered_display": "55", "missing_lines": 10, "excluded_lines": 0}, "missing_lines": [15, 23, 54, 55, 56, 57, 58, 59, 60, 62], "excluded_lines": []}, "app\\core\\email.py": {"executed_lines": [1, 6, 7, 8, 9, 10, 12, 15, 16, 17, 18, 21, 22, 29, 30, 33, 34, 36, 67, 113, 154, 174, 195, 229, 262, 295, 305, 311, 345, 355, 388, 399, 400, 440, 451, 489, 498, 499, 530, 568], "summary": {"covered_lines": 38, "num_statements": 94, "percent_covered": 40.42553191489362, "percent_covered_display": "40", "missing_lines": 56, "excluded_lines": 0}, "missing_lines": [49, 51, 60, 61, 62, 63, 65, 74, 75, 76, 81, 83, 89, 90, 91, 93, 94, 95, 96, 100, 102, 103, 109, 110, 111, 115, 116, 117, 119, 126, 128, 133, 134, 135, 136, 138, 144, 145, 150, 151, 152, 156, 157, 158, 159, 160, 161, 162, 163, 164, 166, 176, 204, 238, 270, 536], "excluded_lines": []}, "app\\core\\encryption.py": {"executed_lines": [1, 6, 7, 8, 10, 13, 14, 16, 18, 20, 24, 29, 58, 90, 93, 106, 119], "summary": {"covered_lines": 15, "num_statements": 41, "percent_covered": 36.58536585365854, "percent_covered_display": "37", "missing_lines": 26, "excluded_lines": 0}, "missing_lines": [21, 22, 25, 26, 27, 42, 43, 45, 47, 52, 53, 54, 55, 56, 71, 72, 74, 76, 81, 82, 83, 84, 86, 103, 116, 129], "excluded_lines": []}, "app\\core\\ip_rate_limit.py": {"executed_lines": [1, 6, 7, 8, 9, 10, 11, 13, 17, 18, 21, 22, 24, 38, 39, 40, 42, 53, 108, 133, 139, 145], "summary": {"covered_lines": 20, "num_statements": 50, "percent_covered": 40.0, "percent_covered_display": "40", "missing_lines": 30, "excluded_lines": 0}, "missing_lines": [45, 46, 48, 51, 66, 67, 68, 70, 72, 75, 82, 84, 85, 94, 100, 101, 103, 106, 110, 111, 113, 114, 115, 116, 117, 123, 124, 126, 128, 129], "excluded_lines": []}, "app\\core\\limiter.py": {"executed_lines": [1, 2, 3, 5], "summary": {"covered_lines": 4, "num_statements": 4, "percent_covered": 100.0, "percent_covered_display": "100", "missing_lines": 0, "excluded_lines": 0}, "missing_lines": [], "excluded_lines": []}, "app\\core\\logging_config.py": {"executed_lines": [1, 6, 7, 8, 9, 12, 14, 15, 32], "summary": {"covered_lines": 8, "num_statements": 20, "percent_covered": 40.0, "percent_covered_display": "40", "missing_lines": 12, "excluded_lines": 0}, "missing_lines": [17, 18, 19, 20, 21, 22, 24, 25, 27, 28, 29, 34], "excluded_lines": []}, "app\\core\\redis_cache.py": {"executed_lines": [1, 6, 7, 8, 9, 10, 11, 14, 34, 35, 37, 38, 39, 41, 60, 65, 87, 115, 135, 160, 192, 195, 240], "summary": {"covered_lines": 21, "num_statements": 101, "percent_covered": 20.792079207920793, "percent_covered_display": "21", "missing_lines": 80, "excluded_lines": 0}, "missing_lines": [25, 26, 29, 30, 31, 43, 44, 46, 47, 53, 54, 55, 56, 57, 58, 62, 63, 75, 76, 78, 79, 80, 81, 82, 83, 85, 104, 105, 107, 108, 109, 110, 111, 112, 113, 125, 126, 128, 129, 130, 131, 132, 133, 145, 146, 148, 149, 150, 151, 153, 154, 155, 156, 157, 158, 173, 175, 176, 178, 179, 181, 184, 185, 186, 188, 214, 215, 216, 218, 219, 221, 224, 225, 226, 229, 232, 234, 236, 237, 250], "excluded_lines": []}, "app\\core\\sanitization.py": {"executed_lines": [1, 6, 7, 10, 47, 60, 78, 98], "summary": {"covered_lines": 7, "num_statements": 38, "percent_covered": 18.42105263157895, "percent_covered_display": "18", "missing_lines": 31, "excluded_lines": 0}, "missing_lines": [18, 19, 22, 25, 26, 31, 41, 42, 44, 51, 52, 55, 57, 64, 65, 68, 71, 72, 73, 75, 82, 83, 86, 89, 90, 93, 95, 102, 103, 106, 108], "excluded_lines": []}, "app\\core\\security.py": {"executed_lines": [1, 6, 7, 8, 9, 10, 11, 13, 16, 19, 24, 26, 29, 52, 66, 75, 89, 94, 99, 104, 117, 118, 121], "summary": {"covered_lines": 22, "num_statements": 55, "percent_covered": 40.0, "percent_covered_display": "40", "missing_lines": 33, "excluded_lines": 0}, "missing_lines": [21, 34, 35, 37, 38, 40, 41, 43, 44, 46, 47, 49, 54, 56, 57, 59, 61, 62, 63, 68, 69, 70, 71, 72, 77, 79, 84, 85, 86, 91, 96, 101, 123], "excluded_lines": []}, "app\\core\\sentry_config.py": {"executed_lines": [1, 6, 7, 8, 10, 12, 13, 16, 23, 39, 48, 52, 53, 57, 58, 59, 93], "summary": {"covered_lines": 16, "num_statements": 60, "percent_covered": 26.666666666666668, "percent_covered_display": "27", "missing_lines": 44, "excluded_lines": 0}, "missing_lines": [25, 26, 28, 29, 30, 31, 32, 33, 34, 36, 41, 42, 43, 44, 45, 54, 55, 56, 61, 62, 63, 65, 66, 71, 87, 88, 89, 90, 100, 107, 108, 109, 110, 111, 112, 114, 116, 117, 118, 119, 120, 122, 123, 125], "excluded_lines": []}, "app\\exceptions\\__init__.py": {"executed_lines": [0], "summary": {"covered_lines": 0, "num_statements": 0, "percent_covered": 100.0, "percent_covered_display": "100", "missing_lines": 0, "excluded_lines": 0}, "missing_lines": [], "excluded_lines": []}, "app\\exceptions\\handlers.py": {"executed_lines": [1, 6, 7, 8, 9, 10, 11, 12, 13, 14, 16, 19, 20, 21, 26, 32, 44, 83], "summary": {"covered_lines": 16, "num_statements": 56, "percent_covered": 28.571428571428573, "percent_covered_display": "29", "missing_lines": 40, "excluded_lines": 0}, "missing_lines": [22, 23, 24, 34, 35, 39, 40, 41, 46, 49, 50, 51, 52, 53, 54, 55, 56, 58, 60, 62, 63, 64, 66, 74, 85, 86, 87, 88, 90, 91, 93, 94, 95, 96, 97, 98, 100, 112, 113, 115], "excluded_lines": []}, "app\\main.py": {"executed_lines": [1, 6, 7, 8, 9, 10, 11, 12, 13, 14, 16, 17, 18, 19, 20, 21, 22, 23, 24, 25, 26, 30, 31, 32, 44, 47, 50, 61, 62, 65, 66, 69, 73, 78, 81, 82, 85, 101, 110, 117, 118, 134, 135, 144, 145, 163, 164, 175, 178], "summary": {"covered_lines": 47, "num_statements": 83, "percent_covered": 56.626506024096386, "percent_covered_display": "57", "missing_lines": 36, "excluded_lines": 0}, "missing_lines": [33, 70, 74, 75, 102, 103, 104, 105, 106, 107, 111, 120, 121, 122, 125, 126, 128, 129, 130, 131, 138, 139, 141, 147, 148, 149, 150, 151, 152, 153, 158, 159, 160, 166, 179, 180], "excluded_lines": []}, "app\\middleware\\__init__.py": {"executed_lines": [0], "summary": {"covered_lines": 0, "num_statements": 0, "percent_covered": 100.0, "percent_covered_display": "100", "missing_lines": 0, "excluded_lines": 0}, "missing_lines": [], "excluded_lines": []}, "app\\middleware\\audit_logging.py": {"executed_lines": [1, 6, 7, 8, 9, 10, 11, 13, 16], "summary": {"covered_lines": 8, "num_statements": 26, "percent_covered": 30.76923076923077, "percent_covered_display": "31", "missing_lines": 18, "excluded_lines": 0}, "missing_lines": [18, 19, 20, 23, 24, 25, 26, 27, 28, 29, 30, 31, 32, 33, 34, 35, 37, 54], "excluded_lines": []}, "app\\middleware\\https_enforcement.py": {"executed_lines": [], "summary": {"covered_lines": 0, "num_statements": 16, "percent_covered": 0.0, "percent_covered_display": "0", "missing_lines": 16, "excluded_lines": 0}, "missing_lines": [6, 7, 8, 9, 12, 18, 20, 21, 24, 25, 27, 28, 31, 34, 35, 37], "excluded_lines": []}, "app\\middleware\\security_headers.py": {"executed_lines": [1, 6, 7, 10], "summary": {"covered_lines": 3, "num_statements": 13, "percent_covered": 23.076923076923077, "percent_covered_display": "23", "missing_lines": 10, "excluded_lines": 0}, "missing_lines": [12, 14, 15, 16, 17, 18, 19, 20, 21, 30], "excluded_lines": []}, "app\\middleware\\security_monitoring.py": {"executed_lines": [1, 6, 7, 8, 11], "summary": {"covered_lines": 4, "num_statements": 17, "percent_covered": 23.529411764705884, "percent_covered_display": "24", "missing_lines": 13, "excluded_lines": 0}, "missing_lines": [21, 23, 24, 26, 27, 38, 39, 49, 50, 62, 64, 65, 75], "excluded_lines": []}, "app\\models\\__init__.py": {"executed_lines": [1, 6, 7, 8, 9, 10, 11, 12, 13, 14, 22, 23, 34, 44, 55, 63, 72, 83, 92, 102, 114], "summary": {"covered_lines": 20, "num_statements": 20, "percent_covered": 100.0, "percent_covered_display": "100", "missing_lines": 0, "excluded_lines": 0}, "missing_lines": [], "excluded_lines": []}, "app\\models\\appointment.py": {"executed_lines": [1, 7, 8, 9, 10, 11, 12, 14, 17, 18, 19, 20, 21, 22, 23, 24, 25, 28, 29, 30, 31, 32, 33, 34, 35, 36, 37, 38, 39, 42, 43, 44, 47, 55, 56, 57, 58, 59, 61, 62, 64, 65, 66, 68, 69, 71, 72, 75, 76, 77, 78, 79, 81, 85, 86, 87, 89, 90, 91, 92, 93, 94, 95, 97, 98, 101, 103, 107, 108, 109, 111, 112, 113, 114, 115, 117, 118, 121, 122, 124], "summary": {"covered_lines": 74, "num_statements": 77, "percent_covered": 96.1038961038961, "percent_covered_display": "96", "missing_lines": 3, "excluded_lines": 0}, "missing_lines": [82, 104, 125], "excluded_lines": []}, "app\\models\\audit.py": {"executed_lines": [1, 6, 7, 8, 9, 10, 12, 15, 16, 17, 19, 20, 22, 23, 24, 26, 28, 29, 31, 34, 36, 40, 41, 42, 44, 45, 47, 48, 51, 52, 54, 57, 60, 62], "summary": {"covered_lines": 31, "num_statements": 33, "percent_covered": 93.93939393939394, "percent_covered_display": "94", "missing_lines": 2, "excluded_lines": 0}, "missing_lines": [37, 63], "excluded_lines": []}, "app\\models\\billing.py": {"executed_lines": [1, 6, 7, 8, 9, 10, 11, 12, 14, 17, 18, 19, 20, 21, 22, 23, 24, 25, 26, 29, 30, 31, 32, 33, 34, 35, 38, 39, 40, 41, 42, 43, 46, 47, 48, 50, 51, 52, 54, 55, 57, 58, 59, 62, 63, 67, 69, 70, 73, 74, 75, 76, 77, 79, 80, 83, 84, 85, 86, 87, 89, 97, 102, 104, 105, 111, 112, 113, 115, 116, 117, 119, 120, 121, 122, 123, 124, 125, 126, 129, 130, 132, 133, 136, 137, 139, 143, 144, 145, 146, 147, 148, 151, 152, 153, 154, 155, 156, 159, 160, 161, 163, 164, 165, 166, 168, 169, 170, 171, 172, 174, 175, 178, 179, 180, 181, 183, 184, 188, 189, 193, 197, 198, 199, 201, 202, 204, 205, 206, 207, 209, 212, 214], "summary": {"covered_lines": 123, "num_statements": 133, "percent_covered": 92.4812030075188, "percent_covered_display": "92", "missing_lines": 10, "excluded_lines": 0}, "missing_lines": [91, 95, 98, 107, 108, 140, 186, 191, 194, 215], "excluded_lines": []}, "app\\models\\booking.py": {"executed_lines": [1, 6, 7, 8, 9, 10, 11, 12, 14, 17, 18, 19, 20, 21, 24, 25, 26, 27, 28, 29, 30, 33, 34, 35, 36, 37, 38, 39, 42, 43, 44, 46, 47, 50, 51, 52, 55, 56, 57, 60, 61, 62, 63, 66, 67, 68, 71, 74, 78, 81, 84, 85, 86, 89, 90, 91, 92, 93, 96, 97, 98, 101, 104, 105, 106, 108, 109, 112, 113, 114, 116, 120, 121, 122, 124, 125, 126, 129, 130, 133, 134, 135, 136, 137, 140, 141, 142, 143, 144, 147, 148, 151, 152, 153, 154, 157, 160, 163, 164, 167, 168, 169, 170, 173, 176, 177, 180, 181, 182, 183, 186, 187, 190, 191, 192, 193, 195, 196, 199, 200, 201, 202, 203, 204, 206, 210, 211, 212, 214, 215, 216, 219, 220, 221, 222, 223, 226, 227, 228, 229, 232, 235, 238, 239, 242, 245, 248, 250, 251, 254, 255, 256, 257, 258, 260, 264, 265, 266, 268, 269, 270, 273, 274, 275, 276, 279, 280, 281, 284, 285, 288, 291, 292, 294, 295, 298, 299, 301, 305, 306, 307, 309, 310, 313, 314, 317, 318, 321, 322, 325, 326, 327, 328, 329, 330, 333, 335, 338, 340, 345], "summary": {"covered_lines": 191, "num_statements": 196, "percent_covered": 97.44897959183673, "percent_covered_display": "97", "missing_lines": 5, "excluded_lines": 0}, "missing_lines": [117, 207, 261, 302, 341], "excluded_lines": []}, "app\\models\\clinical.py": {"executed_lines": [1, 6, 7, 8, 9, 10, 11, 13, 16, 17, 18, 19, 20, 21, 22, 25, 26, 27, 29, 30, 31, 32, 34, 35, 36, 38, 39, 42, 43, 45, 49, 50, 51, 53, 54, 58, 60, 61, 64, 66, 70, 71, 72, 74, 75, 76, 77, 81, 84, 85, 86, 87, 88, 90, 91, 94, 95, 96, 98, 102, 103, 104, 106, 107, 110, 113, 116, 119, 120, 123, 124, 127, 129, 130, 133, 135], "summary": {"covered_lines": 70, "num_statements": 74, "percent_covered": 94.5945945945946, "percent_covered_display": "95", "missing_lines": 4, "excluded_lines": 0}, "missing_lines": [46, 67, 99, 136], "excluded_lines": []}, "app\\models\\communication.py": {"executed_lines": [1, 6, 7, 8, 9, 10, 11, 13, 16, 17, 18, 19, 20, 21, 22, 25, 26, 27, 28, 31, 32, 33, 34, 35, 36, 37, 40, 41, 42, 43, 44, 45, 46, 47, 50, 51, 52, 54, 55, 58, 59, 60, 61, 64, 67, 70, 71, 74, 76, 77, 80, 81, 83, 87, 88, 89, 91, 92, 93, 94, 95, 96, 99, 100, 101, 104, 105, 108, 109, 112, 113, 116, 117, 120, 121, 122, 123, 126, 127, 130, 133, 136, 138, 139, 142, 143, 144, 145, 146, 147, 148, 150, 154, 155, 156, 158, 159, 160, 161, 164, 165, 168, 169, 170, 171, 174, 177, 180, 181, 184, 187, 189, 190, 193, 194, 195, 197, 201, 202, 203, 205, 206, 207, 208, 211, 212, 215, 218, 219, 220, 223, 224, 226, 227, 230, 231, 232, 233, 235, 239, 240, 241, 243, 244, 245, 246, 249, 250, 253, 254, 257, 259, 262, 263, 265], "summary": {"covered_lines": 145, "num_statements": 150, "percent_covered": 96.66666666666667, "percent_covered_display": "97", "missing_lines": 5, "excluded_lines": 0}, "missing_lines": [84, 151, 198, 236, 266], "excluded_lines": []}, "app\\models\\document.py": {"executed_lines": [1, 6, 7, 8, 9, 10, 11, 13, 16, 17, 18, 19, 20, 21, 22, 23, 24, 27, 28, 29, 30, 31, 32, 33, 36, 37, 38, 39, 40, 41, 42, 43, 46, 47, 48, 50, 51, 54, 55, 56, 59, 60, 63, 64, 65, 68, 71, 72, 75, 78, 79, 82, 84, 85, 88, 89, 91, 95, 96, 97, 99, 100, 101, 102, 103, 106, 107, 108, 111, 112, 113, 116, 119, 120, 123, 126, 127, 130, 132, 133, 136, 137, 138, 139, 140, 142, 146, 147, 148, 150, 151, 152, 153, 156, 157, 158, 161, 164, 165, 166, 169, 170, 171, 174, 175, 178, 180, 181, 184, 185, 186, 188, 192, 193, 194, 196, 197, 200, 201, 202, 205, 206, 207, 208, 209, 212, 213, 215, 218, 220], "summary": {"covered_lines": 122, "num_statements": 126, "percent_covered": 96.82539682539682, "percent_covered_display": "97", "missing_lines": 4, "excluded_lines": 0}, "missing_lines": [92, 143, 189, 221], "excluded_lines": []}, "app\\models\\imaging.py": {"executed_lines": [1, 6, 7, 8, 9, 10, 11, 13, 16, 17, 18, 19, 20, 21, 22, 25, 26, 27, 28, 29, 30, 31, 32, 33, 34, 37, 38, 40, 41, 42, 43, 44, 45, 46, 47, 48, 49, 50, 51, 52, 53, 54, 55, 56, 57, 58, 59, 60, 61, 62, 63, 64, 65, 66, 67, 68, 69, 70, 71, 72, 75, 76, 77, 79, 80, 81, 82, 85, 86, 87, 90, 91, 92, 93, 96, 97, 100, 101, 102, 105, 106, 107, 110, 111, 112, 116, 119, 120, 121, 124, 125, 127, 128, 131, 132, 133, 135, 139, 140, 141, 143, 144, 145, 146, 149, 150, 151, 154, 157, 159, 160, 163, 164, 165, 167, 171, 172, 173, 175, 176, 179, 180, 184, 186, 188, 189, 192, 194], "summary": {"covered_lines": 121, "num_statements": 124, "percent_covered": 97.58064516129032, "percent_covered_display": "98", "missing_lines": 3, "excluded_lines": 0}, "missing_lines": [136, 168, 195], "excluded_lines": []}, "app\\models\\insurance.py": {"executed_lines": [1, 6, 7, 8, 9, 10, 11, 13, 16, 17, 18, 19, 20, 23, 24, 25, 26, 27, 28, 29, 30, 31, 32, 33, 36, 37, 38, 39, 40, 41, 44, 45, 46, 48, 49, 50, 51, 52, 53, 56, 57, 58, 59, 60, 63, 64, 67, 68, 70, 71, 74, 75, 76, 78, 82, 83, 84, 86, 87, 88, 90, 93, 94, 95, 98, 99, 100, 101, 104, 105, 108, 109, 110, 113, 114, 115, 118, 120, 121, 123, 124, 127, 128, 129, 130, 132, 136, 137, 138, 140, 141, 142, 143, 144, 147, 148, 151, 152, 153, 154, 157, 158, 159, 160, 161, 162, 166, 169, 172, 173, 176, 177, 178, 180, 181, 184, 185, 186, 187, 188, 190, 191, 195, 199, 200, 201, 203, 204, 205, 208, 209, 212, 213, 214, 217, 218, 219, 221, 223, 224, 227, 228, 230, 234, 235, 236, 238, 239, 240, 241, 242, 243, 246, 247, 248, 249, 252, 253, 254, 256, 260, 261, 262, 264, 265, 266, 267, 268, 269, 272, 274, 278, 279, 280, 282, 283, 284, 285, 286, 288, 289, 292, 293, 295, 299, 300, 301, 303, 304, 305, 306, 307, 309, 312, 314], "summary": {"covered_lines": 183, "num_statements": 192, "percent_covered": 95.3125, "percent_covered_display": "95", "missing_lines": 9, "excluded_lines": 0}, "missing_lines": [79, 133, 193, 196, 231, 257, 275, 296, 315], "excluded_lines": []}, "app\\models\\inventory.py": {"executed_lines": [1, 6, 7, 8, 9, 10, 11, 13, 16, 17, 18, 19, 20, 21, 22, 23, 24, 27, 28, 29, 30, 31, 32, 33, 34, 37, 38, 39, 40, 41, 42, 43, 46, 47, 48, 50, 51, 54, 55, 56, 57, 58, 61, 62, 65, 66, 67, 68, 71, 72, 75, 78, 79, 82, 83, 86, 87, 89, 90, 93, 94, 95, 97, 98, 101, 102, 105, 109, 110, 111, 113, 114, 115, 116, 119, 120, 121, 122, 125, 126, 129, 130, 133, 135, 138, 139, 140, 142, 146, 147, 148, 150, 151, 152, 155, 156, 159, 160, 161, 163, 164, 167, 168, 170, 174, 175, 176, 178, 179, 182, 183, 184, 185, 186, 187, 190, 191, 192, 193, 194, 197, 198, 201, 202, 204, 205, 208, 209, 211, 215, 216, 217, 219, 220, 221, 222, 225, 226, 227, 228, 231, 234, 235, 236, 237, 240, 241, 243, 244, 247, 248, 249, 250, 252, 256, 257, 258, 260, 261, 262, 265, 266, 269, 270, 272, 275, 276, 278], "summary": {"covered_lines": 158, "num_statements": 166, "percent_covered": 95.18072289156626, "percent_covered_display": "95", "missing_lines": 8, "excluded_lines": 0}, "missing_lines": [99, 103, 106, 143, 171, 212, 253, 279], "excluded_lines": []}, "app\\models\\lab.py": {"executed_lines": [1, 6, 7, 8, 9, 10, 11, 13, 16, 17, 18, 19, 20, 21, 22, 23, 24, 25, 26, 27, 28, 31, 32, 33, 34, 35, 36, 37, 38, 39, 40, 41, 42, 45, 46, 47, 48, 49, 50, 51, 52, 53, 56, 57, 58, 60, 61, 64, 65, 66, 67, 68, 69, 72, 73, 74, 75, 76, 79, 80, 83, 86, 87, 88, 90, 91, 94, 95, 96, 98, 102, 103, 104, 106, 107, 108, 109, 110, 113, 114, 115, 118, 119, 120, 123, 126, 127, 128, 129, 132, 133, 134, 135, 138, 139, 140, 143, 144, 145, 148, 149, 151, 152, 155, 156, 157, 158, 159, 160, 162, 166, 167, 168, 170, 171, 172, 173, 176, 177, 178, 181, 184, 185, 186, 187, 188, 191, 192, 195, 196, 198, 199, 202, 203, 204, 206, 207, 210, 214, 215, 216, 218, 219, 220, 223, 224, 225, 226, 228, 231, 232, 234], "summary": {"covered_lines": 144, "num_statements": 149, "percent_covered": 96.64429530201342, "percent_covered_display": "97", "missing_lines": 5, "excluded_lines": 0}, "missing_lines": [99, 163, 208, 211, 235], "excluded_lines": []}, "app\\models\\marketing.py": {"executed_lines": [1, 6, 7, 8, 9, 10, 11, 13, 16, 17, 18, 19, 20, 21, 22, 23, 26, 27, 28, 29, 30, 31, 32, 33, 34, 35, 38, 39, 40, 41, 42, 43, 44, 45, 46, 49, 50, 51, 53, 54, 55, 58, 59, 60, 61, 64, 65, 68, 69, 72, 73, 74, 77, 78, 79, 80, 81, 82, 83, 86, 89, 90, 91, 94, 96, 97, 100, 101, 102, 103, 104, 106, 110, 111, 112, 114, 115, 118, 119, 120, 123, 124, 125, 128, 129, 132, 133, 136, 139, 140, 143, 145, 146, 149, 150, 152, 156, 157, 158, 160, 161, 164, 165, 168, 171, 174, 175, 176, 178, 181, 183, 187, 188, 189, 191, 192, 193, 196, 197, 200, 201, 204, 207, 208, 209, 210, 213, 216, 218, 219, 222, 223, 225, 229, 230, 231, 233, 234, 237, 238, 239, 240, 243, 246, 247, 248, 251, 254, 255, 258, 260, 261, 264, 266], "summary": {"covered_lines": 145, "num_statements": 150, "percent_covered": 96.66666666666667, "percent_covered_display": "97", "missing_lines": 5, "excluded_lines": 0}, "missing_lines": [107, 153, 184, 226, 267], "excluded_lines": []}, "app\\models\\password_reset.py": {"executed_lines": [1, 6, 7, 8, 9, 10, 12, 15, 16, 17, 20, 25, 26, 27, 28, 29, 30, 31, 32, 33, 36, 38], "summary": {"covered_lines": 20, "num_statements": 21, "percent_covered": 95.23809523809524, "percent_covered_display": "95", "missing_lines": 1, "excluded_lines": 0}, "missing_lines": [39], "excluded_lines": []}, "app\\models\\patient.py": {"executed_lines": [1, 7, 8, 9, 10, 11, 12, 14, 17, 18, 19, 20, 23, 24, 25, 26, 27, 30, 31, 32, 35, 42, 43, 44, 45, 46, 47, 48, 49, 50, 53, 54, 55, 56, 59, 60, 61, 64, 69, 70, 71, 72, 75, 78, 79, 82, 83, 84, 85, 86, 87, 88, 89, 90, 91, 92, 93, 94, 95, 96, 97, 98, 99, 100, 101, 102, 103, 104, 106, 107, 110, 111, 114], "summary": {"covered_lines": 69, "num_statements": 72, "percent_covered": 95.83333333333333, "percent_covered_display": "96", "missing_lines": 3, "excluded_lines": 0}, "missing_lines": [108, 112, 115], "excluded_lines": []}, "app\\models\\payment.py": {"executed_lines": [1, 7, 8, 9, 10, 11, 12, 14, 15, 18, 19, 20, 21, 22, 23, 24, 25, 26, 29, 30, 31, 32, 33, 34, 35, 36, 37, 38, 41, 42, 43, 44, 45, 46, 47, 50, 51, 52, 53, 54, 55, 56, 60, 63, 64, 65, 67, 68, 69, 72, 73, 74, 75, 78, 79, 82, 85, 86, 89, 90, 92, 93, 96, 97, 99, 103, 104, 105, 107, 108, 109, 110, 113, 114, 117, 118, 121, 122, 125, 128, 129, 130, 131, 134, 137, 138, 141, 142, 145, 146, 148, 149, 152, 153, 154, 155, 157, 161, 162, 163, 165, 166, 167, 168, 169, 170, 173, 174, 177, 178, 179, 180, 183, 186, 187, 188, 189, 192, 193, 196, 197, 198, 201, 204, 207, 208, 211, 212, 215, 217, 218, 221, 222, 223, 224, 225, 227, 231, 232, 233, 235, 236, 239, 240, 241, 244, 245, 248, 249, 252, 254, 255, 258, 260, 264, 265, 266, 268, 269, 272, 273, 276, 277, 278, 279, 281, 282, 284, 285, 288, 289, 290, 293, 294, 297, 298, 300, 301, 304, 305, 308, 309, 313, 314, 318, 319, 323, 324, 328, 329, 333, 334, 338, 339, 343, 344, 348], "summary": {"covered_lines": 187, "num_statements": 200, "percent_covered": 93.5, "percent_covered_display": "94", "missing_lines": 13, "excluded_lines": 0}, "missing_lines": [100, 158, 228, 261, 311, 316, 321, 326, 331, 336, 341, 346, 349], "excluded_lines": []}, "app\\models\\practice.py": {"executed_lines": [1, 6, 7, 8, 9, 10, 12, 15, 16, 17, 19, 20, 21, 22, 23, 24, 25, 26, 27, 28, 29, 30, 31, 32, 35, 36, 37, 38, 39, 40, 41, 42, 43, 44, 45, 46, 48, 49, 50, 51, 52, 53, 54, 55, 56, 57, 58, 59, 60, 61, 62, 63, 64, 65, 68, 69, 70, 71, 72, 73, 74, 75, 76, 78], "summary": {"covered_lines": 62, "num_statements": 63, "percent_covered": 98.41269841269842, "percent_covered_display": "98", "missing_lines": 1, "excluded_lines": 0}, "missing_lines": [79], "excluded_lines": []}, "app\\models\\referral.py": {"executed_lines": [1, 6, 7, 8, 9, 10, 11, 13, 16, 17, 18, 19, 20, 21, 22, 23, 26, 27, 28, 29, 30, 31, 32, 33, 34, 35, 36, 37, 38, 41, 42, 43, 44, 45, 46, 47, 48, 49, 52, 53, 54, 56, 57, 60, 61, 64, 65, 66, 67, 70, 71, 74, 75, 76, 79, 80, 82, 83, 86, 87, 89, 93, 94, 95, 97, 98, 99, 100, 101, 104, 105, 108, 109, 112, 113, 114, 115, 118, 119, 120, 123, 124, 125, 128, 129, 130, 133, 134, 137, 139, 140, 143, 144, 145, 146, 147, 149, 153, 154, 155, 157, 158, 159, 162, 163, 164, 165, 168, 170, 173, 174, 176, 180, 181, 182, 184, 185, 188, 189, 192, 193, 196, 197, 198, 199, 200, 203, 204, 207, 210, 212, 215, 217], "summary": {"covered_lines": 125, "num_statements": 129, "percent_covered": 96.89922480620154, "percent_covered_display": "97", "missing_lines": 4, "excluded_lines": 0}, "missing_lines": [90, 150, 177, 218], "excluded_lines": []}, "app\\models\\subscription.py": {"executed_lines": [1, 6, 10, 11, 12, 13, 14, 16, 19, 20, 21, 22, 23, 24, 25, 28, 29, 30, 31, 32, 33, 34, 35, 36, 37, 40, 41, 42, 43, 44, 47, 48, 49, 50, 51, 52, 55, 56, 57, 58, 59, 60, 63, 64, 68, 69, 74, 75, 78, 79, 80, 83, 84, 85, 88, 91, 94, 97, 98, 99, 102, 103, 104, 107, 108, 109, 110, 111, 114, 115, 118, 119, 120, 122, 126, 127, 131, 132, 139, 140, 141, 142, 143, 146, 149, 150, 151, 152, 153, 156, 157, 158, 161, 162, 163, 164, 167, 168, 171, 172, 175, 176, 177, 180, 181, 182, 183, 186, 187, 190, 191, 192, 195, 196, 197, 198, 199, 200, 201, 202, 204, 208, 209, 212, 214, 215, 216, 217, 218, 219, 222, 224, 228, 229, 232, 233, 237, 238, 239, 242, 243, 246, 247, 250, 252, 256, 257, 260, 262, 263, 264, 265, 266, 267, 268, 269, 270, 273, 275, 279, 280, 283, 285, 286, 289, 292, 293, 294, 295, 296, 299, 300, 302, 305, 307], "summary": {"covered_lines": 163, "num_statements": 169, "percent_covered": 96.44970414201184, "percent_covered_display": "96", "missing_lines": 6, "excluded_lines": 0}, "missing_lines": [123, 205, 225, 253, 276, 308], "excluded_lines": []}, "app\\models\\treatment.py": {"executed_lines": [1, 6, 7, 8, 9, 10, 11, 12, 14, 17, 18, 19, 20, 21, 22, 23, 24, 25, 26, 29, 30, 31, 32, 33, 34, 35, 36, 37, 38, 39, 40, 43, 44, 45, 46, 47, 48, 49, 50, 51, 52, 53, 56, 57, 58, 60, 61, 62, 63, 66, 67, 70, 71, 72, 75, 76, 77, 80, 81, 82, 83, 84, 87, 88, 92, 94, 96, 97, 100, 101, 102, 103, 104, 106, 110, 111, 112, 114, 115, 118, 119, 120, 123, 124, 125, 128, 129, 130, 131, 134, 137, 139, 140, 143, 144, 146, 150, 151, 152, 154, 155, 156, 159, 160, 161, 164, 165, 166, 169, 170, 171, 174, 175, 176, 177, 180, 181, 182, 185, 186, 189, 190, 193, 195, 196, 199, 200, 201, 202, 204, 205, 209, 210, 214, 218, 219, 220, 222, 223, 226, 227, 228, 229, 232, 233, 236, 237, 240, 241, 242, 245, 246, 248, 249, 252, 254, 258, 259, 260, 262, 263, 266, 267, 268, 271, 272, 276, 279, 280, 282, 284, 285, 288, 290, 294, 295, 296, 298, 299, 300, 303, 304, 307, 310, 312, 313, 316, 317, 319], "summary": {"covered_lines": 179, "num_statements": 187, "percent_covered": 95.72192513368984, "percent_covered_display": "96", "missing_lines": 8, "excluded_lines": 0}, "missing_lines": [107, 147, 207, 212, 215, 255, 291, 320], "excluded_lines": []}, "app\\models\\user.py": {"executed_lines": [1, 7, 8, 9, 10, 11, 12, 14, 17, 18, 19, 20, 21, 22, 23, 26, 27, 28, 31, 36, 37, 38, 39, 40, 41, 42, 43, 44, 45, 46, 47, 48, 49, 50, 51, 52, 55, 56, 57, 58, 60, 61, 64, 65, 66, 67, 68, 69, 70, 71, 72, 74, 75, 78], "summary": {"covered_lines": 51, "num_statements": 53, "percent_covered": 96.22641509433963, "percent_covered_display": "96", "missing_lines": 2, "excluded_lines": 0}, "missing_lines": [76, 79], "excluded_lines": []}, "app\\models\\webhook_event.py": {"executed_lines": [], "summary": {"covered_lines": 0, "num_statements": 20, "percent_covered": 0.0, "percent_covered_display": "0", "missing_lines": 20, "excluded_lines": 0}, "missing_lines": [6, 7, 8, 9, 11, 14, 19, 21, 24, 27, 30, 33, 34, 37, 38, 41, 42, 45, 50, 51], "excluded_lines": []}, "app\\schemas\\__init__.py": {"executed_lines": [1, 5, 6, 7, 8, 9, 10, 11, 12, 13, 15], "summary": {"covered_lines": 10, "num_statements": 10, "percent_covered": 100.0, "percent_covered_display": "100", "missing_lines": 0, "excluded_lines": 0}, "missing_lines": [], "excluded_lines": []}, "app\\schemas\\accounting.py": {"executed_lines": [1, 6, 7, 8, 9, 12, 13, 14, 17, 18, 19, 20, 23, 24, 25, 26, 27, 30, 31, 32, 33, 34, 37, 38, 39, 40, 43, 44, 45, 46, 47, 48], "summary": {"covered_lines": 25, "num_statements": 25, "percent_covered": 100.0, "percent_covered_display": "100", "missing_lines": 0, "excluded_lines": 0}, "missing_lines": [], "excluded_lines": []}, "app\\schemas\\appointment.py": {"executed_lines": [1, 6, 7, 8, 9, 12, 13, 14, 15, 16, 17, 18, 19, 20, 23, 24, 25, 28, 29, 30, 31, 32, 33, 34, 35, 36, 37, 40, 41, 42, 43, 44, 45, 46, 47, 48, 50, 51, 54, 55, 56, 57, 60, 61, 62, 63, 64, 65, 66, 67], "summary": {"covered_lines": 43, "num_statements": 43, "percent_covered": 100.0, "percent_covered_display": "100", "missing_lines": 0, "excluded_lines": 0}, "missing_lines": [], "excluded_lines": []}, "app\\schemas\\auth.py": {"executed_lines": [1, 5, 6, 7, 9, 12, 13, 14, 15, 18, 19, 20, 21, 22, 23, 26, 27, 28, 31, 32, 33, 36, 37, 38, 39, 40, 41, 42, 45, 46, 47, 50, 51, 52, 53, 56, 57, 58, 59, 60, 61, 62, 65, 66, 67, 68, 71, 72, 73, 74, 77, 78, 79], "summary": {"covered_lines": 41, "num_statements": 41, "percent_covered": 100.0, "percent_covered_display": "100", "missing_lines": 0, "excluded_lines": 0}, "missing_lines": [], "excluded_lines": []}, "app\\schemas\\billing.py": {"executed_lines": [1, 6, 7, 8, 9, 10, 13, 14, 15, 16, 17, 18, 19, 20, 21, 24, 25, 26, 29, 30, 31, 32, 33, 34, 35, 36, 37, 38, 40, 43, 44, 45, 46, 47, 48, 49, 50, 51, 54, 55, 56, 59, 60, 61, 62, 63, 64, 65, 66, 68, 71, 72, 73, 74, 75, 76, 77, 78, 81, 82, 83, 84, 87, 88, 89, 90, 93, 94, 95, 96, 97, 98, 99, 100, 101], "summary": {"covered_lines": 64, "num_statements": 64, "percent_covered": 100.0, "percent_covered_display": "100", "missing_lines": 0, "excluded_lines": 0}, "missing_lines": [], "excluded_lines": []}, "app\\schemas\\booking.py": {"executed_lines": [1, 6, 7, 8, 9, 10, 12, 20, 21, 22, 23, 26, 27, 28, 29, 30, 31, 32, 33, 36, 37, 38, 39, 40, 41, 42, 43, 44, 45, 46, 47, 48, 49, 50, 51, 52, 53, 54, 55, 56, 57, 58, 59, 60, 61, 62, 63, 64, 65, 66, 69, 70, 71, 74, 75, 76, 77, 78, 79, 80, 81, 82, 83, 84, 85, 86, 87, 88, 89, 90, 91, 92, 93, 94, 95, 96, 97, 98, 99, 100, 101, 102, 103, 106, 107, 108, 109, 110, 111, 112, 113, 114, 116, 117, 120, 121, 122, 123, 126, 127, 128, 129, 130, 131, 132, 133, 134, 135, 136, 137, 138, 139, 140, 141, 142, 143, 144, 148, 149, 150, 151, 152, 153, 154, 155, 156, 157, 158, 159, 160, 161, 162, 163, 164, 165, 166, 167, 168, 169, 170, 171, 172, 175, 176, 177, 180, 181, 182, 183, 184, 185, 188, 189, 190, 191, 192, 193, 194, 195, 196, 197, 198, 199, 200, 201, 202, 203, 204, 205, 206, 207, 209, 210, 213, 214, 215, 216, 217, 218, 219, 220, 221, 223, 224, 227, 228, 229, 230, 234, 235, 236, 237, 238, 239, 240, 241, 242, 243, 244, 245, 248, 249, 250, 253, 254, 255, 256, 257, 260, 261, 262, 263, 264, 265, 266, 267, 268, 269, 270, 271, 272, 274, 275, 278, 279, 280, 281, 285, 286, 287, 288, 289, 290, 291, 292, 295, 296, 297, 298, 299, 300, 303, 304, 305, 306, 307, 308, 309, 312, 313, 314, 315, 319, 320, 321, 322, 325, 326, 327, 328, 331, 332, 333, 334, 338, 339, 340, 341, 342, 345, 346, 347, 348, 349, 350, 351, 355, 356, 357, 358, 359, 360, 361, 362, 363, 364, 365, 366, 367, 368, 369], "summary": {"covered_lines": 261, "num_statements": 261, "percent_covered": 100.0, "percent_covered_display": "100", "missing_lines": 0, "excluded_lines": 0}, "missing_lines": [], "excluded_lines": []}, "app\\schemas\\clinic.py": {"executed_lines": [1, 6, 7, 10, 11, 12, 13, 14, 15, 16, 17, 18, 19, 20, 21, 22, 23, 24, 25, 26, 29, 30, 31, 32, 33, 34, 35, 36, 37, 38, 39, 40, 41, 42, 43, 44], "summary": {"covered_lines": 33, "num_statements": 33, "percent_covered": 100.0, "percent_covered_display": "100", "missing_lines": 0, "excluded_lines": 0}, "missing_lines": [], "excluded_lines": []}, "app\\schemas\\clinical.py": {"executed_lines": [1, 6, 7, 8, 9, 12, 13, 15, 16, 17, 18, 19, 20, 22, 23, 24, 25, 26, 27, 29, 30, 31, 32, 33, 34, 36, 37, 38, 39, 41, 42, 44, 45, 46, 47, 48, 50, 51, 52, 53, 54, 55, 56, 58, 59, 61, 62, 63, 64, 65, 66, 67, 68, 69, 71, 72, 73], "summary": {"covered_lines": 56, "num_statements": 56, "percent_covered": 100.0, "percent_covered_display": "100", "missing_lines": 0, "excluded_lines": 0}, "missing_lines": [], "excluded_lines": []}, "app\\schemas\\common.py": {"executed_lines": [1, 6, 7, 9, 12, 13, 14, 17, 18, 19, 20, 21, 22, 25, 26, 27, 28, 29, 30, 31, 32, 34, 35, 48, 49, 50, 51, 52], "summary": {"covered_lines": 23, "num_statements": 26, "percent_covered": 88.46153846153847, "percent_covered_display": "88", "missing_lines": 3, "excluded_lines": 0}, "missing_lines": [37, 38, 39], "excluded_lines": []}, "app\\schemas\\communication.py": {"executed_lines": [1, 6, 7, 8, 9, 11, 14, 15, 16, 17, 18, 19, 20, 23, 24, 25, 26, 29, 30, 31, 32, 33, 34, 35, 38, 39, 40, 41, 42, 43, 44, 45, 49, 50, 51, 52, 53, 54, 55, 56, 57, 58, 61, 62, 63, 66, 67, 68, 69, 70, 71, 72, 73, 74, 77, 78, 79, 80, 81, 82, 83, 85, 86, 90, 91, 92, 93, 94, 95, 96, 97, 98, 99, 100, 101, 102, 105, 106, 107, 108, 109, 112, 113, 114, 115, 116, 117, 120, 121, 122, 123, 124, 125, 126, 127, 128, 129, 130, 131, 132, 133, 134, 135, 136, 137, 138, 140, 141, 145, 146, 147, 148, 149, 150, 151, 152, 153, 154, 155, 156, 157, 158, 161, 162, 163, 164, 167, 168, 169, 170, 171, 172, 173, 174, 175, 176, 177, 178, 179, 180, 183, 184, 185, 186, 187, 188, 189, 190, 192, 193, 197, 198, 199, 200, 201, 202, 203, 206, 207, 208, 211, 212, 213, 214, 215, 216, 219, 220, 221, 222, 223, 224, 225, 226, 227, 228, 229, 231, 232, 235, 236, 237, 238, 239, 240, 243, 244, 245, 248, 249, 250, 251, 252, 253, 254, 255, 257, 258, 262, 263, 264, 265, 266, 267, 268, 271, 272, 273, 274, 275, 276, 277, 278, 279, 280, 281, 284, 285, 286, 287, 288, 289, 292, 293, 294, 295, 296, 297, 301, 302, 304, 305, 308, 309, 310, 311, 312, 316, 317, 318, 319, 320, 321, 322, 325, 326, 327, 328, 329, 330, 331, 334, 335, 336, 337, 338, 339], "summary": {"covered_lines": 225, "num_statements": 225, "percent_covered": 100.0, "percent_covered_display": "100", "missing_lines": 0, "excluded_lines": 0}, "missing_lines": [], "excluded_lines": []}, "app\\schemas\\edi.py": {"executed_lines": [1, 6, 7, 8, 9, 12, 13, 14, 15, 16, 19, 20, 21, 22, 23, 24, 25, 26, 27, 28, 29, 30, 31, 32, 35, 36, 37, 38, 39, 40, 41, 44, 45, 46, 47, 48, 49, 50, 51, 54, 55, 56, 57, 58, 59, 60, 63, 64, 65, 66, 67, 68, 69, 70, 71, 72], "summary": {"covered_lines": 49, "num_statements": 49, "percent_covered": 100.0, "percent_covered_display": "100", "missing_lines": 0, "excluded_lines": 0}, "missing_lines": [], "excluded_lines": []}, "app\\schemas\\imaging.py": {"executed_lines": [1, 6, 7, 8, 9, 11, 16, 17, 18, 19, 20, 21, 22, 23, 24, 29, 30, 31, 32, 33, 34, 35, 36, 37, 38, 39, 42, 43, 44, 47, 48, 49, 50, 51, 52, 53, 54, 55, 56, 57, 58, 61, 62, 63, 64, 65, 66, 67, 68, 69, 70, 71, 72, 73, 74, 75, 76, 77, 78, 79, 80, 81, 82, 84, 85, 88, 89, 90, 91, 96, 97, 98, 99, 100, 101, 102, 103, 104, 105, 106, 107, 110, 111, 112, 113, 114, 119, 120, 121, 124, 125, 126, 127, 128, 133, 134, 135, 136, 137, 138, 141, 142, 143, 146, 147, 148, 149, 150, 153, 154, 155, 156, 157, 158, 159, 160, 161, 163, 164, 167, 168, 169, 170, 175, 176, 177, 178, 179, 182, 183, 184, 185, 186, 187, 190, 191, 192, 195, 196, 197, 198, 199, 200, 203, 204, 205, 206, 207, 208, 210, 211, 214, 215, 216, 217, 222, 223, 224, 225, 226, 229, 230, 231, 232, 233, 234], "summary": {"covered_lines": 142, "num_statements": 142, "percent_covered": 100.0, "percent_covered_display": "100", "missing_lines": 0, "excluded_lines": 0}, "missing_lines": [], "excluded_lines": []}, "app\\schemas\\insurance.py": {"executed_lines": [1, 6, 7, 8, 9, 10, 12, 21, 22, 23, 24, 25, 26, 27, 28, 29, 30, 31, 32, 33, 34, 35, 36, 39, 40, 41, 44, 45, 46, 47, 48, 49, 50, 51, 52, 53, 54, 55, 56, 57, 58, 59, 62, 63, 64, 65, 66, 68, 69, 72, 73, 74, 75, 80, 81, 82, 83, 84, 85, 86, 87, 88, 89, 90, 91, 92, 93, 94, 95, 96, 97, 98, 99, 100, 101, 104, 105, 106, 109, 110, 111, 112, 113, 114, 115, 116, 117, 118, 119, 120, 121, 122, 123, 124, 125, 126, 127, 128, 129, 130, 133, 134, 135, 136, 137, 138, 140, 141, 144, 145, 146, 147, 152, 153, 154, 155, 156, 159, 160, 161, 162, 163, 164, 165, 166, 169, 170, 171, 174, 175, 176, 177, 178, 179, 180, 181, 182, 183, 184, 185, 186, 189, 190, 191, 192, 193, 194, 195, 196, 197, 198, 199, 200, 201, 202, 203, 204, 205, 206, 207, 208, 210, 211, 214, 215, 216, 217, 222, 223, 224, 225, 226, 227, 228, 231, 232, 233, 236, 237, 238, 239, 240, 241, 242, 245, 246, 247, 248, 249, 250, 251, 252, 253, 254, 255, 257, 258, 261, 262, 263, 264, 267, 268, 269, 270, 271, 272, 273, 274, 275, 276, 277, 278, 279, 280, 282, 283, 284, 285, 288, 289, 290, 291, 292, 293, 294, 295, 296, 297, 299, 300, 301, 302, 307, 308, 309, 310, 313, 314, 315, 316, 317, 318, 319, 320, 325, 326, 327, 328, 330, 331, 333, 334, 335, 336, 337, 339, 340, 341, 342, 344, 345, 347, 348, 349, 350, 352, 353, 354, 355, 356, 357, 358, 359, 361, 362, 363], "summary": {"covered_lines": 249, "num_statements": 249, "percent_covered": 100.0, "percent_covered_display": "100", "missing_lines": 0, "excluded_lines": 0}, "missing_lines": [], "excluded_lines": []}, "app\\schemas\\patient.py": {"executed_lines": [1, 5, 6, 7, 8, 10, 13, 14, 15, 16, 17, 20, 21, 22, 23, 24, 25, 26, 27, 28, 29, 30, 31, 32, 35, 36, 37, 38, 39, 40, 41, 44, 45, 46, 47, 48, 49, 50, 51, 52, 53, 54, 55, 56, 57, 58, 59, 60, 61, 62, 64, 65, 68, 69, 70, 71, 72, 73, 74, 75, 76, 77, 78, 79, 80, 81, 83, 84, 87, 88, 89, 90, 92, 93, 96, 97, 98, 99, 100, 101, 102, 103, 104, 105, 106, 107, 108, 109, 111, 112, 115, 116, 117, 118, 119, 120, 121, 122], "summary": {"covered_lines": 89, "num_statements": 89, "percent_covered": 100.0, "percent_covered_display": "100", "missing_lines": 0, "excluded_lines": 0}, "missing_lines": [], "excluded_lines": []}, "app\\schemas\\payment.py": {"executed_lines": [1, 6, 7, 8, 11, 12, 13, 14, 20, 21, 22, 23, 24, 25, 28, 29, 30, 31, 34, 35, 36, 37, 44, 45, 46, 47, 51, 52, 55, 56, 57, 58, 59, 60, 61, 62, 65, 66, 67, 68, 69, 70, 73, 74, 75, 76, 77, 78, 79, 80, 83, 84, 85, 86, 89, 90, 91, 92, 93, 96, 97, 98, 99], "summary": {"covered_lines": 51, "num_statements": 51, "percent_covered": 100.0, "percent_covered_display": "100", "missing_lines": 0, "excluded_lines": 0}, "missing_lines": [], "excluded_lines": []}, "app\\schemas\\reports.py": {"executed_lines": [1, 2, 3, 5, 6, 7, 8, 10, 11, 12, 14, 15, 16, 17, 18, 19, 20, 21, 22, 23, 25, 26, 27, 28, 30, 31, 32, 33, 35, 36, 37, 38, 39, 40, 41, 43, 44, 45, 46, 48, 49, 50, 51, 52, 53, 54, 56, 57, 58, 60, 61, 62, 63, 65, 66, 67, 69, 70, 71, 72, 73, 74, 76, 77, 78, 79, 80], "summary": {"covered_lines": 67, "num_statements": 67, "percent_covered": 100.0, "percent_covered_display": "100", "missing_lines": 0, "excluded_lines": 0}, "missing_lines": [], "excluded_lines": []}, "app\\schemas\\settings.py": {"executed_lines": [1, 6, 7, 10, 11, 12, 13, 14, 15, 16, 17, 18, 19, 20, 23, 24, 25, 26, 27, 28, 29, 30, 31, 32, 33], "summary": {"covered_lines": 22, "num_statements": 22, "percent_covered": 100.0, "percent_covered_display": "100", "missing_lines": 0, "excluded_lines": 0}, "missing_lines": [], "excluded_lines": []}, "app\\schemas\\subscription.py": {"executed_lines": [1, 6, 7, 8, 9, 10, 15, 16, 17, 18, 19, 20, 21, 22, 23, 24, 25, 26, 27, 28, 29, 30, 31, 32, 35, 36, 37, 38, 39, 42, 43, 44, 45, 46, 47, 48, 49, 50, 51, 52, 53, 54, 55, 56, 57, 58, 59, 60, 61, 64, 65, 66, 68, 69, 70, 71, 72, 73, 78, 79, 80, 81, 82, 83, 84, 85, 87, 88, 89, 96, 97, 98, 99, 102, 103, 104, 107, 108, 109, 110, 111, 114, 115, 116, 117, 120, 121, 122, 125, 126, 127, 128, 131, 132, 133, 135, 136, 137, 138, 139, 140, 141, 142, 143, 144, 145, 146, 147, 148, 149, 150, 151, 152, 153, 154, 155, 156, 157, 162, 163, 164, 165, 166, 169, 170, 171, 173, 174, 175, 176, 177, 180, 181, 182, 184, 185, 186, 187, 188, 189, 190, 193, 194, 195, 196, 197, 198, 199, 204, 205, 206, 207, 213, 214, 215, 217, 218, 219, 220, 221, 222, 223, 224, 229, 230, 231, 234, 235, 240, 241, 242, 243, 244, 245, 246, 247, 248, 249, 250, 253, 254, 255, 256, 257, 258, 259, 264, 265, 266, 268, 269, 270, 271, 272, 273, 274, 279, 280, 281, 282, 285, 286, 287, 288, 289, 290, 293, 294, 295, 296], "summary": {"covered_lines": 184, "num_statements": 188, "percent_covered": 97.87234042553192, "percent_covered_display": "98", "missing_lines": 4, "excluded_lines": 0}, "missing_lines": [90, 91, 92, 93], "excluded_lines": []}, "app\\schemas\\treatment.py": {"executed_lines": [1, 6, 7, 8, 9, 10, 12, 20, 21, 22, 23, 24, 25, 26, 27, 28, 29, 30, 33, 34, 35, 36, 39, 40, 41, 42, 43, 44, 45, 46, 47, 48, 49, 50, 51, 54, 55, 56, 57, 58, 59, 60, 61, 62, 63, 64, 65, 66, 67, 69, 70, 73, 74, 75, 76, 80, 81, 82, 83, 84, 85, 86, 87, 88, 91, 92, 93, 96, 97, 98, 99, 100, 101, 102, 103, 104, 105, 108, 109, 110, 111, 112, 113, 114, 115, 116, 117, 118, 120, 121, 124, 125, 126, 127, 131, 132, 133, 134, 137, 138, 139, 140, 141, 142, 143, 144, 145, 146, 147, 148, 149, 150, 151, 152, 153, 154, 155, 156, 157, 160, 161, 162, 165, 166, 167, 168, 169, 170, 171, 172, 173, 174, 175, 176, 177, 178, 179, 180, 181, 182, 183, 184, 185, 186, 187, 190, 191, 192, 193, 194, 195, 196, 197, 198, 200, 201, 204, 205, 208, 209, 212, 213, 214, 215, 219, 220, 221, 222, 223, 224, 225, 226, 227, 228, 229, 230, 231, 232, 235, 236, 237, 240, 241, 242, 243, 244, 245, 246, 247, 248, 249, 250, 251, 252, 253, 256, 257, 258, 259, 260, 261, 262, 264, 265, 268, 269, 270, 271, 275, 276, 277, 278, 279, 280, 281, 284, 285, 286, 287, 288, 289, 290, 291, 292, 295, 296, 297, 300, 301, 302, 303, 304, 305, 306, 307, 308, 311, 312, 313, 314, 315, 316, 317, 318, 320, 321, 324, 325, 326, 327, 331, 332, 333, 334, 335, 336, 339, 340, 341, 344, 345, 346, 347, 348, 349, 352, 353, 354, 355, 356, 357, 358, 360, 361, 364, 365, 366, 367, 371, 372, 373, 374, 377, 378, 379, 380, 381, 382, 383, 387, 388, 389, 390, 391, 394, 395, 396, 397, 398, 399, 400, 401, 405, 406, 407, 408, 409, 410, 411, 412, 413, 416, 417, 418, 419, 420, 421, 422, 425, 426, 427, 428, 429, 430], "summary": {"covered_lines": 284, "num_statements": 286, "percent_covered": 99.3006993006993, "percent_covered_display": "99", "missing_lines": 2, "excluded_lines": 0}, "missing_lines": [202, 206], "excluded_lines": []}, "app\\schemas\\user.py": {"executed_lines": [1, 6, 7, 8, 9, 11, 14, 15, 16, 17, 18, 19, 22, 23, 24, 25, 28, 29, 30, 31, 32, 33, 34, 37, 38, 39, 40, 41, 42, 43, 44, 46, 47, 50, 51, 52, 53, 55, 56, 58, 59, 66, 67, 68, 69, 71, 72], "summary": {"covered_lines": 40, "num_statements": 46, "percent_covered": 86.95652173913044, "percent_covered_display": "87", "missing_lines": 6, "excluded_lines": 0}, "missing_lines": [61, 62, 63, 73, 74, 75], "excluded_lines": []}, "app\\services\\__init__.py": {"executed_lines": [1, 6, 7, 8, 9, 10, 12], "summary": {"covered_lines": 6, "num_statements": 6, "percent_covered": 100.0, "percent_covered_display": "100", "missing_lines": 0, "excluded_lines": 0}, "missing_lines": [], "excluded_lines": []}, "app\\services\\appointment_service.py": {"executed_lines": [1, 6, 7, 8, 9, 10, 11, 12, 13, 14, 15, 16, 19, 20, 22, 26, 91, 169, 213, 242], "summary": {"covered_lines": 18, "num_statements": 75, "percent_covered": 24.0, "percent_covered_display": "24", "missing_lines": 57, "excluded_lines": 0}, "missing_lines": [23, 24, 47, 48, 54, 61, 62, 69, 72, 73, 74, 76, 77, 80, 89, 113, 115, 116, 122, 123, 126, 127, 128, 129, 130, 132, 140, 141, 147, 148, 149, 150, 151, 153, 154, 157, 158, 167, 188, 190, 191, 196, 197, 198, 199, 202, 211, 230, 239, 240, 263, 287, 288, 290, 291, 293, 294], "excluded_lines": []}, "app\\services\\audit_service.py": {"executed_lines": [1, 6, 7, 8, 9, 10, 11, 14, 15, 17, 20, 74], "summary": {"covered_lines": 10, "num_statements": 28, "percent_covered": 35.714285714285715, "percent_covered_display": "36", "missing_lines": 18, "excluded_lines": 0}, "missing_lines": [18, 43, 44, 46, 47, 48, 51, 52, 53, 54, 55, 56, 57, 59, 69, 70, 72, 93], "excluded_lines": []}, "app\\services\\base_service.py": {"executed_lines": [1, 6, 7, 8, 9, 10, 12, 15, 16, 18, 22, 29, 47, 59, 66, 72], "summary": {"covered_lines": 14, "num_statements": 42, "percent_covered": 33.333333333333336, "percent_covered_display": "33", "missing_lines": 28, "excluded_lines": 0}, "missing_lines": [19, 20, 24, 27, 36, 38, 39, 40, 41, 43, 44, 45, 49, 51, 52, 53, 54, 56, 57, 61, 62, 63, 64, 68, 69, 70, 74, 75], "excluded_lines": []}, "app\\services\\billing_service.py": {"executed_lines": [1, 6, 7, 8, 9, 10, 11, 12, 13, 14, 15, 16, 17, 20, 21, 23, 27, 76, 141, 163, 179], "summary": {"covered_lines": 19, "num_statements": 64, "percent_covered": 29.6875, "percent_covered_display": "30", "missing_lines": 45, "excluded_lines": 0}, "missing_lines": [24, 25, 45, 46, 47, 48, 51, 54, 62, 65, 74, 94, 95, 96, 97, 98, 104, 107, 113, 114, 117, 118, 119, 121, 122, 123, 124, 126, 127, 130, 139, 151, 153, 160, 161, 165, 168, 169, 174, 177, 181, 184, 185, 190, 193], "excluded_lines": []}, "app\\services\\booking_availability.py": {"executed_lines": [1, 6, 7, 8, 9, 11, 12, 14, 15, 16, 18, 21, 22, 24, 25, 79, 80, 104, 105, 146, 147, 189, 190, 208, 209, 233, 234], "summary": {"covered_lines": 25, "num_statements": 106, "percent_covered": 23.58490566037736, "percent_covered_display": "24", "missing_lines": 81, "excluded_lines": 0}, "missing_lines": [33, 36, 38, 39, 40, 43, 44, 45, 46, 47, 48, 51, 52, 55, 56, 57, 59, 60, 63, 67, 68, 74, 76, 77, 88, 96, 99, 100, 102, 111, 114, 116, 117, 119, 120, 122, 123, 124, 127, 128, 129, 130, 133, 137, 138, 144, 154, 161, 164, 165, 166, 168, 169, 170, 173, 174, 175, 176, 177, 179, 180, 185, 187, 196, 206, 217, 224, 225, 227, 228, 231, 240, 241, 244, 250, 253, 260, 263, 270, 273, 275], "excluded_lines": []}, "app\\services\\booking_service.py": {"executed_lines": [1, 6, 7, 8, 9, 10, 11, 13, 14, 16, 17, 18, 19, 21, 24, 25, 27, 28, 33, 34, 38, 39, 43, 44, 65, 66, 80, 81, 94, 95, 118, 119, 151, 152, 162, 163, 186, 187, 211, 212, 237, 238, 256, 257], "summary": {"covered_lines": 42, "num_statements": 124, "percent_covered": 33.87096774193548, "percent_covered_display": "34", "missing_lines": 82, "excluded_lines": 0}, "missing_lines": [30, 31, 36, 41, 52, 59, 60, 61, 62, 63, 72, 74, 75, 77, 78, 86, 92, 101, 104, 106, 107, 109, 110, 111, 113, 114, 115, 116, 130, 131, 133, 145, 146, 147, 148, 149, 157, 160, 169, 172, 174, 175, 177, 178, 179, 181, 182, 183, 184, 193, 195, 196, 197, 200, 201, 202, 204, 205, 207, 208, 209, 222, 231, 232, 233, 234, 235, 245, 249, 250, 252, 253, 254, 263, 268, 271, 277, 280, 286, 289, 295, 297], "excluded_lines": []}, "app\\services\\booking_validation.py": {"executed_lines": [1, 6, 7, 8, 9, 10, 12, 13, 15, 16, 17, 19, 22, 23, 25, 26, 31, 32, 39, 40, 71, 72, 104, 105, 118, 119, 137, 138, 160, 161, 190, 191], "summary": {"covered_lines": 30, "num_statements": 106, "percent_covered": 28.30188679245283, "percent_covered_display": "28", "missing_lines": 76, "excluded_lines": 0}, "missing_lines": [28, 29, 35, 37, 48, 49, 52, 53, 56, 57, 60, 61, 62, 65, 66, 67, 69, 81, 82, 83, 85, 92, 93, 95, 96, 99, 100, 102, 111, 116, 124, 127, 129, 130, 132, 133, 135, 144, 147, 149, 150, 153, 154, 155, 156, 158, 167, 170, 172, 173, 176, 177, 178, 179, 180, 183, 184, 185, 186, 188, 202, 205, 206, 209, 212, 213, 216, 219, 220, 223, 226, 227, 230, 233, 234, 236], "excluded_lines": []}, "app\\services\\communications_service.py": {"executed_lines": [1, 6, 7, 8, 9, 10, 12, 13, 14, 15, 16, 22, 24, 25, 27, 32, 39, 52, 159], "summary": {"covered_lines": 17, "num_statements": 85, "percent_covered": 20.0, "percent_covered_display": "20", "missing_lines": 68, "excluded_lines": 0}, "missing_lines": [28, 34, 35, 36, 37, 46, 47, 49, 50, 57, 58, 61, 63, 65, 73, 74, 75, 77, 78, 79, 85, 86, 87, 91, 101, 102, 103, 104, 107, 115, 116, 119, 126, 128, 130, 144, 145, 146, 147, 148, 150, 152, 153, 154, 155, 156, 157, 164, 167, 170, 174, 175, 176, 178, 181, 189, 190, 199, 200, 202, 203, 204, 207, 214, 217, 227, 229, 230], "excluded_lines": []}, "app\\services\\imaging_analysis.py": {"executed_lines": [1, 6, 7, 8, 9, 11, 12, 14, 15, 17, 20, 21, 23, 24, 133, 134, 213, 214, 259, 260], "summary": {"covered_lines": 18, "num_statements": 80, "percent_covered": 22.5, "percent_covered_display": "22", "missing_lines": 62, "excluded_lines": 0}, "missing_lines": [31, 33, 34, 35, 36, 39, 45, 48, 56, 59, 65, 68, 77, 82, 91, 96, 103, 105, 107, 121, 122, 123, 140, 142, 148, 150, 151, 154, 160, 163, 169, 172, 181, 186, 192, 194, 196, 209, 210, 211, 220, 221, 224, 236, 243, 245, 251, 252, 253, 265, 266, 277, 278, 280, 281, 282, 283, 290, 292, 299, 300, 301], "excluded_lines": []}, "app\\services\\imaging_processing.py": {"executed_lines": [1, 6, 7, 8, 9, 10, 11, 13, 14, 16, 17, 18, 20, 23, 24, 27, 39, 41, 42, 74, 75, 82, 83, 93, 94, 108, 109, 119, 120, 131, 132, 134, 135, 141, 142, 154, 155, 161, 162, 189, 190, 203, 204, 206, 207, 222, 223, 238, 239], "summary": {"covered_lines": 45, "num_statements": 122, "percent_covered": 36.885245901639344, "percent_covered_display": "37", "missing_lines": 77, "excluded_lines": 0}, "missing_lines": [47, 48, 51, 52, 56, 57, 60, 61, 67, 68, 69, 71, 72, 77, 78, 79, 80, 88, 89, 90, 91, 100, 101, 102, 103, 104, 105, 106, 111, 112, 113, 114, 115, 116, 117, 122, 123, 124, 125, 126, 127, 128, 137, 138, 139, 147, 148, 150, 151, 152, 157, 158, 159, 169, 170, 172, 173, 175, 177, 178, 181, 182, 184, 185, 187, 195, 196, 197, 199, 200, 213, 219, 220, 225, 236, 241, 252], "excluded_lines": []}, "app\\services\\imaging_service.py": {"executed_lines": [1, 6, 7, 8, 9, 10, 12, 13, 14, 16, 17, 19, 22, 23, 25, 26, 63, 64, 79, 80, 95, 96, 127, 128, 151, 152, 171, 172, 195, 196, 210, 211, 225, 226, 246, 247, 270, 271, 289, 290, 304, 305, 328, 329], "summary": {"covered_lines": 42, "num_statements": 147, "percent_covered": 28.571428571428573, "percent_covered_display": "29", "missing_lines": 105, "excluded_lines": 0}, "missing_lines": [37, 43, 44, 46, 47, 49, 50, 52, 53, 55, 56, 58, 60, 61, 70, 77, 86, 93, 109, 121, 122, 123, 124, 125, 134, 137, 139, 140, 142, 143, 144, 146, 147, 148, 149, 157, 160, 162, 163, 165, 166, 167, 168, 169, 178, 181, 183, 184, 187, 188, 190, 191, 192, 193, 202, 207, 208, 217, 223, 234, 240, 241, 242, 243, 244, 253, 256, 258, 259, 261, 262, 263, 265, 266, 267, 268, 277, 281, 282, 284, 286, 287, 296, 302, 314, 316, 322, 323, 324, 325, 326, 335, 338, 340, 341, 344, 345, 346, 348, 349, 350, 352, 353, 354, 355], "excluded_lines": []}, "app\\services\\insurance_service.py": {"executed_lines": [1, 6, 7, 8, 9, 10, 11, 12, 13, 14, 15, 16, 19, 20, 22, 26, 67, 119, 170, 186], "summary": {"covered_lines": 18, "num_statements": 52, "percent_covered": 34.61538461538461, "percent_covered_display": "35", "missing_lines": 34, "excluded_lines": 0}, "missing_lines": [23, 24, 44, 47, 53, 56, 65, 84, 86, 87, 92, 93, 99, 100, 101, 103, 106, 117, 139, 140, 142, 143, 147, 155, 156, 159, 168, 172, 175, 176, 181, 184, 192, 199], "excluded_lines": []}, "app\\services\\patient_service.py": {"executed_lines": [1, 6, 7, 8, 9, 10, 11, 12, 13, 14, 15, 16, 19, 20, 22, 26, 81, 144, 189, 221, 249], "summary": {"covered_lines": 19, "num_statements": 66, "percent_covered": 28.78787878787879, "percent_covered_display": "29", "missing_lines": 47, "excluded_lines": 0}, "missing_lines": [23, 24, 47, 48, 54, 55, 59, 60, 66, 67, 70, 79, 103, 105, 106, 112, 113, 119, 120, 122, 123, 124, 125, 126, 128, 129, 132, 133, 142, 164, 166, 167, 173, 174, 180, 187, 208, 218, 219, 240, 241, 242, 244, 245, 247, 255, 261], "excluded_lines": []}, "app\\services\\payment_processing.py": {"executed_lines": [1, 6, 7, 8, 9, 10, 11, 13, 14, 15, 17, 18, 19, 20, 21, 23, 26, 27, 29, 30, 79, 80, 119, 120, 158, 159, 190, 191, 193, 194, 201, 202, 254, 255, 312, 313, 352, 353, 355, 356, 374, 375], "summary": {"covered_lines": 38, "num_statements": 164, "percent_covered": 23.170731707317074, "percent_covered_display": "23", "missing_lines": 126, "excluded_lines": 0}, "missing_lines": [37, 38, 40, 43, 44, 45, 47, 48, 50, 52, 54, 66, 68, 75, 76, 77, 85, 87, 88, 89, 91, 92, 95, 96, 97, 98, 101, 112, 113, 115, 116, 117, 125, 127, 128, 129, 131, 132, 133, 135, 136, 137, 140, 151, 152, 154, 155, 156, 165, 166, 168, 170, 171, 172, 173, 175, 177, 179, 185, 186, 187, 196, 197, 199, 211, 214, 215, 216, 218, 219, 221, 223, 224, 227, 239, 241, 250, 251, 252, 263, 265, 267, 268, 274, 275, 278, 281, 282, 283, 286, 297, 299, 308, 309, 310, 319, 321, 323, 324, 325, 328, 329, 330, 332, 335, 339, 341, 347, 348, 349, 361, 362, 364, 365, 368, 369, 370, 371, 372, 380, 381, 383, 389, 390, 392, 393], "excluded_lines": []}, "app\\services\\payment_reconciliation.py": {"executed_lines": [1, 6, 7, 8, 10, 11, 13, 14, 16, 19, 20, 22, 23, 58, 59, 100, 101, 132, 133, 170, 171], "summary": {"covered_lines": 19, "num_statements": 79, "percent_covered": 24.050632911392405, "percent_covered_display": "24", "missing_lines": 60, "excluded_lines": 0}, "missing_lines": [28, 29, 35, 38, 39, 41, 42, 43, 44, 45, 46, 47, 48, 49, 51, 52, 54, 55, 56, 64, 66, 69, 70, 78, 79, 85, 91, 98, 106, 108, 111, 112, 121, 122, 130, 139, 168, 176, 178, 184, 187, 190, 193, 196, 201, 202, 203, 204, 205, 212, 213, 215, 216, 217, 218, 220, 222, 231, 232, 233], "excluded_lines": []}, "app\\services\\payment_service.py": {"executed_lines": [1, 6, 7, 8, 9, 11, 12, 13, 15, 16, 18, 21, 22, 24, 25, 39, 40, 50, 51, 77, 78, 98, 99, 119, 120, 161, 162], "summary": {"covered_lines": 25, "num_statements": 92, "percent_covered": 27.17391304347826, "percent_covered_display": "27", "missing_lines": 67, "excluded_lines": 0}, "missing_lines": [31, 33, 34, 36, 37, 45, 48, 62, 71, 72, 73, 74, 75, 83, 86, 88, 89, 91, 92, 93, 94, 95, 96, 105, 108, 110, 111, 113, 114, 115, 116, 117, 130, 137, 138, 140, 141, 143, 144, 147, 152, 155, 156, 157, 159, 167, 168, 169, 170, 173, 180, 181, 182, 185, 192, 193, 196, 204, 205, 208, 209, 211, 214, 220, 221, 222, 224], "excluded_lines": []}, "app\\services\\subscription_billing.py": {"executed_lines": [1, 6, 7, 8, 9, 10, 11, 13, 14, 16, 24, 25, 26, 28, 31, 32, 34, 35, 72, 73, 100, 101, 140, 141, 241, 242, 271, 272, 304, 305, 326, 327], "summary": {"covered_lines": 30, "num_statements": 137, "percent_covered": 21.8978102189781, "percent_covered_display": "22", "missing_lines": 107, "excluded_lines": 0}, "missing_lines": [42, 43, 67, 68, 69, 70, 79, 80, 95, 96, 97, 98, 108, 109, 135, 136, 137, 138, 149, 152, 159, 161, 162, 164, 165, 167, 173, 176, 177, 178, 184, 185, 186, 187, 188, 189, 190, 191, 192, 193, 194, 196, 197, 198, 199, 200, 201, 202, 205, 206, 208, 209, 210, 213, 214, 222, 223, 224, 226, 228, 230, 231, 232, 233, 235, 247, 253, 255, 256, 257, 258, 259, 260, 261, 262, 263, 264, 265, 266, 267, 269, 277, 278, 281, 287, 290, 297, 299, 300, 302, 310, 312, 318, 320, 321, 323, 324, 332, 333, 336, 337, 338, 344, 347, 348, 349, 351], "excluded_lines": []}, "app\\services\\subscription_service.py": {"executed_lines": [1, 6, 7, 8, 9, 10, 11, 13, 14, 16, 24, 25, 27, 30, 31, 33, 34, 76, 77, 89, 90, 149, 150, 164, 165, 214, 215, 241, 242, 257, 258, 279, 280, 295, 296], "summary": {"covered_lines": 33, "num_statements": 138, "percent_covered": 23.91304347826087, "percent_covered_display": "24", "missing_lines": 105, "excluded_lines": 0}, "missing_lines": [39, 41, 42, 43, 45, 46, 47, 48, 50, 51, 52, 53, 58, 60, 61, 62, 65, 66, 67, 72, 74, 84, 85, 86, 87, 104, 105, 107, 109, 110, 111, 114, 115, 116, 118, 119, 127, 130, 139, 140, 142, 143, 145, 146, 147, 156, 162, 175, 178, 179, 181, 183, 191, 192, 193, 194, 202, 203, 204, 207, 208, 209, 210, 212, 223, 229, 232, 233, 234, 235, 237, 238, 239, 248, 250, 251, 253, 254, 255, 263, 264, 266, 267, 268, 273, 274, 275, 276, 277, 282, 283, 285, 286, 290, 291, 292, 293, 298, 299, 301, 302, 306, 307, 308, 309], "excluded_lines": []}, "app\\services\\subscription_webhooks.py": {"executed_lines": [1, 6, 7, 8, 9, 11, 12, 14, 18, 20, 23, 24, 26, 27, 60, 61, 107, 108, 131, 132, 160, 161, 192, 193, 212, 213], "summary": {"covered_lines": 24, "num_statements": 118, "percent_covered": 20.338983050847457, "percent_covered_display": "20", "missing_lines": 94, "excluded_lines": 0}, "missing_lines": [32, 35, 38, 40, 42, 56, 57, 58, 66, 68, 71, 73, 74, 75, 78, 79, 87, 88, 90, 92, 93, 98, 99, 104, 105, 113, 115, 118, 120, 121, 122, 124, 125, 126, 128, 129, 137, 139, 140, 142, 145, 147, 148, 149, 151, 152, 153, 155, 156, 158, 166, 168, 169, 171, 174, 176, 177, 178, 180, 181, 184, 185, 187, 188, 190, 198, 200, 203, 205, 206, 207, 209, 210, 221, 222, 224, 225, 226, 228, 229, 231, 232, 234, 235, 237, 238, 240, 241, 244, 245, 247, 249, 250, 251], "excluded_lines": []}, "app\\services\\treatment_costing.py": {"executed_lines": [1, 6, 7, 8, 10, 11, 13, 18, 20, 23, 24, 26, 27, 49, 50, 127, 128, 188, 189, 220, 221], "summary": {"covered_lines": 19, "num_statements": 102, "percent_covered": 18.627450980392158, "percent_covered_display": "19", "missing_lines": 83, "excluded_lines": 0}, "missing_lines": [32, 37, 39, 40, 41, 43, 56, 61, 63, 64, 71, 72, 73, 74, 77, 83, 84, 85, 88, 89, 90, 91, 92, 93, 95, 97, 98, 100, 101, 102, 104, 113, 134, 139, 141, 142, 148, 150, 151, 156, 158, 160, 161, 162, 163, 164, 165, 166, 167, 169, 171, 173, 175, 182, 194, 199, 202, 203, 204, 207, 209, 210, 212, 213, 214, 216, 217, 218, 226, 231, 233, 235, 236, 238, 239, 246, 247, 248, 249, 251, 252, 253, 255], "excluded_lines": []}, "app\\services\\treatment_planning.py": {"executed_lines": [1, 6, 7, 8, 9, 11, 12, 14, 21, 24, 25, 27, 28, 44, 45, 55, 56, 79, 80, 94, 95, 123, 124, 138, 139, 159, 160], "summary": {"covered_lines": 25, "num_statements": 83, "percent_covered": 30.120481927710845, "percent_covered_display": "30", "missing_lines": 58, "excluded_lines": 0}, "missing_lines": [34, 38, 39, 40, 41, 42, 50, 53, 62, 65, 67, 68, 70, 71, 72, 74, 75, 76, 77, 85, 91, 92, 100, 102, 103, 106, 111, 113, 114, 115, 118, 119, 120, 121, 129, 135, 136, 144, 146, 147, 149, 151, 152, 155, 157, 165, 167, 168, 171, 176, 178, 179, 182, 183, 188, 190, 191, 193], "excluded_lines": []}, "app\\services\\treatment_service.py": {"executed_lines": [1, 6, 7, 8, 9, 11, 12, 13, 15, 21, 22, 24, 27, 28, 30, 31, 51, 52, 66, 67, 98, 99, 138, 139, 157, 158], "summary": {"covered_lines": 24, "num_statements": 83, "percent_covered": 28.91566265060241, "percent_covered_display": "29", "missing_lines": 59, "excluded_lines": 0}, "missing_lines": [39, 45, 46, 47, 48, 49, 58, 60, 61, 63, 64, 73, 76, 78, 79, 82, 83, 84, 85, 86, 87, 89, 90, 91, 93, 94, 95, 96, 109, 118, 119, 121, 122, 124, 125, 127, 128, 130, 131, 133, 135, 136, 144, 147, 149, 150, 152, 153, 154, 155, 163, 165, 166, 169, 174, 176, 177, 178, 180], "excluded_lines": []}, "app\\utils\\storage.py": {"executed_lines": [1, 6, 7, 8, 9, 10, 11, 12, 14, 16, 17, 20, 23, 26, 27, 28, 29, 31, 38, 43, 52, 53, 62, 76, 89, 98, 99, 101, 103], "summary": {"covered_lines": 28, "num_statements": 62, "percent_covered": 45.16129032258065, "percent_covered_display": "45", "missing_lines": 34, "excluded_lines": 3}, "missing_lines": [32, 33, 34, 35, 36, 41, 44, 45, 46, 47, 48, 49, 50, 54, 60, 63, 64, 71, 72, 73, 74, 77, 79, 84, 85, 86, 87, 90, 91, 92, 93, 94, 95, 100], "excluded_lines": [18, 21, 24]}}, "totals": {"covered_lines": 6271, "num_statements": 11765, "percent_covered": 53.30216744581386, "percent_covered_display": "53", "missing_lines": 5494, "excluded_lines": 3}}